<?xml version="1.0" encoding="UTF-8"?>
<coverage generated="1464542755424" clover="3.2.0">
	<project timestamp="1464542755424"  name="All Files" >
		<metrics statements="251"  coveredstatements="248"  conditionals="358"  coveredconditionals="247"  methods="110"  coveredmethods="107"  elements="719"  coveredelements="602"  complexity="0"  packages="6"  files="18"  classes="18"  loc="573"  ncloc="573" />
		<package name="es6" >
			<metrics statements="10"  coveredstatements="10"  conditionals="0"  coveredconditionals="0"  methods="0"  coveredmethods="0" />
			<file name="constants.js"  path="/Users/suhail/Sites/rockpaper.dev/es6/constants.js" >
				<metrics statements="10"  coveredstatements="10"  conditionals="0"  coveredconditionals="0"  methods="0"  coveredmethods="0" />
				<line num="1"  count="7"  type="stmt" />
				<line num="4"  count="7"  type="stmt" />
				<line num="8"  count="7"  type="stmt" />
				<line num="12"  count="7"  type="stmt" />
				<line num="16"  count="7"  type="stmt" />
				<line num="20"  count="7"  type="stmt" />
				<line num="24"  count="7"  type="stmt" />
				<line num="28"  count="7"  type="stmt" />
				<line num="36"  count="7"  type="stmt" />
				<line num="45"  count="7"  type="stmt" />
			</file>
		</package>
		<package name="es6.controllers.App" >
			<metrics statements="17"  coveredstatements="17"  conditionals="3"  coveredconditionals="3"  methods="2"  coveredmethods="2" />
			<file name="Actions.js"  path="/Users/suhail/Sites/rockpaper.dev/es6/controllers/App/Actions.js" >
				<metrics statements="5"  coveredstatements="5"  conditionals="0"  coveredconditionals="0"  methods="1"  coveredmethods="1" />
				<line num="1"  count="1"  type="stmt" />
				<line num="2"  count="1"  type="stmt" />
				<line num="6"  count="1"  type="stmt" />
				<line num="13"  count="1"  type="stmt" />
				<line num="19"  count="2"  type="stmt" />
			</file>
			<file name="Reducer.js"  path="/Users/suhail/Sites/rockpaper.dev/es6/controllers/App/Reducer.js" >
				<metrics statements="9"  coveredstatements="9"  conditionals="3"  coveredconditionals="3"  methods="1"  coveredmethods="1" />
				<line num="1"  count="1"  type="stmt" />
				<line num="3"  count="1"  type="stmt" />
				<line num="4"  count="3"  type="stmt" />
				<line num="5"  count="3"  type="stmt" />
				<line num="6"  count="3"  type="cond"  truecount="2"  falsecount="0" />
				<line num="7"  count="2"  type="cond"  truecount="1"  falsecount="0" />
				<line num="9"  count="2"  type="stmt" />
				<line num="10"  count="2"  type="stmt" />
				<line num="13"  count="3"  type="stmt" />
			</file>
			<file name="StateAndProps.js"  path="/Users/suhail/Sites/rockpaper.dev/es6/controllers/App/StateAndProps.js" >
				<metrics statements="3"  coveredstatements="3"  conditionals="0"  coveredconditionals="0"  methods="0"  coveredmethods="0" />
				<line num="1"  count="1"  type="stmt" />
				<line num="4"  count="1"  type="stmt" />
				<line num="5"  count="1"  type="stmt" />
			</file>
		</package>
		<package name="es6.controllers.GamePlay" >
			<metrics statements="133"  coveredstatements="130"  conditionals="142"  coveredconditionals="118"  methods="35"  coveredmethods="34" />
			<file name="Actions.js"  path="/Users/suhail/Sites/rockpaper.dev/es6/controllers/GamePlay/Actions.js" >
				<metrics statements="4"  coveredstatements="4"  conditionals="0"  coveredconditionals="0"  methods="1"  coveredmethods="1" />
				<line num="1"  count="4"  type="stmt" />
				<line num="2"  count="4"  type="stmt" />
				<line num="9"  count="4"  type="stmt" />
				<line num="15"  count="13"  type="stmt" />
			</file>
			<file name="GamePlay.js"  path="/Users/suhail/Sites/rockpaper.dev/es6/controllers/GamePlay/GamePlay.js" >
				<metrics statements="64"  coveredstatements="61"  conditionals="81"  coveredconditionals="58"  methods="25"  coveredmethods="24" />
				<line num="1"  count="11"  type="cond"  truecount="8"  falsecount="10" />
				<line num="2"  count="1"  type="stmt" />
				<line num="3"  count="1"  type="stmt" />
				<line num="4"  count="1"  type="stmt" />
				<line num="5"  count="1"  type="stmt" />
				<line num="6"  count="1"  type="stmt" />
				<line num="7"  count="1"  type="stmt" />
				<line num="8"  count="1"  type="stmt" />
				<line num="9"  count="1"  type="stmt" />
				<line num="10"  count="1"  type="stmt" />
				<line num="11"  count="1"  type="stmt" />
				<line num="12"  count="32"  type="cond"  truecount="15"  falsecount="12" />
				<line num="13"  count="1"  type="stmt" />
				<line num="19"  count="3"  type="stmt" />
				<line num="22"  count="3"  type="stmt" />
				<line num="25"  count="3"  type="stmt" />
				<line num="26"  count="3"  type="stmt" />
				<line num="27"  count="3"  type="stmt" />
				<line num="28"  count="3"  type="stmt" />
				<line num="34"  count="1"  type="stmt" />
				<line num="36"  count="3"  type="stmt" />
				<line num="38"  count="3"  type="stmt" />
				<line num="40"  count="3"  type="stmt" />
				<line num="50"  count="15"  type="cond"  truecount="6"  falsecount="0" />
				<line num="62"  count="0"  type="stmt" />
				<line num="63"  count="0"  type="stmt" />
				<line num="70"  count="5"  type="stmt" />
				<line num="71"  count="5"  type="stmt" />
				<line num="77"  count="5"  type="stmt" />
				<line num="83"  count="1"  type="stmt" />
				<line num="89"  count="9"  type="stmt" />
				<line num="91"  count="9"  type="stmt" />
				<line num="94"  count="9"  type="cond"  truecount="1"  falsecount="1" />
				<line num="95"  count="0"  type="stmt" />
				<line num="97"  count="9"  type="cond"  truecount="2"  falsecount="0" />
				<line num="98"  count="6"  type="stmt" />
				<line num="99"  count="2"  type="stmt" />
				<line num="100"  count="2"  type="stmt" />
				<line num="101"  count="2"  type="stmt" />
				<line num="102"  count="2"  type="cond"  truecount="2"  falsecount="0" />
				<line num="103"  count="1"  type="stmt" />
				<line num="108"  count="3"  type="stmt" />
				<line num="109"  count="2"  type="stmt" />
				<line num="110"  count="2"  type="stmt" />
				<line num="111"  count="2"  type="stmt" />
				<line num="112"  count="2"  type="cond"  truecount="2"  falsecount="0" />
				<line num="113"  count="1"  type="stmt" />
				<line num="115"  count="2"  type="stmt" />
				<line num="116"  count="2"  type="stmt" />
				<line num="117"  count="2"  type="stmt" />
				<line num="118"  count="2"  type="cond"  truecount="2"  falsecount="0" />
				<line num="119"  count="1"  type="stmt" />
				<line num="122"  count="3"  type="stmt" />
				<line num="123"  count="2"  type="stmt" />
				<line num="131"  count="6"  type="stmt" />
				<line num="132"  count="6"  type="stmt" />
				<line num="141"  count="15"  type="cond"  truecount="4"  falsecount="0" />
				<line num="142"  count="9"  type="stmt" />
				<line num="145"  count="6"  type="stmt" />
				<line num="152"  count="1"  type="stmt" />
				<line num="157"  count="18"  type="stmt" />
				<line num="158"  count="18"  type="cond"  truecount="8"  falsecount="0" />
				<line num="159"  count="54"  type="stmt" />
				<line num="161"  count="18"  type="cond"  truecount="8"  falsecount="0" />
			</file>
			<file name="GameResults.js"  path="/Users/suhail/Sites/rockpaper.dev/es6/controllers/GamePlay/GameResults.js" >
				<metrics statements="17"  coveredstatements="17"  conditionals="38"  coveredconditionals="37"  methods="3"  coveredmethods="3" />
				<line num="1"  count="2"  type="stmt" />
				<line num="2"  count="2"  type="stmt" />
				<line num="20"  count="2"  type="stmt" />
				<line num="28"  count="39"  type="cond"  truecount="22"  falsecount="0" />
				<line num="29"  count="23"  type="stmt" />
				<line num="30"  count="23"  type="cond"  truecount="6"  falsecount="0" />
				<line num="31"  count="16"  type="cond"  truecount="2"  falsecount="0" />
				<line num="32"  count="6"  type="cond"  truecount="2"  falsecount="0" />
				<line num="33"  count="3"  type="stmt" />
				<line num="36"  count="3"  type="stmt" />
				<line num="39"  count="10"  type="cond"  truecount="2"  falsecount="0" />
				<line num="40"  count="5"  type="stmt" />
				<line num="42"  count="5"  type="cond"  truecount="1"  falsecount="1" />
				<line num="43"  count="5"  type="cond"  truecount="2"  falsecount="0" />
				<line num="44"  count="4"  type="stmt" />
				<line num="47"  count="1"  type="stmt" />
				<line num="51"  count="23"  type="stmt" />
			</file>
			<file name="Reducer.js"  path="/Users/suhail/Sites/rockpaper.dev/es6/controllers/GamePlay/Reducer.js" >
				<metrics statements="44"  coveredstatements="44"  conditionals="23"  coveredconditionals="23"  methods="6"  coveredmethods="6" />
				<line num="1"  count="2"  type="stmt" />
				<line num="5"  count="2"  type="stmt" />
				<line num="6"  count="34"  type="stmt" />
				<line num="7"  count="34"  type="stmt" />
				<line num="8"  count="34"  type="cond"  truecount="4"  falsecount="0" />
				<line num="10"  count="33"  type="cond"  truecount="5"  falsecount="0" />
				<line num="12"  count="2"  type="stmt" />
				<line num="13"  count="2"  type="stmt" />
				<line num="14"  count="2"  type="stmt" />
				<line num="15"  count="2"  type="stmt" />
				<line num="16"  count="2"  type="stmt" />
				<line num="17"  count="2"  type="stmt" />
				<line num="18"  count="2"  type="stmt" />
				<line num="23"  count="2"  type="stmt" />
				<line num="25"  count="7"  type="stmt" />
				<line num="26"  count="7"  type="cond"  truecount="4"  falsecount="0" />
				<line num="27"  count="7"  type="stmt" />
				<line num="34"  count="7"  type="stmt" />
				<line num="36"  count="13"  type="stmt" />
				<line num="37"  count="13"  type="stmt" />
				<line num="38"  count="13"  type="stmt" />
				<line num="39"  count="13"  type="cond"  truecount="2"  falsecount="0" />
				<line num="40"  count="3"  type="stmt" />
				<line num="41"  count="3"  type="stmt" />
				<line num="43"  count="10"  type="cond"  truecount="2"  falsecount="0" />
				<line num="44"  count="6"  type="stmt" />
				<line num="45"  count="6"  type="stmt" />
				<line num="47"  count="13"  type="cond"  truecount="2"  falsecount="0" />
				<line num="48"  count="7"  type="stmt" />
				<line num="50"  count="6"  type="cond"  truecount="2"  falsecount="0" />
				<line num="51"  count="3"  type="stmt" />
				<line num="53"  count="13"  type="cond"  truecount="2"  falsecount="0" />
				<line num="54"  count="2"  type="stmt" />
				<line num="57"  count="11"  type="stmt" />
				<line num="59"  count="13"  type="stmt" />
				<line num="63"  count="13"  type="stmt" />
				<line num="65"  count="9"  type="stmt" />
				<line num="66"  count="9"  type="stmt" />
				<line num="67"  count="9"  type="stmt" />
				<line num="71"  count="9"  type="stmt" />
				<line num="85"  count="2"  type="stmt" />
				<line num="86"  count="2"  type="stmt" />
				<line num="91"  count="2"  type="stmt" />
				<line num="94"  count="34"  type="stmt" />
			</file>
			<file name="StateAndProps.js"  path="/Users/suhail/Sites/rockpaper.dev/es6/controllers/GamePlay/StateAndProps.js" >
				<metrics statements="4"  coveredstatements="4"  conditionals="0"  coveredconditionals="0"  methods="0"  coveredmethods="0" />
				<line num="1"  count="3"  type="stmt" />
				<line num="4"  count="3"  type="stmt" />
				<line num="5"  count="3"  type="stmt" />
				<line num="8"  count="3"  type="stmt" />
			</file>
		</package>
		<package name="es6.controllers.SplashScreen" >
			<metrics statements="39"  coveredstatements="39"  conditionals="51"  coveredconditionals="29"  methods="16"  coveredmethods="16" />
			<file name="Actions.js"  path="/Users/suhail/Sites/rockpaper.dev/es6/controllers/SplashScreen/Actions.js" >
				<metrics statements="5"  coveredstatements="5"  conditionals="0"  coveredconditionals="0"  methods="1"  coveredmethods="1" />
				<line num="1"  count="4"  type="stmt" />
				<line num="2"  count="4"  type="stmt" />
				<line num="6"  count="4"  type="stmt" />
				<line num="12"  count="4"  type="stmt" />
				<line num="14"  count="9"  type="stmt" />
			</file>
			<file name="Reducer.js"  path="/Users/suhail/Sites/rockpaper.dev/es6/controllers/SplashScreen/Reducer.js" >
				<metrics statements="11"  coveredstatements="11"  conditionals="6"  coveredconditionals="6"  methods="1"  coveredmethods="1" />
				<line num="1"  count="2"  type="stmt" />
				<line num="4"  count="2"  type="stmt" />
				<line num="5"  count="4"  type="stmt" />
				<line num="6"  count="4"  type="stmt" />
				<line num="7"  count="4"  type="cond"  truecount="4"  falsecount="0" />
				<line num="9"  count="3"  type="cond"  truecount="2"  falsecount="0" />
				<line num="11"  count="2"  type="stmt" />
				<line num="12"  count="2"  type="stmt" />
				<line num="14"  count="1"  type="stmt" />
				<line num="15"  count="1"  type="stmt" />
				<line num="18"  count="4"  type="stmt" />
			</file>
			<file name="SplashScreen.js"  path="/Users/suhail/Sites/rockpaper.dev/es6/controllers/SplashScreen/SplashScreen.js" >
				<metrics statements="20"  coveredstatements="20"  conditionals="45"  coveredconditionals="23"  methods="14"  coveredmethods="14" />
				<line num="1"  count="4"  type="cond"  truecount="8"  falsecount="10" />
				<line num="2"  count="1"  type="stmt" />
				<line num="3"  count="1"  type="stmt" />
				<line num="4"  count="1"  type="stmt" />
				<line num="5"  count="1"  type="stmt" />
				<line num="6"  count="1"  type="stmt" />
				<line num="7"  count="1"  type="stmt" />
				<line num="8"  count="1"  type="stmt" />
				<line num="9"  count="1"  type="stmt" />
				<line num="10"  count="26"  type="cond"  truecount="15"  falsecount="12" />
				<line num="11"  count="1"  type="stmt" />
				<line num="12"  count="1"  type="stmt" />
				<line num="14"  count="1"  type="stmt" />
				<line num="16"  count="1"  type="stmt" />
				<line num="19"  count="1"  type="stmt" />
				<line num="22"  count="1"  type="stmt" />
				<line num="23"  count="1"  type="stmt" />
				<line num="24"  count="1"  type="stmt" />
				<line num="27"  count="1"  type="stmt" />
				<line num="30"  count="2"  type="stmt" />
			</file>
			<file name="StateAndProps.js"  path="/Users/suhail/Sites/rockpaper.dev/es6/controllers/SplashScreen/StateAndProps.js" >
				<metrics statements="3"  coveredstatements="3"  conditionals="0"  coveredconditionals="0"  methods="0"  coveredmethods="0" />
				<line num="1"  count="2"  type="stmt" />
				<line num="4"  count="2"  type="stmt" />
				<line num="5"  count="2"  type="stmt" />
			</file>
		</package>
		<package name="es6.services" >
			<metrics statements="25"  coveredstatements="25"  conditionals="33"  coveredconditionals="17"  methods="22"  coveredmethods="20" />
			<file name="GameController.js"  path="/Users/suhail/Sites/rockpaper.dev/es6/services/GameController.js" >
				<metrics statements="25"  coveredstatements="25"  conditionals="33"  coveredconditionals="17"  methods="22"  coveredmethods="20" />
				<line num="1"  count="57"  type="cond"  truecount="15"  falsecount="12" />
				<line num="3"  count="29"  type="stmt" />
				<line num="4"  count="29"  type="stmt" />
				<line num="5"  count="29"  type="stmt" />
				<line num="6"  count="29"  type="stmt" />
				<line num="7"  count="29"  type="stmt" />
				<line num="10"  count="135"  type="stmt" />
				<line num="13"  count="17"  type="stmt" />
				<line num="16"  count="35"  type="stmt" />
				<line num="19"  count="68"  type="stmt" />
				<line num="22"  count="1"  type="stmt" />
				<line num="25"  count="10"  type="stmt" />
				<line num="28"  count="4"  type="stmt" />
				<line num="29"  count="15"  type="stmt" />
				<line num="30"  count="4"  type="stmt" />
				<line num="33"  count="24"  type="stmt" />
				<line num="34"  count="24"  type="stmt" />
				<line num="37"  count="4"  type="cond"  truecount="0"  falsecount="2" />
				<line num="40"  count="4"  type="stmt" />
				<line num="41"  count="13"  type="stmt" />
				<line num="42"  count="4"  type="stmt" />
				<line num="45"  count="2"  type="cond"  truecount="2"  falsecount="0" />
				<line num="46"  count="1"  type="stmt" />
				<line num="48"  count="1"  type="stmt" />
				<line num="51"  count="4"  type="cond"  truecount="0"  falsecount="2" />
			</file>
		</package>
		<package name="es6.ui" >
			<metrics statements="27"  coveredstatements="27"  conditionals="129"  coveredconditionals="80"  methods="35"  coveredmethods="35" />
			<file name="Button.js"  path="/Users/suhail/Sites/rockpaper.dev/es6/ui/Button.js" >
				<metrics statements="10"  coveredstatements="10"  conditionals="43"  coveredconditionals="28"  methods="12"  coveredmethods="12" />
				<line num="1"  count="36"  type="cond"  truecount="20"  falsecount="15" />
				<line num="2"  count="3"  type="stmt" />
				<line num="3"  count="26"  type="stmt" />
				<line num="5"  count="26"  type="stmt" />
				<line num="6"  count="26"  type="stmt" />
				<line num="9"  count="11"  type="stmt" />
				<line num="12"  count="77"  type="cond"  truecount="2"  falsecount="0" />
				<line num="16"  count="26"  type="cond"  truecount="2"  falsecount="0" />
				<line num="17"  count="26"  type="cond"  truecount="4"  falsecount="0" />
				<line num="18"  count="26"  type="stmt" />
			</file>
			<file name="Dialog.js"  path="/Users/suhail/Sites/rockpaper.dev/es6/ui/Dialog.js" >
				<metrics statements="7"  coveredstatements="7"  conditionals="37"  coveredconditionals="22"  methods="10"  coveredmethods="10" />
				<line num="1"  count="2"  type="cond"  truecount="5"  falsecount="3" />
				<line num="2"  count="24"  type="cond"  truecount="15"  falsecount="12" />
				<line num="3"  count="2"  type="stmt" />
				<line num="4"  count="7"  type="stmt" />
				<line num="6"  count="7"  type="stmt" />
				<line num="9"  count="37"  type="cond"  truecount="2"  falsecount="0" />
				<line num="10"  count="37"  type="stmt" />
			</file>
			<file name="IconButton.js"  path="/Users/suhail/Sites/rockpaper.dev/es6/ui/IconButton.js" >
				<metrics statements="3"  coveredstatements="3"  conditionals="10"  coveredconditionals="6"  methods="2"  coveredmethods="2" />
				<line num="1"  count="4"  type="stmt" />
				<line num="2"  count="48"  type="cond"  truecount="5"  falsecount="3" />
				<line num="3"  count="41"  type="cond"  truecount="1"  falsecount="1" />
			</file>
			<file name="Logo.js"  path="/Users/suhail/Sites/rockpaper.dev/es6/ui/Logo.js" >
				<metrics statements="7"  coveredstatements="7"  conditionals="39"  coveredconditionals="24"  methods="11"  coveredmethods="11" />
				<line num="1"  count="36"  type="cond"  truecount="20"  falsecount="15" />
				<line num="2"  count="3"  type="stmt" />
				<line num="3"  count="7"  type="stmt" />
				<line num="5"  count="7"  type="stmt" />
				<line num="8"  count="16"  type="cond"  truecount="2"  falsecount="0" />
				<line num="12"  count="7"  type="cond"  truecount="2"  falsecount="0" />
				<line num="13"  count="7"  type="stmt" />
			</file>
		</package>
	</project>
</coverage>
