<?xml version="1.0" encoding="UTF-8"?>
<coverage generated="1464554058573" clover="3.2.0">
	<project timestamp="1464554058573"  name="All Files" >
		<metrics statements="242"  coveredstatements="237"  conditionals="364"  coveredconditionals="249"  methods="110"  coveredmethods="107"  elements="716"  coveredelements="593"  complexity="0"  packages="6"  files="18"  classes="18"  loc="655"  ncloc="655" />
		<package name="es6" >
			<metrics statements="10"  coveredstatements="10"  conditionals="0"  coveredconditionals="0"  methods="0"  coveredmethods="0" />
			<file name="constants.js"  path="/Users/suhail/Sites/rockpaper.dev/es6/constants.js" >
				<metrics statements="10"  coveredstatements="10"  conditionals="0"  coveredconditionals="0"  methods="0"  coveredmethods="0" />
				<line num="1"  count="7"  type="stmt" />
				<line num="4"  count="7"  type="stmt" />
				<line num="8"  count="7"  type="stmt" />
				<line num="12"  count="7"  type="stmt" />
				<line num="16"  count="7"  type="stmt" />
				<line num="20"  count="7"  type="stmt" />
				<line num="24"  count="7"  type="stmt" />
				<line num="28"  count="7"  type="stmt" />
				<line num="36"  count="7"  type="stmt" />
				<line num="45"  count="7"  type="stmt" />
			</file>
		</package>
		<package name="es6.controllers.App" >
			<metrics statements="13"  coveredstatements="13"  conditionals="3"  coveredconditionals="3"  methods="2"  coveredmethods="2" />
			<file name="Actions.js"  path="/Users/suhail/Sites/rockpaper.dev/es6/controllers/App/Actions.js" >
				<metrics statements="5"  coveredstatements="5"  conditionals="0"  coveredconditionals="0"  methods="1"  coveredmethods="1" />
				<line num="1"  count="1"  type="stmt" />
				<line num="2"  count="1"  type="stmt" />
				<line num="6"  count="1"  type="stmt" />
				<line num="19"  count="1"  type="stmt" />
				<line num="30"  count="2"  type="stmt" />
			</file>
			<file name="Reducer.js"  path="/Users/suhail/Sites/rockpaper.dev/es6/controllers/App/Reducer.js" >
				<metrics statements="5"  coveredstatements="5"  conditionals="3"  coveredconditionals="3"  methods="1"  coveredmethods="1" />
				<line num="1"  count="1"  type="stmt" />
				<line num="10"  count="1"  type="stmt" />
				<line num="16"  count="3"  type="cond"  truecount="3"  falsecount="0" />
				<line num="17"  count="2"  type="stmt" />
				<line num="20"  count="3"  type="stmt" />
			</file>
			<file name="StateAndProps.js"  path="/Users/suhail/Sites/rockpaper.dev/es6/controllers/App/StateAndProps.js" >
				<metrics statements="3"  coveredstatements="3"  conditionals="0"  coveredconditionals="0"  methods="0"  coveredmethods="0" />
				<line num="1"  count="1"  type="stmt" />
				<line num="4"  count="1"  type="stmt" />
				<line num="5"  count="1"  type="stmt" />
			</file>
		</package>
		<package name="es6.controllers.GamePlay" >
			<metrics statements="129"  coveredstatements="124"  conditionals="148"  coveredconditionals="120"  methods="35"  coveredmethods="34" />
			<file name="Actions.js"  path="/Users/suhail/Sites/rockpaper.dev/es6/controllers/GamePlay/Actions.js" >
				<metrics statements="4"  coveredstatements="4"  conditionals="0"  coveredconditionals="0"  methods="1"  coveredmethods="1" />
				<line num="1"  count="4"  type="stmt" />
				<line num="5"  count="4"  type="stmt" />
				<line num="14"  count="4"  type="stmt" />
				<line num="20"  count="14"  type="stmt" />
			</file>
			<file name="GamePlay.js"  path="/Users/suhail/Sites/rockpaper.dev/es6/controllers/GamePlay/GamePlay.js" >
				<metrics statements="70"  coveredstatements="65"  conditionals="87"  coveredconditionals="60"  methods="25"  coveredmethods="24" />
				<line num="1"  count="11"  type="cond"  truecount="8"  falsecount="10" />
				<line num="2"  count="1"  type="stmt" />
				<line num="3"  count="1"  type="stmt" />
				<line num="4"  count="1"  type="stmt" />
				<line num="5"  count="1"  type="stmt" />
				<line num="6"  count="1"  type="stmt" />
				<line num="7"  count="1"  type="stmt" />
				<line num="8"  count="1"  type="stmt" />
				<line num="9"  count="1"  type="stmt" />
				<line num="10"  count="1"  type="stmt" />
				<line num="11"  count="1"  type="stmt" />
				<line num="12"  count="1"  type="stmt" />
				<line num="13"  count="32"  type="cond"  truecount="15"  falsecount="12" />
				<line num="14"  count="1"  type="stmt" />
				<line num="20"  count="4"  type="stmt" />
				<line num="23"  count="4"  type="stmt" />
				<line num="26"  count="4"  type="stmt" />
				<line num="27"  count="4"  type="stmt" />
				<line num="28"  count="4"  type="stmt" />
				<line num="29"  count="4"  type="stmt" />
				<line num="35"  count="1"  type="stmt" />
				<line num="37"  count="4"  type="stmt" />
				<line num="39"  count="4"  type="stmt" />
				<line num="41"  count="4"  type="stmt" />
				<line num="51"  count="20"  type="cond"  truecount="6"  falsecount="0" />
				<line num="63"  count="0"  type="stmt" />
				<line num="64"  count="0"  type="stmt" />
				<line num="71"  count="6"  type="stmt" />
				<line num="72"  count="6"  type="stmt" />
				<line num="78"  count="6"  type="stmt" />
				<line num="84"  count="2"  type="cond"  truecount="1"  falsecount="1" />
				<line num="85"  count="2"  type="stmt" />
				<line num="86"  count="2"  type="stmt" />
				<line num="93"  count="12"  type="stmt" />
				<line num="95"  count="12"  type="stmt" />
				<line num="98"  count="12"  type="cond"  truecount="1"  falsecount="1" />
				<line num="99"  count="0"  type="stmt" />
				<line num="101"  count="12"  type="cond"  truecount="2"  falsecount="0" />
				<line num="102"  count="9"  type="stmt" />
				<line num="103"  count="3"  type="stmt" />
				<line num="104"  count="3"  type="stmt" />
				<line num="105"  count="3"  type="stmt" />
				<line num="106"  count="3"  type="cond"  truecount="1"  falsecount="1" />
				<line num="107"  count="0"  type="stmt" />
				<line num="112"  count="3"  type="stmt" />
				<line num="113"  count="2"  type="stmt" />
				<line num="114"  count="2"  type="stmt" />
				<line num="115"  count="2"  type="stmt" />
				<line num="116"  count="2"  type="cond"  truecount="1"  falsecount="1" />
				<line num="117"  count="0"  type="stmt" />
				<line num="119"  count="2"  type="stmt" />
				<line num="120"  count="2"  type="stmt" />
				<line num="121"  count="2"  type="stmt" />
				<line num="122"  count="2"  type="cond"  truecount="2"  falsecount="0" />
				<line num="123"  count="1"  type="stmt" />
				<line num="126"  count="3"  type="stmt" />
				<line num="127"  count="2"  type="cond"  truecount="1"  falsecount="1" />
				<line num="128"  count="2"  type="stmt" />
				<line num="137"  count="18"  type="stmt" />
				<line num="138"  count="18"  type="stmt" />
				<line num="139"  count="18"  type="stmt" />
				<line num="148"  count="20"  type="cond"  truecount="6"  falsecount="0" />
				<line num="150"  count="12"  type="stmt" />
				<line num="153"  count="8"  type="stmt" />
				<line num="160"  count="2"  type="stmt" />
				<line num="161"  count="2"  type="stmt" />
				<line num="166"  count="24"  type="stmt" />
				<line num="167"  count="24"  type="cond"  truecount="8"  falsecount="0" />
				<line num="168"  count="72"  type="stmt" />
				<line num="170"  count="24"  type="cond"  truecount="8"  falsecount="0" />
			</file>
			<file name="GameResults.js"  path="/Users/suhail/Sites/rockpaper.dev/es6/controllers/GamePlay/GameResults.js" >
				<metrics statements="8"  coveredstatements="8"  conditionals="38"  coveredconditionals="37"  methods="3"  coveredmethods="3" />
				<line num="1"  count="2"  type="stmt" />
				<line num="10"  count="2"  type="stmt" />
				<line num="36"  count="2"  type="stmt" />
				<line num="52"  count="2"  type="stmt" />
				<line num="59"  count="27"  type="cond"  truecount="16"  falsecount="0" />
				<line num="66"  count="51"  type="cond"  truecount="6"  falsecount="0" />
				<line num="73"  count="29"  type="cond"  truecount="15"  falsecount="1" />
				<line num="75"  count="29"  type="stmt" />
			</file>
			<file name="Reducer.js"  path="/Users/suhail/Sites/rockpaper.dev/es6/controllers/GamePlay/Reducer.js" >
				<metrics statements="43"  coveredstatements="43"  conditionals="23"  coveredconditionals="23"  methods="6"  coveredmethods="6" />
				<line num="1"  count="2"  type="stmt" />
				<line num="12"  count="2"  type="stmt" />
				<line num="18"  count="2"  type="stmt" />
				<line num="19"  count="39"  type="stmt" />
				<line num="21"  count="39"  type="cond"  truecount="9"  falsecount="0" />
				<line num="22"  count="3"  type="stmt" />
				<line num="23"  count="3"  type="stmt" />
				<line num="24"  count="3"  type="stmt" />
				<line num="25"  count="3"  type="stmt" />
				<line num="26"  count="3"  type="stmt" />
				<line num="27"  count="3"  type="stmt" />
				<line num="28"  count="3"  type="stmt" />
				<line num="33"  count="3"  type="stmt" />
				<line num="35"  count="8"  type="stmt" />
				<line num="36"  count="8"  type="cond"  truecount="4"  falsecount="0" />
				<line num="37"  count="8"  type="stmt" />
				<line num="44"  count="8"  type="stmt" />
				<line num="46"  count="14"  type="stmt" />
				<line num="47"  count="14"  type="stmt" />
				<line num="48"  count="14"  type="stmt" />
				<line num="49"  count="14"  type="cond"  truecount="2"  falsecount="0" />
				<line num="50"  count="4"  type="stmt" />
				<line num="51"  count="4"  type="stmt" />
				<line num="53"  count="10"  type="cond"  truecount="2"  falsecount="0" />
				<line num="54"  count="3"  type="stmt" />
				<line num="55"  count="3"  type="stmt" />
				<line num="57"  count="14"  type="cond"  truecount="2"  falsecount="0" />
				<line num="58"  count="4"  type="stmt" />
				<line num="60"  count="10"  type="cond"  truecount="2"  falsecount="0" />
				<line num="61"  count="5"  type="stmt" />
				<line num="63"  count="14"  type="cond"  truecount="2"  falsecount="0" />
				<line num="64"  count="2"  type="stmt" />
				<line num="67"  count="12"  type="stmt" />
				<line num="69"  count="14"  type="stmt" />
				<line num="73"  count="14"  type="stmt" />
				<line num="75"  count="10"  type="stmt" />
				<line num="76"  count="10"  type="stmt" />
				<line num="77"  count="10"  type="stmt" />
				<line num="81"  count="10"  type="stmt" />
				<line num="83"  count="3"  type="stmt" />
				<line num="84"  count="3"  type="stmt" />
				<line num="89"  count="3"  type="stmt" />
				<line num="92"  count="39"  type="stmt" />
			</file>
			<file name="StateAndProps.js"  path="/Users/suhail/Sites/rockpaper.dev/es6/controllers/GamePlay/StateAndProps.js" >
				<metrics statements="4"  coveredstatements="4"  conditionals="0"  coveredconditionals="0"  methods="0"  coveredmethods="0" />
				<line num="1"  count="3"  type="stmt" />
				<line num="4"  count="3"  type="stmt" />
				<line num="5"  count="3"  type="stmt" />
				<line num="8"  count="3"  type="stmt" />
			</file>
		</package>
		<package name="es6.controllers.SplashScreen" >
			<metrics statements="38"  coveredstatements="38"  conditionals="51"  coveredconditionals="29"  methods="16"  coveredmethods="16" />
			<file name="Actions.js"  path="/Users/suhail/Sites/rockpaper.dev/es6/controllers/SplashScreen/Actions.js" >
				<metrics statements="5"  coveredstatements="5"  conditionals="0"  coveredconditionals="0"  methods="1"  coveredmethods="1" />
				<line num="1"  count="4"  type="stmt" />
				<line num="2"  count="4"  type="stmt" />
				<line num="6"  count="4"  type="stmt" />
				<line num="12"  count="4"  type="stmt" />
				<line num="14"  count="10"  type="stmt" />
			</file>
			<file name="Reducer.js"  path="/Users/suhail/Sites/rockpaper.dev/es6/controllers/SplashScreen/Reducer.js" >
				<metrics statements="8"  coveredstatements="8"  conditionals="6"  coveredconditionals="6"  methods="1"  coveredmethods="1" />
				<line num="1"  count="2"  type="stmt" />
				<line num="11"  count="2"  type="stmt" />
				<line num="17"  count="4"  type="cond"  truecount="6"  falsecount="0" />
				<line num="18"  count="2"  type="stmt" />
				<line num="19"  count="2"  type="stmt" />
				<line num="21"  count="1"  type="stmt" />
				<line num="22"  count="1"  type="stmt" />
				<line num="25"  count="4"  type="stmt" />
			</file>
			<file name="SplashScreen.js"  path="/Users/suhail/Sites/rockpaper.dev/es6/controllers/SplashScreen/SplashScreen.js" >
				<metrics statements="22"  coveredstatements="22"  conditionals="45"  coveredconditionals="23"  methods="14"  coveredmethods="14" />
				<line num="1"  count="4"  type="cond"  truecount="8"  falsecount="10" />
				<line num="2"  count="1"  type="stmt" />
				<line num="3"  count="1"  type="stmt" />
				<line num="4"  count="1"  type="stmt" />
				<line num="5"  count="1"  type="stmt" />
				<line num="6"  count="1"  type="stmt" />
				<line num="7"  count="1"  type="stmt" />
				<line num="8"  count="1"  type="stmt" />
				<line num="9"  count="1"  type="stmt" />
				<line num="10"  count="26"  type="cond"  truecount="15"  falsecount="12" />
				<line num="16"  count="1"  type="stmt" />
				<line num="17"  count="1"  type="stmt" />
				<line num="18"  count="1"  type="stmt" />
				<line num="20"  count="1"  type="stmt" />
				<line num="22"  count="1"  type="stmt" />
				<line num="27"  count="1"  type="stmt" />
				<line num="29"  count="1"  type="stmt" />
				<line num="37"  count="1"  type="stmt" />
				<line num="38"  count="1"  type="stmt" />
				<line num="39"  count="1"  type="stmt" />
				<line num="48"  count="1"  type="stmt" />
				<line num="51"  count="2"  type="stmt" />
			</file>
			<file name="StateAndProps.js"  path="/Users/suhail/Sites/rockpaper.dev/es6/controllers/SplashScreen/StateAndProps.js" >
				<metrics statements="3"  coveredstatements="3"  conditionals="0"  coveredconditionals="0"  methods="0"  coveredmethods="0" />
				<line num="1"  count="2"  type="stmt" />
				<line num="4"  count="2"  type="stmt" />
				<line num="5"  count="2"  type="stmt" />
			</file>
		</package>
		<package name="es6.services" >
			<metrics statements="25"  coveredstatements="25"  conditionals="33"  coveredconditionals="17"  methods="22"  coveredmethods="20" />
			<file name="GameModels.js"  path="/Users/suhail/Sites/rockpaper.dev/es6/services/GameModels.js" >
				<metrics statements="25"  coveredstatements="25"  conditionals="33"  coveredconditionals="17"  methods="22"  coveredmethods="20" />
				<line num="1"  count="61"  type="cond"  truecount="15"  falsecount="12" />
				<line num="3"  count="31"  type="stmt" />
				<line num="4"  count="31"  type="stmt" />
				<line num="5"  count="31"  type="stmt" />
				<line num="6"  count="31"  type="stmt" />
				<line num="7"  count="31"  type="stmt" />
				<line num="10"  count="169"  type="stmt" />
				<line num="13"  count="19"  type="stmt" />
				<line num="16"  count="43"  type="stmt" />
				<line num="19"  count="122"  type="stmt" />
				<line num="22"  count="1"  type="stmt" />
				<line num="25"  count="8"  type="stmt" />
				<line num="28"  count="4"  type="stmt" />
				<line num="29"  count="16"  type="stmt" />
				<line num="30"  count="4"  type="stmt" />
				<line num="33"  count="25"  type="stmt" />
				<line num="34"  count="25"  type="stmt" />
				<line num="37"  count="4"  type="cond"  truecount="0"  falsecount="2" />
				<line num="40"  count="4"  type="stmt" />
				<line num="41"  count="14"  type="stmt" />
				<line num="42"  count="4"  type="stmt" />
				<line num="45"  count="2"  type="cond"  truecount="2"  falsecount="0" />
				<line num="46"  count="1"  type="stmt" />
				<line num="48"  count="1"  type="stmt" />
				<line num="51"  count="4"  type="cond"  truecount="0"  falsecount="2" />
			</file>
		</package>
		<package name="es6.ui" >
			<metrics statements="27"  coveredstatements="27"  conditionals="129"  coveredconditionals="80"  methods="35"  coveredmethods="35" />
			<file name="Button.js"  path="/Users/suhail/Sites/rockpaper.dev/es6/ui/Button.js" >
				<metrics statements="10"  coveredstatements="10"  conditionals="43"  coveredconditionals="28"  methods="12"  coveredmethods="12" />
				<line num="1"  count="36"  type="cond"  truecount="20"  falsecount="15" />
				<line num="2"  count="3"  type="stmt" />
				<line num="3"  count="32"  type="stmt" />
				<line num="5"  count="32"  type="stmt" />
				<line num="6"  count="32"  type="stmt" />
				<line num="9"  count="13"  type="stmt" />
				<line num="12"  count="107"  type="cond"  truecount="2"  falsecount="0" />
				<line num="16"  count="32"  type="cond"  truecount="2"  falsecount="0" />
				<line num="17"  count="32"  type="cond"  truecount="4"  falsecount="0" />
				<line num="18"  count="32"  type="stmt" />
			</file>
			<file name="Dialog.js"  path="/Users/suhail/Sites/rockpaper.dev/es6/ui/Dialog.js" >
				<metrics statements="7"  coveredstatements="7"  conditionals="37"  coveredconditionals="22"  methods="10"  coveredmethods="10" />
				<line num="1"  count="2"  type="cond"  truecount="5"  falsecount="3" />
				<line num="2"  count="24"  type="cond"  truecount="15"  falsecount="12" />
				<line num="3"  count="2"  type="stmt" />
				<line num="4"  count="9"  type="stmt" />
				<line num="6"  count="9"  type="stmt" />
				<line num="9"  count="49"  type="cond"  truecount="2"  falsecount="0" />
				<line num="10"  count="49"  type="stmt" />
			</file>
			<file name="IconButton.js"  path="/Users/suhail/Sites/rockpaper.dev/es6/ui/IconButton.js" >
				<metrics statements="3"  coveredstatements="3"  conditionals="10"  coveredconditionals="6"  methods="2"  coveredmethods="2" />
				<line num="1"  count="4"  type="stmt" />
				<line num="2"  count="48"  type="cond"  truecount="5"  falsecount="3" />
				<line num="3"  count="101"  type="cond"  truecount="1"  falsecount="1" />
			</file>
			<file name="Logo.js"  path="/Users/suhail/Sites/rockpaper.dev/es6/ui/Logo.js" >
				<metrics statements="7"  coveredstatements="7"  conditionals="39"  coveredconditionals="24"  methods="11"  coveredmethods="11" />
				<line num="1"  count="36"  type="cond"  truecount="20"  falsecount="15" />
				<line num="2"  count="3"  type="stmt" />
				<line num="3"  count="8"  type="stmt" />
				<line num="5"  count="8"  type="stmt" />
				<line num="8"  count="21"  type="cond"  truecount="2"  falsecount="0" />
				<line num="12"  count="8"  type="cond"  truecount="2"  falsecount="0" />
				<line num="13"  count="8"  type="stmt" />
			</file>
		</package>
	</project>
</coverage>
