{
"/Users/suhail/Sites/rockpaper.dev/es6/controllers/SplashScreen/Reducer.js":{"path":"/Users/suhail/Sites/rockpaper.dev/es6/controllers/SplashScreen/Reducer.js","s":{"1":2,"2":2,"3":2,"4":2,"5":2,"6":2,"7":4,"8":4,"9":4,"10":3,"11":2,"12":2,"13":1,"14":1,"15":4},"b":{"1":[3,1],"2":[4,2],"3":[2,1]},"f":{"1":4},"fnMap":{"1":{"name":"Reducer","line":4,"loc":{"start":{"line":4,"column":217},"end":{"line":4,"column":249}}}},"statementMap":{"1":{"start":{"line":1,"column":37},"end":{"line":1,"column":99},"skip":true},"2":{"start":{"line":1,"column":99},"end":{"line":4,"column":18}},"3":{"start":{"line":4,"column":18},"end":{"line":4,"column":86}},"4":{"start":{"line":4,"column":86},"end":{"line":4,"column":156}},"5":{"start":{"line":4,"column":156},"end":{"line":4,"column":217}},"6":{"start":{"line":4,"column":217},"end":{"line":18,"column":21}},"7":{"start":{"line":5,"column":4},"end":{"line":5,"column":25}},"8":{"start":{"line":6,"column":4},"end":{"line":6,"column":72}},"9":{"start":{"line":7,"column":4},"end":{"line":15,"column":24}},"10":{"start":{"line":9,"column":8},"end":{"line":15,"column":23}},"11":{"start":{"line":11,"column":16},"end":{"line":11,"column":58}},"12":{"start":{"line":12,"column":16},"end":{"line":12,"column":22}},"13":{"start":{"line":14,"column":16},"end":{"line":14,"column":57}},"14":{"start":{"line":15,"column":16},"end":{"line":15,"column":22}},"15":{"start":{"line":18,"column":4},"end":{"line":18,"column":20}}},"branchMap":{"1":{"line":7,"type":"if","locations":[{"start":{"line":7,"column":4},"end":{"line":7,"column":4}},{"start":{"line":7,"column":4},"end":{"line":7,"column":4}}]},"2":{"line":7,"type":"binary-expr","locations":[{"start":{"line":7,"column":8},"end":{"line":7,"column":61}},{"start":{"line":8,"column":4},"end":{"line":8,"column":55}}]},"3":{"line":9,"type":"switch","locations":[{"start":{"line":10,"column":12},"end":{"line":12,"column":22}},{"start":{"line":13,"column":12},"end":{"line":15,"column":22}}]}},"l":{"1":2,"4":2,"5":4,"6":4,"7":4,"9":3,"11":2,"12":2,"14":1,"15":1,"18":4}},
"/Users/suhail/Sites/rockpaper.dev/es6/constants.js":{"path":"/Users/suhail/Sites/rockpaper.dev/es6/constants.js","s":{"1":7,"2":7,"3":7,"4":7,"5":7,"6":7,"7":7,"8":7,"9":7,"10":7},"b":{},"f":{},"fnMap":{},"statementMap":{"1":{"start":{"line":1,"column":37},"end":{"line":1,"column":99},"skip":true},"2":{"start":{"line":4,"column":0},"end":{"line":4,"column":71}},"3":{"start":{"line":8,"column":0},"end":{"line":8,"column":69}},"4":{"start":{"line":12,"column":0},"end":{"line":12,"column":75}},"5":{"start":{"line":16,"column":0},"end":{"line":16,"column":71}},"6":{"start":{"line":20,"column":0},"end":{"line":20,"column":83}},"7":{"start":{"line":24,"column":0},"end":{"line":24,"column":104}},"8":{"start":{"line":28,"column":0},"end":{"line":30,"column":37}},"9":{"start":{"line":36,"column":0},"end":{"line":38,"column":17}},"10":{"start":{"line":45,"column":0},"end":{"line":62,"column":38}}},"branchMap":{},"l":{"1":7,"4":7,"8":7,"12":7,"16":7,"20":7,"24":7,"28":7,"36":7,"45":7}},
"/Users/suhail/Sites/rockpaper.dev/es6/controllers/GamePlay/Actions.js":{"path":"/Users/suhail/Sites/rockpaper.dev/es6/controllers/GamePlay/Actions.js","s":{"1":4,"2":4,"3":4,"4":4,"5":4,"6":13},"b":{},"f":{"1":13},"fnMap":{"1":{"name":"CHOICE","line":14,"loc":{"start":{"line":14,"column":12},"end":{"line":14,"column":55}}}},"statementMap":{"1":{"start":{"line":1,"column":37},"end":{"line":1,"column":99},"skip":true},"2":{"start":{"line":1,"column":99},"end":{"line":1,"column":143}},"3":{"start":{"line":1,"column":143},"end":{"line":1,"column":211}},"4":{"start":{"line":2,"column":0},"end":{"line":7,"column":72}},"5":{"start":{"line":9,"column":0},"end":{"line":30,"column":21}},"6":{"start":{"line":15,"column":8},"end":{"line":17,"column":22}}},"branchMap":{},"l":{"1":4,"2":4,"9":4,"15":13}},
"/Users/suhail/Sites/rockpaper.dev/es6/controllers/SplashScreen/Actions.js":{"path":"/Users/suhail/Sites/rockpaper.dev/es6/controllers/SplashScreen/Actions.js","s":{"1":4,"2":4,"3":4,"4":4,"5":4,"6":9},"b":{},"f":{"1":9},"fnMap":{"1":{"name":"START","line":13,"loc":{"start":{"line":13,"column":11},"end":{"line":13,"column":56}}}},"statementMap":{"1":{"start":{"line":1,"column":37},"end":{"line":1,"column":99},"skip":true},"2":{"start":{"line":1,"column":99},"end":{"line":1,"column":143}},"3":{"start":{"line":2,"column":0},"end":{"line":2,"column":68}},"4":{"start":{"line":6,"column":0},"end":{"line":7,"column":71}},"5":{"start":{"line":12,"column":0},"end":{"line":16,"column":29}},"6":{"start":{"line":14,"column":8},"end":{"line":16,"column":25}}},"branchMap":{},"l":{"1":4,"2":4,"6":4,"12":4,"14":9}},
"/Users/suhail/Sites/rockpaper.dev/es6/controllers/SplashScreen/StateAndProps.js":{"path":"/Users/suhail/Sites/rockpaper.dev/es6/controllers/SplashScreen/StateAndProps.js","s":{"1":2,"2":2,"3":2},"b":{},"f":{},"fnMap":{},"statementMap":{"1":{"start":{"line":1,"column":37},"end":{"line":1,"column":99},"skip":true},"2":{"start":{"line":4,"column":0},"end":{"line":4,"column":75}},"3":{"start":{"line":5,"column":0},"end":{"line":6,"column":20}}},"branchMap":{},"l":{"1":2,"4":2,"5":2}},
"/Users/suhail/Sites/rockpaper.dev/es6/ui/Dialog.js":{"path":"/Users/suhail/Sites/rockpaper.dev/es6/ui/Dialog.js","s":{"1":2,"2":2,"3":2,"4":2,"5":2,"6":2,"7":2,"8":2,"9":2,"10":2,"11":2,"12":2,"13":2,"14":2,"15":2,"16":0,"17":2,"18":2,"19":2,"20":2,"21":2,"22":2,"23":0,"24":2,"25":2,"26":2,"27":24,"28":24,"29":2,"30":2,"31":2,"32":7,"33":0,"34":2,"35":7,"36":0,"37":7,"38":2,"39":2,"40":0,"41":2,"42":2,"43":2,"44":2,"45":2,"46":2,"47":7,"48":7,"49":7,"50":7,"51":2,"52":37,"53":37,"54":2},"b":{"1":[2,2],"2":[2,0],"3":[2,0],"4":[0,2],"5":[0,2],"6":[2,2],"7":[2,0],"8":[24,0],"9":[0,7],"10":[0,7],"11":[0,7],"12":[7,0,0],"13":[0,2],"14":[2,0],"15":[2,2],"16":[2,0],"17":[2,0],"18":[37,36]},"f":{"1":2,"2":2,"3":2,"4":2,"5":7,"6":7,"7":2,"8":2,"9":7,"10":37},"fnMap":{"1":{"name":"(anonymous_1)","line":1,"loc":{"start":{"line":1,"column":145},"end":{"line":1,"column":157}}},"2":{"name":"defineProperties","line":1,"loc":{"start":{"line":1,"column":158},"end":{"line":1,"column":199}}},"3":{"name":"(anonymous_3)","line":1,"loc":{"start":{"line":1,"column":473},"end":{"line":1,"column":521}}},"4":{"name":"_interopRequireWildcard","line":2,"loc":{"start":{"line":2,"column":91},"end":{"line":2,"column":129}}},"5":{"name":"_classCallCheck","line":2,"loc":{"start":{"line":2,"column":347},"end":{"line":2,"column":395}}},"6":{"name":"_possibleConstructorReturn","line":2,"loc":{"start":{"line":2,"column":496},"end":{"line":2,"column":544}}},"7":{"name":"_inherits","line":2,"loc":{"start":{"line":2,"column":731},"end":{"line":2,"column":772}}},"8":{"name":"(anonymous_8)","line":3,"loc":{"start":{"line":3,"column":26},"end":{"line":3,"column":54}}},"9":{"name":"Dialog","line":4,"loc":{"start":{"line":4,"column":4},"end":{"line":4,"column":51}}},"10":{"name":"render","line":6,"loc":{"start":{"line":6,"column":134},"end":{"line":8,"column":8}}}},"statementMap":{"1":{"start":{"line":1,"column":37},"end":{"line":1,"column":99},"skip":true},"2":{"start":{"line":1,"column":99},"end":{"line":1,"column":126}},"3":{"start":{"line":1,"column":126},"end":{"line":1,"column":675}},"4":{"start":{"line":1,"column":158},"end":{"line":1,"column":466}},"5":{"start":{"line":1,"column":200},"end":{"line":1,"column":465}},"6":{"start":{"line":1,"column":240},"end":{"line":1,"column":266}},"7":{"start":{"line":1,"column":266},"end":{"line":1,"column":321}},"8":{"start":{"line":1,"column":321},"end":{"line":1,"column":352}},"9":{"start":{"line":1,"column":352},"end":{"line":1,"column":406}},"10":{"start":{"line":1,"column":379},"end":{"line":1,"column":406}},"11":{"start":{"line":1,"column":406},"end":{"line":1,"column":464}},"12":{"start":{"line":1,"column":466},"end":{"line":1,"column":671}},"13":{"start":{"line":1,"column":522},"end":{"line":1,"column":590}},"14":{"start":{"line":1,"column":538},"end":{"line":1,"column":590}},"15":{"start":{"line":1,"column":590},"end":{"line":1,"column":650}},"16":{"start":{"line":1,"column":607},"end":{"line":1,"column":650}},"17":{"start":{"line":1,"column":650},"end":{"line":1,"column":669}},"18":{"start":{"line":1,"column":675},"end":{"line":1,"column":729}},"19":{"start":{"line":1,"column":754},"end":{"line":1,"column":798}},"20":{"start":{"line":2,"column":0},"end":{"line":2,"column":66}},"21":{"start":{"line":2,"column":91},"end":{"line":2,"column":347}},"22":{"start":{"line":2,"column":130},"end":{"line":2,"column":346}},"23":{"start":{"line":2,"column":158},"end":{"line":2,"column":169}},"24":{"start":{"line":2,"column":177},"end":{"line":2,"column":193}},"25":{"start":{"line":2,"column":193},"end":{"line":2,"column":310}},"26":{"start":{"line":2,"column":211},"end":{"line":2,"column":309}},"27":{"start":{"line":2,"column":233},"end":{"line":2,"column":308}},"28":{"start":{"line":2,"column":285},"end":{"line":2,"column":308}},"29":{"start":{"line":2,"column":310},"end":{"line":2,"column":331}},"30":{"start":{"line":2,"column":331},"end":{"line":2,"column":345}},"31":{"start":{"line":2,"column":347},"end":{"line":2,"column":496}},"32":{"start":{"line":2,"column":396},"end":{"line":2,"column":495}},"33":{"start":{"line":2,"column":437},"end":{"line":2,"column":494}},"34":{"start":{"line":2,"column":496},"end":{"line":2,"column":731}},"35":{"start":{"line":2,"column":545},"end":{"line":2,"column":644}},"36":{"start":{"line":2,"column":557},"end":{"line":2,"column":643}},"37":{"start":{"line":2,"column":644},"end":{"line":2,"column":730}},"38":{"start":{"line":2,"column":731},"end":{"line":2,"column":1219}},"39":{"start":{"line":2,"column":773},"end":{"line":2,"column":936}},"40":{"start":{"line":2,"column":835},"end":{"line":2,"column":935}},"41":{"start":{"line":2,"column":936},"end":{"line":2,"column":1100}},"42":{"start":{"line":2,"column":1100},"end":{"line":2,"column":1218}},"43":{"start":{"line":2,"column":1116},"end":{"line":2,"column":1218}},"44":{"start":{"line":2,"column":1219},"end":{"line":10,"column":539}},"45":{"start":{"line":3,"column":55},"end":{"line":3,"column":91}},"46":{"start":{"line":4,"column":4},"end":{"line":6,"column":88}},"47":{"start":{"line":4,"column":76},"end":{"line":4,"column":106}},"48":{"start":{"line":4,"column":106},"end":{"line":5,"column":16}},"49":{"start":{"line":6,"column":32},"end":{"line":6,"column":49}},"50":{"start":{"line":6,"column":74},"end":{"line":6,"column":87}},"51":{"start":{"line":6,"column":88},"end":{"line":10,"column":506}},"52":{"start":{"line":9,"column":12},"end":{"line":9,"column":64}},"53":{"start":{"line":10,"column":12},"end":{"line":10,"column":500}},"54":{"start":{"line":10,"column":506},"end":{"line":10,"column":520}}},"branchMap":{"1":{"line":1,"type":"binary-expr","locations":[{"start":{"line":1,"column":290},"end":{"line":1,"column":311}},{"start":{"line":1,"column":315},"end":{"line":1,"column":320}}]},"2":{"line":1,"type":"if","locations":[{"start":{"line":1,"column":352},"end":{"line":1,"column":352}},{"start":{"line":1,"column":352},"end":{"line":1,"column":352}}]},"3":{"line":1,"type":"if","locations":[{"start":{"line":1,"column":522},"end":{"line":1,"column":522}},{"start":{"line":1,"column":522},"end":{"line":1,"column":522}}]},"4":{"line":1,"type":"if","locations":[{"start":{"line":1,"column":590},"end":{"line":1,"column":590}},{"start":{"line":1,"column":590},"end":{"line":1,"column":590}}]},"5":{"line":2,"type":"if","locations":[{"start":{"line":2,"column":130},"end":{"line":2,"column":130}},{"start":{"line":2,"column":130},"end":{"line":2,"column":130}}]},"6":{"line":2,"type":"binary-expr","locations":[{"start":{"line":2,"column":134},"end":{"line":2,"column":137}},{"start":{"line":2,"column":141},"end":{"line":2,"column":155}}]},"7":{"line":2,"type":"if","locations":[{"start":{"line":2,"column":193},"end":{"line":2,"column":193}},{"start":{"line":2,"column":193},"end":{"line":2,"column":193}}]},"8":{"line":2,"type":"if","locations":[{"start":{"line":2,"column":233},"end":{"line":2,"column":233}},{"start":{"line":2,"column":233},"end":{"line":2,"column":233}}]},"9":{"line":2,"type":"if","locations":[{"start":{"line":2,"column":396},"end":{"line":2,"column":396}},{"start":{"line":2,"column":396},"end":{"line":2,"column":396}}]},"10":{"line":2,"type":"if","locations":[{"start":{"line":2,"column":545},"end":{"line":2,"column":545}},{"start":{"line":2,"column":545},"end":{"line":2,"column":545}}]},"11":{"line":2,"type":"cond-expr","locations":[{"start":{"line":2,"column":718},"end":{"line":2,"column":722}},{"start":{"line":2,"column":725},"end":{"line":2,"column":729}}]},"12":{"line":2,"type":"binary-expr","locations":[{"start":{"line":2,"column":651},"end":{"line":2,"column":655}},{"start":{"line":2,"column":660},"end":{"line":2,"column":684}},{"start":{"line":2,"column":688},"end":{"line":2,"column":714}}]},"13":{"line":2,"type":"if","locations":[{"start":{"line":2,"column":773},"end":{"line":2,"column":773}},{"start":{"line":2,"column":773},"end":{"line":2,"column":773}}]},"14":{"line":2,"type":"binary-expr","locations":[{"start":{"line":2,"column":777},"end":{"line":2,"column":809}},{"start":{"line":2,"column":813},"end":{"line":2,"column":832}}]},"15":{"line":2,"type":"binary-expr","locations":[{"start":{"line":2,"column":971},"end":{"line":2,"column":981}},{"start":{"line":2,"column":985},"end":{"line":2,"column":1005}}]},"16":{"line":2,"type":"if","locations":[{"start":{"line":2,"column":1100},"end":{"line":2,"column":1100}},{"start":{"line":2,"column":1100},"end":{"line":2,"column":1100}}]},"17":{"line":2,"type":"cond-expr","locations":[{"start":{"line":2,"column":1140},"end":{"line":2,"column":1183}},{"start":{"line":2,"column":1186},"end":{"line":2,"column":1217}}]},"18":{"line":9,"type":"binary-expr","locations":[{"start":{"line":9,"column":42},"end":{"line":9,"column":57}},{"start":{"line":9,"column":61},"end":{"line":9,"column":63}}]}},"l":{"1":2,"2":24,"3":2,"4":7,"6":7,"9":37,"10":37}},
"/Users/suhail/Sites/rockpaper.dev/es6/ui/IconButton.js":{"path":"/Users/suhail/Sites/rockpaper.dev/es6/ui/IconButton.js","s":{"1":4,"2":4,"3":4,"4":4,"5":4,"6":4,"7":0,"8":4,"9":4,"10":4,"11":48,"12":48,"13":4,"14":4,"15":4,"16":41},"b":{"1":[0,4],"2":[4,4],"3":[4,0],"4":[48,0],"5":[41,0]},"f":{"1":4,"2":41},"fnMap":{"1":{"name":"_interopRequireWildcard","line":2,"loc":{"start":{"line":2,"column":172},"end":{"line":2,"column":210}}},"2":{"name":"IconButton","line":2,"loc":{"start":{"line":2,"column":428},"end":{"line":2,"column":455}}}},"statementMap":{"1":{"start":{"line":1,"column":37},"end":{"line":1,"column":99},"skip":true},"2":{"start":{"line":1,"column":99},"end":{"line":2,"column":24}},"3":{"start":{"line":2,"column":24},"end":{"line":2,"column":78}},"4":{"start":{"line":2,"column":103},"end":{"line":2,"column":147}},"5":{"start":{"line":2,"column":172},"end":{"line":2,"column":428}},"6":{"start":{"line":2,"column":211},"end":{"line":2,"column":427}},"7":{"start":{"line":2,"column":239},"end":{"line":2,"column":250}},"8":{"start":{"line":2,"column":258},"end":{"line":2,"column":274}},"9":{"start":{"line":2,"column":274},"end":{"line":2,"column":391}},"10":{"start":{"line":2,"column":292},"end":{"line":2,"column":390}},"11":{"start":{"line":2,"column":314},"end":{"line":2,"column":389}},"12":{"start":{"line":2,"column":366},"end":{"line":2,"column":389}},"13":{"start":{"line":2,"column":391},"end":{"line":2,"column":412}},"14":{"start":{"line":2,"column":412},"end":{"line":2,"column":426}},"15":{"start":{"line":2,"column":428},"end":{"line":3,"column":187}},"16":{"start":{"line":3,"column":4},"end":{"line":3,"column":186}}},"branchMap":{"1":{"line":2,"type":"if","locations":[{"start":{"line":2,"column":211},"end":{"line":2,"column":211}},{"start":{"line":2,"column":211},"end":{"line":2,"column":211}}]},"2":{"line":2,"type":"binary-expr","locations":[{"start":{"line":2,"column":215},"end":{"line":2,"column":218}},{"start":{"line":2,"column":222},"end":{"line":2,"column":236}}]},"3":{"line":2,"type":"if","locations":[{"start":{"line":2,"column":274},"end":{"line":2,"column":274}},{"start":{"line":2,"column":274},"end":{"line":2,"column":274}}]},"4":{"line":2,"type":"if","locations":[{"start":{"line":2,"column":314},"end":{"line":2,"column":314}},{"start":{"line":2,"column":314},"end":{"line":2,"column":314}}]},"5":{"line":3,"type":"cond-expr","locations":[{"start":{"line":3,"column":108},"end":{"line":3,"column":123}},{"start":{"line":3,"column":126},"end":{"line":3,"column":128}}]}},"l":{"1":4,"2":48,"3":41}},
"/Users/suhail/Sites/rockpaper.dev/es6/services/GameController.js":{"path":"/Users/suhail/Sites/rockpaper.dev/es6/services/GameController.js","s":{"1":4,"2":4,"3":4,"4":4,"5":12,"6":40,"7":40,"8":40,"9":40,"10":40,"11":40,"12":4,"13":12,"14":12,"15":12,"16":0,"17":12,"18":4,"19":4,"20":28,"21":0,"22":28,"23":4,"24":8,"25":0,"26":8,"27":8,"28":8,"29":4,"30":57,"31":0,"32":4,"33":4,"34":29,"35":29,"36":29,"37":29,"38":29,"39":4,"40":135,"41":17,"42":35,"43":68,"44":1,"45":10,"46":4,"47":4,"48":4,"49":4,"50":15,"51":15,"52":4,"53":24,"54":24,"55":0,"56":4,"57":4,"58":4,"59":4,"60":13,"61":13,"62":4,"63":2,"64":1,"65":1,"66":0,"67":4},"b":{"1":[40,40],"2":[40,0],"3":[12,0],"4":[0,12],"5":[0,28],"6":[0,28],"7":[28,0,0],"8":[0,8],"9":[8,0],"10":[8,8],"11":[8,0],"12":[8,0],"13":[0,57],"14":[0,0],"15":[1,1],"16":[0,0]},"f":{"1":4,"2":12,"3":12,"4":28,"5":8,"6":57,"7":4,"8":29,"9":135,"10":17,"11":35,"12":68,"13":1,"14":10,"15":4,"16":15,"17":24,"18":0,"19":4,"20":13,"21":2,"22":0},"fnMap":{"1":{"name":"(anonymous_1)","line":1,"loc":{"start":{"line":1,"column":191},"end":{"line":1,"column":203}}},"2":{"name":"defineProperties","line":1,"loc":{"start":{"line":1,"column":204},"end":{"line":1,"column":245}}},"3":{"name":"(anonymous_3)","line":1,"loc":{"start":{"line":1,"column":519},"end":{"line":1,"column":567}}},"4":{"name":"_possibleConstructorReturn","line":1,"loc":{"start":{"line":1,"column":811},"end":{"line":1,"column":859}}},"5":{"name":"_inherits","line":1,"loc":{"start":{"line":1,"column":1046},"end":{"line":1,"column":1087}}},"6":{"name":"_classCallCheck","line":1,"loc":{"start":{"line":1,"column":1534},"end":{"line":1,"column":1582}}},"7":{"name":"(anonymous_7)","line":2,"loc":{"start":{"line":2,"column":26},"end":{"line":2,"column":38}}},"8":{"name":"Player","line":3,"loc":{"start":{"line":3,"column":4},"end":{"line":3,"column":57}}},"9":{"name":"getLabel","line":7,"loc":{"start":{"line":7,"column":77},"end":{"line":9,"column":8}}},"10":{"name":"setScore","line":10,"loc":{"start":{"line":10,"column":62},"end":{"line":12,"column":15}}},"11":{"name":"is","line":13,"loc":{"start":{"line":13,"column":57},"end":{"line":15,"column":14}}},"12":{"name":"getScore","line":16,"loc":{"start":{"line":16,"column":70},"end":{"line":18,"column":8}}},"13":{"name":"reset","line":19,"loc":{"start":{"line":19,"column":59},"end":{"line":21,"column":8}}},"14":{"name":"addPoints","line":22,"loc":{"start":{"line":22,"column":60},"end":{"line":24,"column":11}}},"15":{"name":"(anonymous_15)","line":28,"loc":{"start":{"line":28,"column":42},"end":{"line":28,"column":61}}},"16":{"name":"ComputerPlayer","line":29,"loc":{"start":{"line":29,"column":4},"end":{"line":29,"column":59}}},"17":{"name":"play","line":30,"loc":{"start":{"line":30,"column":126},"end":{"line":32,"column":11}}},"18":{"name":"toString","line":34,"loc":{"start":{"line":34,"column":113},"end":{"line":36,"column":8}}},"19":{"name":"(anonymous_19)","line":40,"loc":{"start":{"line":40,"column":34},"end":{"line":40,"column":54}}},"20":{"name":"UserPlayer","line":41,"loc":{"start":{"line":41,"column":4},"end":{"line":41,"column":55}}},"21":{"name":"play","line":42,"loc":{"start":{"line":42,"column":118},"end":{"line":44,"column":11}}},"22":{"name":"toString","line":48,"loc":{"start":{"line":48,"column":91},"end":{"line":50,"column":8}}}},"statementMap":{"1":{"start":{"line":1,"column":37},"end":{"line":1,"column":99},"skip":true},"2":{"start":{"line":1,"column":99},"end":{"line":1,"column":172}},"3":{"start":{"line":1,"column":172},"end":{"line":1,"column":721}},"4":{"start":{"line":1,"column":204},"end":{"line":1,"column":512}},"5":{"start":{"line":1,"column":246},"end":{"line":1,"column":511}},"6":{"start":{"line":1,"column":286},"end":{"line":1,"column":312}},"7":{"start":{"line":1,"column":312},"end":{"line":1,"column":367}},"8":{"start":{"line":1,"column":367},"end":{"line":1,"column":398}},"9":{"start":{"line":1,"column":398},"end":{"line":1,"column":452}},"10":{"start":{"line":1,"column":425},"end":{"line":1,"column":452}},"11":{"start":{"line":1,"column":452},"end":{"line":1,"column":510}},"12":{"start":{"line":1,"column":512},"end":{"line":1,"column":717}},"13":{"start":{"line":1,"column":568},"end":{"line":1,"column":636}},"14":{"start":{"line":1,"column":584},"end":{"line":1,"column":636}},"15":{"start":{"line":1,"column":636},"end":{"line":1,"column":696}},"16":{"start":{"line":1,"column":653},"end":{"line":1,"column":696}},"17":{"start":{"line":1,"column":696},"end":{"line":1,"column":715}},"18":{"start":{"line":1,"column":721},"end":{"line":1,"column":786}},"19":{"start":{"line":1,"column":811},"end":{"line":1,"column":1046}},"20":{"start":{"line":1,"column":860},"end":{"line":1,"column":959}},"21":{"start":{"line":1,"column":872},"end":{"line":1,"column":958}},"22":{"start":{"line":1,"column":959},"end":{"line":1,"column":1045}},"23":{"start":{"line":1,"column":1046},"end":{"line":1,"column":1534}},"24":{"start":{"line":1,"column":1088},"end":{"line":1,"column":1251}},"25":{"start":{"line":1,"column":1150},"end":{"line":1,"column":1250}},"26":{"start":{"line":1,"column":1251},"end":{"line":1,"column":1415}},"27":{"start":{"line":1,"column":1415},"end":{"line":1,"column":1533}},"28":{"start":{"line":1,"column":1431},"end":{"line":1,"column":1533}},"29":{"start":{"line":1,"column":1534},"end":{"line":1,"column":1683}},"30":{"start":{"line":1,"column":1583},"end":{"line":1,"column":1682}},"31":{"start":{"line":1,"column":1624},"end":{"line":1,"column":1681}},"32":{"start":{"line":1,"column":1683},"end":{"line":25,"column":53}},"33":{"start":{"line":3,"column":4},"end":{"line":7,"column":29}},"34":{"start":{"line":3,"column":82},"end":{"line":3,"column":112}},"35":{"start":{"line":4,"column":8},"end":{"line":4,"column":26}},"36":{"start":{"line":5,"column":8},"end":{"line":5,"column":24}},"37":{"start":{"line":6,"column":8},"end":{"line":6,"column":26}},"38":{"start":{"line":7,"column":8},"end":{"line":7,"column":28}},"39":{"start":{"line":7,"column":29},"end":{"line":25,"column":35}},"40":{"start":{"line":10,"column":12},"end":{"line":10,"column":31}},"41":{"start":{"line":13,"column":12},"end":{"line":13,"column":32}},"42":{"start":{"line":16,"column":12},"end":{"line":16,"column":39}},"43":{"start":{"line":19,"column":12},"end":{"line":19,"column":31}},"44":{"start":{"line":22,"column":12},"end":{"line":22,"column":28}},"45":{"start":{"line":25,"column":12},"end":{"line":25,"column":29}},"46":{"start":{"line":25,"column":35},"end":{"line":25,"column":49}},"47":{"start":{"line":25,"column":78},"end":{"line":37,"column":117}},"48":{"start":{"line":28,"column":62},"end":{"line":28,"column":97}},"49":{"start":{"line":29,"column":4},"end":{"line":30,"column":74}},"50":{"start":{"line":29,"column":84},"end":{"line":29,"column":122}},"51":{"start":{"line":29,"column":122},"end":{"line":30,"column":73}},"52":{"start":{"line":30,"column":74},"end":{"line":37,"column":85}},"53":{"start":{"line":33,"column":12},"end":{"line":33,"column":57}},"54":{"start":{"line":34,"column":12},"end":{"line":34,"column":82}},"55":{"start":{"line":37,"column":12},"end":{"line":37,"column":79}},"56":{"start":{"line":37,"column":85},"end":{"line":37,"column":107}},"57":{"start":{"line":37,"column":142},"end":{"line":51,"column":102}},"58":{"start":{"line":40,"column":55},"end":{"line":40,"column":87}},"59":{"start":{"line":41,"column":4},"end":{"line":42,"column":70}},"60":{"start":{"line":41,"column":80},"end":{"line":41,"column":114}},"61":{"start":{"line":41,"column":114},"end":{"line":42,"column":69}},"62":{"start":{"line":42,"column":70},"end":{"line":51,"column":74}},"63":{"start":{"line":45,"column":12},"end":{"line":46,"column":87}},"64":{"start":{"line":46,"column":16},"end":{"line":46,"column":86}},"65":{"start":{"line":48,"column":12},"end":{"line":48,"column":60}},"66":{"start":{"line":51,"column":12},"end":{"line":51,"column":68}},"67":{"start":{"line":51,"column":74},"end":{"line":51,"column":92}}},"branchMap":{"1":{"line":1,"type":"binary-expr","locations":[{"start":{"line":1,"column":336},"end":{"line":1,"column":357}},{"start":{"line":1,"column":361},"end":{"line":1,"column":366}}]},"2":{"line":1,"type":"if","locations":[{"start":{"line":1,"column":398},"end":{"line":1,"column":398}},{"start":{"line":1,"column":398},"end":{"line":1,"column":398}}]},"3":{"line":1,"type":"if","locations":[{"start":{"line":1,"column":568},"end":{"line":1,"column":568}},{"start":{"line":1,"column":568},"end":{"line":1,"column":568}}]},"4":{"line":1,"type":"if","locations":[{"start":{"line":1,"column":636},"end":{"line":1,"column":636}},{"start":{"line":1,"column":636},"end":{"line":1,"column":636}}]},"5":{"line":1,"type":"if","locations":[{"start":{"line":1,"column":860},"end":{"line":1,"column":860}},{"start":{"line":1,"column":860},"end":{"line":1,"column":860}}]},"6":{"line":1,"type":"cond-expr","locations":[{"start":{"line":1,"column":1033},"end":{"line":1,"column":1037}},{"start":{"line":1,"column":1040},"end":{"line":1,"column":1044}}]},"7":{"line":1,"type":"binary-expr","locations":[{"start":{"line":1,"column":966},"end":{"line":1,"column":970}},{"start":{"line":1,"column":975},"end":{"line":1,"column":999}},{"start":{"line":1,"column":1003},"end":{"line":1,"column":1029}}]},"8":{"line":1,"type":"if","locations":[{"start":{"line":1,"column":1088},"end":{"line":1,"column":1088}},{"start":{"line":1,"column":1088},"end":{"line":1,"column":1088}}]},"9":{"line":1,"type":"binary-expr","locations":[{"start":{"line":1,"column":1092},"end":{"line":1,"column":1124}},{"start":{"line":1,"column":1128},"end":{"line":1,"column":1147}}]},"10":{"line":1,"type":"binary-expr","locations":[{"start":{"line":1,"column":1286},"end":{"line":1,"column":1296}},{"start":{"line":1,"column":1300},"end":{"line":1,"column":1320}}]},"11":{"line":1,"type":"if","locations":[{"start":{"line":1,"column":1415},"end":{"line":1,"column":1415}},{"start":{"line":1,"column":1415},"end":{"line":1,"column":1415}}]},"12":{"line":1,"type":"cond-expr","locations":[{"start":{"line":1,"column":1455},"end":{"line":1,"column":1498}},{"start":{"line":1,"column":1501},"end":{"line":1,"column":1532}}]},"13":{"line":1,"type":"if","locations":[{"start":{"line":1,"column":1583},"end":{"line":1,"column":1583}},{"start":{"line":1,"column":1583},"end":{"line":1,"column":1583}}]},"14":{"line":37,"type":"binary-expr","locations":[{"start":{"line":37,"column":47},"end":{"line":37,"column":57}},{"start":{"line":37,"column":61},"end":{"line":37,"column":77}}]},"15":{"line":45,"type":"if","locations":[{"start":{"line":45,"column":12},"end":{"line":45,"column":12}},{"start":{"line":45,"column":12},"end":{"line":45,"column":12}}]},"16":{"line":51,"type":"binary-expr","locations":[{"start":{"line":51,"column":36},"end":{"line":51,"column":46}},{"start":{"line":51,"column":50},"end":{"line":51,"column":66}}]}},"l":{"1":57,"3":29,"4":29,"5":29,"6":29,"7":29,"10":135,"13":17,"16":35,"19":68,"22":1,"25":10,"28":4,"29":15,"30":4,"33":24,"34":24,"37":4,"40":4,"41":13,"42":4,"45":2,"46":1,"48":1,"51":4}},
"/Users/suhail/Sites/rockpaper.dev/es6/controllers/GamePlay/GameResults.js":{"path":"/Users/suhail/Sites/rockpaper.dev/es6/controllers/GamePlay/GameResults.js","s":{"1":2,"2":2,"3":2,"4":2,"5":2,"6":2,"7":21,"8":21,"9":14,"10":5,"11":9,"12":4,"13":14,"14":5,"15":9,"16":21,"17":2,"18":39,"19":39,"20":25,"21":25,"22":39,"23":2,"24":23,"25":23,"26":16,"27":6,"28":3,"29":3,"30":10,"31":5,"32":5,"33":5,"34":4,"35":1,"36":23},"b":{"1":[14,7],"2":[21,21,14,14],"3":[5,9],"4":[4,5],"5":[5,9],"6":[5,4],"7":[3,1],"8":[25,14],"9":[39,39,39,25],"10":[16,7],"11":[23,23,16,16],"12":[6,10],"13":[3,3],"14":[5,5],"15":[5,0],"16":[4,1]},"f":{"1":21,"2":39,"3":23},"fnMap":{"1":{"name":"formatRoundWinnerText","line":28,"loc":{"start":{"line":28,"column":112},"end":{"line":28,"column":161}}},"2":{"name":"formatHandsText","line":28,"loc":{"start":{"line":28,"column":679},"end":{"line":28,"column":722}}},"3":{"name":"formatGameFinishText","line":28,"loc":{"start":{"line":28,"column":953},"end":{"line":28,"column":1001}}}},"statementMap":{"1":{"start":{"line":1,"column":37},"end":{"line":1,"column":99},"skip":true},"2":{"start":{"line":1,"column":99},"end":{"line":2,"column":46}},"3":{"start":{"line":2,"column":71},"end":{"line":20,"column":34}},"4":{"start":{"line":20,"column":59},"end":{"line":28,"column":44}},"5":{"start":{"line":28,"column":44},"end":{"line":28,"column":112}},"6":{"start":{"line":28,"column":112},"end":{"line":28,"column":679}},"7":{"start":{"line":28,"column":162},"end":{"line":28,"column":189}},"8":{"start":{"line":28,"column":189},"end":{"line":28,"column":659}},"9":{"start":{"line":28,"column":248},"end":{"line":28,"column":398}},"10":{"start":{"line":28,"column":302},"end":{"line":28,"column":319}},"11":{"start":{"line":28,"column":326},"end":{"line":28,"column":398}},"12":{"start":{"line":28,"column":380},"end":{"line":28,"column":397}},"13":{"start":{"line":28,"column":398},"end":{"line":28,"column":658}},"14":{"start":{"line":28,"column":420},"end":{"line":28,"column":444}},"15":{"start":{"line":28,"column":452},"end":{"line":28,"column":657}},"16":{"start":{"line":28,"column":659},"end":{"line":28,"column":678}},"17":{"start":{"line":28,"column":679},"end":{"line":28,"column":953}},"18":{"start":{"line":28,"column":723},"end":{"line":28,"column":735}},"19":{"start":{"line":28,"column":735},"end":{"line":28,"column":933}},"20":{"start":{"line":28,"column":794},"end":{"line":28,"column":857}},"21":{"start":{"line":28,"column":857},"end":{"line":28,"column":932}},"22":{"start":{"line":28,"column":933},"end":{"line":28,"column":952}},"23":{"start":{"line":28,"column":953},"end":{"line":51,"column":24}},"24":{"start":{"line":29,"column":4},"end":{"line":29,"column":16}},"25":{"start":{"line":30,"column":4},"end":{"line":47,"column":67}},"26":{"start":{"line":31,"column":8},"end":{"line":47,"column":66}},"27":{"start":{"line":32,"column":12},"end":{"line":36,"column":65}},"28":{"start":{"line":33,"column":16},"end":{"line":33,"column":98}},"29":{"start":{"line":36,"column":16},"end":{"line":36,"column":64}},"30":{"start":{"line":39,"column":8},"end":{"line":47,"column":66}},"31":{"start":{"line":40,"column":12},"end":{"line":40,"column":50}},"32":{"start":{"line":42,"column":8},"end":{"line":47,"column":66}},"33":{"start":{"line":43,"column":12},"end":{"line":47,"column":65}},"34":{"start":{"line":44,"column":16},"end":{"line":44,"column":53}},"35":{"start":{"line":47,"column":16},"end":{"line":47,"column":64}},"36":{"start":{"line":51,"column":4},"end":{"line":51,"column":23}}},"branchMap":{"1":{"line":28,"type":"if","locations":[{"start":{"line":28,"column":189},"end":{"line":28,"column":189}},{"start":{"line":28,"column":189},"end":{"line":28,"column":189}}]},"2":{"line":28,"type":"binary-expr","locations":[{"start":{"line":28,"column":193},"end":{"line":28,"column":200}},{"start":{"line":28,"column":204},"end":{"line":28,"column":217}},{"start":{"line":28,"column":221},"end":{"line":28,"column":228}},{"start":{"line":28,"column":232},"end":{"line":28,"column":245}}]},"3":{"line":28,"type":"if","locations":[{"start":{"line":28,"column":248},"end":{"line":28,"column":248}},{"start":{"line":28,"column":248},"end":{"line":28,"column":248}}]},"4":{"line":28,"type":"if","locations":[{"start":{"line":28,"column":326},"end":{"line":28,"column":326}},{"start":{"line":28,"column":326},"end":{"line":28,"column":326}}]},"5":{"line":28,"type":"if","locations":[{"start":{"line":28,"column":398},"end":{"line":28,"column":398}},{"start":{"line":28,"column":398},"end":{"line":28,"column":398}}]},"6":{"line":28,"type":"cond-expr","locations":[{"start":{"line":28,"column":481},"end":{"line":28,"column":521}},{"start":{"line":28,"column":524},"end":{"line":28,"column":655}}]},"7":{"line":28,"type":"cond-expr","locations":[{"start":{"line":28,"column":591},"end":{"line":28,"column":612}},{"start":{"line":28,"column":615},"end":{"line":28,"column":655}}]},"8":{"line":28,"type":"if","locations":[{"start":{"line":28,"column":735},"end":{"line":28,"column":735}},{"start":{"line":28,"column":735},"end":{"line":28,"column":735}}]},"9":{"line":28,"type":"binary-expr","locations":[{"start":{"line":28,"column":739},"end":{"line":28,"column":746}},{"start":{"line":28,"column":750},"end":{"line":28,"column":757}},{"start":{"line":28,"column":761},"end":{"line":28,"column":774}},{"start":{"line":28,"column":778},"end":{"line":28,"column":791}}]},"10":{"line":30,"type":"if","locations":[{"start":{"line":30,"column":4},"end":{"line":30,"column":4}},{"start":{"line":30,"column":4},"end":{"line":30,"column":4}}]},"11":{"line":30,"type":"binary-expr","locations":[{"start":{"line":30,"column":8},"end":{"line":30,"column":15}},{"start":{"line":30,"column":19},"end":{"line":30,"column":32}},{"start":{"line":30,"column":36},"end":{"line":30,"column":43}},{"start":{"line":30,"column":47},"end":{"line":30,"column":60}}]},"12":{"line":31,"type":"if","locations":[{"start":{"line":31,"column":8},"end":{"line":31,"column":8}},{"start":{"line":31,"column":8},"end":{"line":31,"column":8}}]},"13":{"line":32,"type":"if","locations":[{"start":{"line":32,"column":12},"end":{"line":32,"column":12}},{"start":{"line":32,"column":12},"end":{"line":32,"column":12}}]},"14":{"line":39,"type":"if","locations":[{"start":{"line":39,"column":8},"end":{"line":39,"column":8}},{"start":{"line":39,"column":8},"end":{"line":39,"column":8}}]},"15":{"line":42,"type":"if","locations":[{"start":{"line":42,"column":8},"end":{"line":42,"column":8}},{"start":{"line":42,"column":8},"end":{"line":42,"column":8}}]},"16":{"line":43,"type":"if","locations":[{"start":{"line":43,"column":12},"end":{"line":43,"column":12}},{"start":{"line":43,"column":12},"end":{"line":43,"column":12}}]}},"l":{"1":2,"2":2,"20":2,"28":39,"29":23,"30":23,"31":16,"32":6,"33":3,"36":3,"39":10,"40":5,"42":5,"43":5,"44":4,"47":1,"51":23}},
"/Users/suhail/Sites/rockpaper.dev/es6/controllers/GamePlay/StateAndProps.js":{"path":"/Users/suhail/Sites/rockpaper.dev/es6/controllers/GamePlay/StateAndProps.js","s":{"1":3,"2":3,"3":3,"4":3,"5":3,"6":3},"b":{},"f":{},"fnMap":{},"statementMap":{"1":{"start":{"line":1,"column":37},"end":{"line":1,"column":99},"skip":true},"2":{"start":{"line":1,"column":99},"end":{"line":1,"column":160}},"3":{"start":{"line":4,"column":0},"end":{"line":4,"column":87}},"4":{"start":{"line":5,"column":0},"end":{"line":5,"column":68}},"5":{"start":{"line":8,"column":0},"end":{"line":8,"column":67}},"6":{"start":{"line":8,"column":67},"end":{"line":18,"column":21}}},"branchMap":{},"l":{"1":3,"4":3,"5":3,"8":3}},
"/Users/suhail/Sites/rockpaper.dev/es6/ui/Button.js":{"path":"/Users/suhail/Sites/rockpaper.dev/es6/ui/Button.js","s":{"1":3,"2":3,"3":3,"4":3,"5":3,"6":9,"7":9,"8":9,"9":9,"10":9,"11":9,"12":3,"13":3,"14":3,"15":3,"16":0,"17":3,"18":3,"19":3,"20":3,"21":3,"22":0,"23":3,"24":3,"25":3,"26":36,"27":36,"28":3,"29":3,"30":3,"31":26,"32":0,"33":3,"34":26,"35":0,"36":26,"37":3,"38":3,"39":0,"40":3,"41":3,"42":3,"43":3,"44":3,"45":3,"46":26,"47":26,"48":26,"49":26,"50":26,"51":3,"52":11,"53":77,"54":26,"55":26,"56":26,"57":3},"b":{"1":[9,9],"2":[9,0],"3":[3,0],"4":[0,3],"5":[0,3],"6":[3,3],"7":[3,0],"8":[36,0],"9":[0,26],"10":[0,26],"11":[0,26],"12":[26,0,0],"13":[0,3],"14":[3,0],"15":[3,3],"16":[3,0],"17":[3,0],"18":[77,77],"19":[26,6],"20":[1,25],"21":[10,15]},"f":{"1":3,"2":3,"3":3,"4":3,"5":26,"6":26,"7":3,"8":3,"9":26,"10":11,"11":77,"12":26},"fnMap":{"1":{"name":"(anonymous_1)","line":1,"loc":{"start":{"line":1,"column":145},"end":{"line":1,"column":157}}},"2":{"name":"defineProperties","line":1,"loc":{"start":{"line":1,"column":158},"end":{"line":1,"column":199}}},"3":{"name":"(anonymous_3)","line":1,"loc":{"start":{"line":1,"column":473},"end":{"line":1,"column":521}}},"4":{"name":"_interopRequireWildcard","line":1,"loc":{"start":{"line":1,"column":823},"end":{"line":1,"column":861}}},"5":{"name":"_classCallCheck","line":1,"loc":{"start":{"line":1,"column":1079},"end":{"line":1,"column":1127}}},"6":{"name":"_possibleConstructorReturn","line":1,"loc":{"start":{"line":1,"column":1228},"end":{"line":1,"column":1276}}},"7":{"name":"_inherits","line":1,"loc":{"start":{"line":1,"column":1463},"end":{"line":1,"column":1504}}},"8":{"name":"(anonymous_8)","line":2,"loc":{"start":{"line":2,"column":26},"end":{"line":2,"column":54}}},"9":{"name":"Button","line":3,"loc":{"start":{"line":3,"column":4},"end":{"line":3,"column":51}}},"10":{"name":"onClick","line":6,"loc":{"start":{"line":6,"column":255},"end":{"line":8,"column":21}}},"11":{"name":"shouldComponentUpdate","line":9,"loc":{"start":{"line":9,"column":88},"end":{"line":11,"column":15}}},"12":{"name":"render","line":13,"loc":{"start":{"line":13,"column":74},"end":{"line":15,"column":8}}}},"statementMap":{"1":{"start":{"line":1,"column":37},"end":{"line":1,"column":99},"skip":true},"2":{"start":{"line":1,"column":99},"end":{"line":1,"column":126}},"3":{"start":{"line":1,"column":126},"end":{"line":1,"column":675}},"4":{"start":{"line":1,"column":158},"end":{"line":1,"column":466}},"5":{"start":{"line":1,"column":200},"end":{"line":1,"column":465}},"6":{"start":{"line":1,"column":240},"end":{"line":1,"column":266}},"7":{"start":{"line":1,"column":266},"end":{"line":1,"column":321}},"8":{"start":{"line":1,"column":321},"end":{"line":1,"column":352}},"9":{"start":{"line":1,"column":352},"end":{"line":1,"column":406}},"10":{"start":{"line":1,"column":379},"end":{"line":1,"column":406}},"11":{"start":{"line":1,"column":406},"end":{"line":1,"column":464}},"12":{"start":{"line":1,"column":466},"end":{"line":1,"column":671}},"13":{"start":{"line":1,"column":522},"end":{"line":1,"column":590}},"14":{"start":{"line":1,"column":538},"end":{"line":1,"column":590}},"15":{"start":{"line":1,"column":590},"end":{"line":1,"column":650}},"16":{"start":{"line":1,"column":607},"end":{"line":1,"column":650}},"17":{"start":{"line":1,"column":650},"end":{"line":1,"column":669}},"18":{"start":{"line":1,"column":675},"end":{"line":1,"column":729}},"19":{"start":{"line":1,"column":754},"end":{"line":1,"column":798}},"20":{"start":{"line":1,"column":823},"end":{"line":1,"column":1079}},"21":{"start":{"line":1,"column":862},"end":{"line":1,"column":1078}},"22":{"start":{"line":1,"column":890},"end":{"line":1,"column":901}},"23":{"start":{"line":1,"column":909},"end":{"line":1,"column":925}},"24":{"start":{"line":1,"column":925},"end":{"line":1,"column":1042}},"25":{"start":{"line":1,"column":943},"end":{"line":1,"column":1041}},"26":{"start":{"line":1,"column":965},"end":{"line":1,"column":1040}},"27":{"start":{"line":1,"column":1017},"end":{"line":1,"column":1040}},"28":{"start":{"line":1,"column":1042},"end":{"line":1,"column":1063}},"29":{"start":{"line":1,"column":1063},"end":{"line":1,"column":1077}},"30":{"start":{"line":1,"column":1079},"end":{"line":1,"column":1228}},"31":{"start":{"line":1,"column":1128},"end":{"line":1,"column":1227}},"32":{"start":{"line":1,"column":1169},"end":{"line":1,"column":1226}},"33":{"start":{"line":1,"column":1228},"end":{"line":1,"column":1463}},"34":{"start":{"line":1,"column":1277},"end":{"line":1,"column":1376}},"35":{"start":{"line":1,"column":1289},"end":{"line":1,"column":1375}},"36":{"start":{"line":1,"column":1376},"end":{"line":1,"column":1462}},"37":{"start":{"line":1,"column":1463},"end":{"line":1,"column":1951}},"38":{"start":{"line":1,"column":1505},"end":{"line":1,"column":1668}},"39":{"start":{"line":1,"column":1567},"end":{"line":1,"column":1667}},"40":{"start":{"line":1,"column":1668},"end":{"line":1,"column":1832}},"41":{"start":{"line":1,"column":1832},"end":{"line":1,"column":1950}},"42":{"start":{"line":1,"column":1848},"end":{"line":1,"column":1950}},"43":{"start":{"line":1,"column":1951},"end":{"line":18,"column":221}},"44":{"start":{"line":2,"column":55},"end":{"line":2,"column":91}},"45":{"start":{"line":3,"column":4},"end":{"line":6,"column":208}},"46":{"start":{"line":3,"column":76},"end":{"line":3,"column":106}},"47":{"start":{"line":3,"column":106},"end":{"line":4,"column":16}},"48":{"start":{"line":5,"column":32},"end":{"line":5,"column":49}},"49":{"start":{"line":6,"column":32},"end":{"line":6,"column":169}},"50":{"start":{"line":6,"column":194},"end":{"line":6,"column":207}},"51":{"start":{"line":6,"column":208},"end":{"line":18,"column":188}},"52":{"start":{"line":9,"column":12},"end":{"line":9,"column":44}},"53":{"start":{"line":12,"column":12},"end":{"line":13,"column":45}},"54":{"start":{"line":16,"column":12},"end":{"line":16,"column":49}},"55":{"start":{"line":17,"column":12},"end":{"line":17,"column":183}},"56":{"start":{"line":18,"column":12},"end":{"line":18,"column":182}},"57":{"start":{"line":18,"column":188},"end":{"line":18,"column":202}}},"branchMap":{"1":{"line":1,"type":"binary-expr","locations":[{"start":{"line":1,"column":290},"end":{"line":1,"column":311}},{"start":{"line":1,"column":315},"end":{"line":1,"column":320}}]},"2":{"line":1,"type":"if","locations":[{"start":{"line":1,"column":352},"end":{"line":1,"column":352}},{"start":{"line":1,"column":352},"end":{"line":1,"column":352}}]},"3":{"line":1,"type":"if","locations":[{"start":{"line":1,"column":522},"end":{"line":1,"column":522}},{"start":{"line":1,"column":522},"end":{"line":1,"column":522}}]},"4":{"line":1,"type":"if","locations":[{"start":{"line":1,"column":590},"end":{"line":1,"column":590}},{"start":{"line":1,"column":590},"end":{"line":1,"column":590}}]},"5":{"line":1,"type":"if","locations":[{"start":{"line":1,"column":862},"end":{"line":1,"column":862}},{"start":{"line":1,"column":862},"end":{"line":1,"column":862}}]},"6":{"line":1,"type":"binary-expr","locations":[{"start":{"line":1,"column":866},"end":{"line":1,"column":869}},{"start":{"line":1,"column":873},"end":{"line":1,"column":887}}]},"7":{"line":1,"type":"if","locations":[{"start":{"line":1,"column":925},"end":{"line":1,"column":925}},{"start":{"line":1,"column":925},"end":{"line":1,"column":925}}]},"8":{"line":1,"type":"if","locations":[{"start":{"line":1,"column":965},"end":{"line":1,"column":965}},{"start":{"line":1,"column":965},"end":{"line":1,"column":965}}]},"9":{"line":1,"type":"if","locations":[{"start":{"line":1,"column":1128},"end":{"line":1,"column":1128}},{"start":{"line":1,"column":1128},"end":{"line":1,"column":1128}}]},"10":{"line":1,"type":"if","locations":[{"start":{"line":1,"column":1277},"end":{"line":1,"column":1277}},{"start":{"line":1,"column":1277},"end":{"line":1,"column":1277}}]},"11":{"line":1,"type":"cond-expr","locations":[{"start":{"line":1,"column":1450},"end":{"line":1,"column":1454}},{"start":{"line":1,"column":1457},"end":{"line":1,"column":1461}}]},"12":{"line":1,"type":"binary-expr","locations":[{"start":{"line":1,"column":1383},"end":{"line":1,"column":1387}},{"start":{"line":1,"column":1392},"end":{"line":1,"column":1416}},{"start":{"line":1,"column":1420},"end":{"line":1,"column":1446}}]},"13":{"line":1,"type":"if","locations":[{"start":{"line":1,"column":1505},"end":{"line":1,"column":1505}},{"start":{"line":1,"column":1505},"end":{"line":1,"column":1505}}]},"14":{"line":1,"type":"binary-expr","locations":[{"start":{"line":1,"column":1509},"end":{"line":1,"column":1541}},{"start":{"line":1,"column":1545},"end":{"line":1,"column":1564}}]},"15":{"line":1,"type":"binary-expr","locations":[{"start":{"line":1,"column":1703},"end":{"line":1,"column":1713}},{"start":{"line":1,"column":1717},"end":{"line":1,"column":1737}}]},"16":{"line":1,"type":"if","locations":[{"start":{"line":1,"column":1832},"end":{"line":1,"column":1832}},{"start":{"line":1,"column":1832},"end":{"line":1,"column":1832}}]},"17":{"line":1,"type":"cond-expr","locations":[{"start":{"line":1,"column":1872},"end":{"line":1,"column":1915}},{"start":{"line":1,"column":1918},"end":{"line":1,"column":1949}}]},"18":{"line":12,"type":"binary-expr","locations":[{"start":{"line":12,"column":19},"end":{"line":12,"column":49}},{"start":{"line":13,"column":12},"end":{"line":13,"column":44}}]},"19":{"line":16,"type":"binary-expr","locations":[{"start":{"line":16,"column":22},"end":{"line":16,"column":42}},{"start":{"line":16,"column":46},"end":{"line":16,"column":48}}]},"20":{"line":17,"type":"cond-expr","locations":[{"start":{"line":17,"column":49},"end":{"line":17,"column":93}},{"start":{"line":17,"column":96},"end":{"line":17,"column":182}}]},"21":{"line":17,"type":"cond-expr","locations":[{"start":{"line":17,"column":114},"end":{"line":17,"column":170}},{"start":{"line":17,"column":173},"end":{"line":17,"column":182}}]}},"l":{"1":36,"2":3,"3":26,"5":26,"6":26,"9":11,"12":77,"16":26,"17":26,"18":26}},
"/Users/suhail/Sites/rockpaper.dev/es6/controllers/SplashScreen/SplashScreen.js":{"path":"/Users/suhail/Sites/rockpaper.dev/es6/controllers/SplashScreen/SplashScreen.js","s":{"1":1,"2":1,"3":1,"4":1,"5":1,"6":4,"7":4,"8":4,"9":4,"10":4,"11":4,"12":1,"13":1,"14":1,"15":1,"16":0,"17":1,"18":1,"19":1,"20":0,"21":1,"22":1,"23":0,"24":0,"25":0,"26":0,"27":1,"28":1,"29":0,"30":0,"31":0,"32":0,"33":1,"34":1,"35":1,"36":1,"37":1,"38":1,"39":1,"40":1,"41":1,"42":1,"43":1,"44":1,"45":1,"46":2,"47":0,"48":2,"49":2,"50":2,"51":26,"52":26,"53":2,"54":2,"55":1,"56":1,"57":0,"58":1,"59":1,"60":0,"61":1,"62":1,"63":1,"64":0,"65":1,"66":1,"67":1,"68":1,"69":1,"70":1,"71":1,"72":1,"73":1,"74":1,"75":1,"76":1,"77":1,"78":1,"79":1,"80":1,"81":1,"82":2,"83":1},"b":{"1":[4,4],"2":[4,0],"3":[1,0],"4":[0,1],"5":[0,1],"6":[0,1],"7":[0,0],"8":[1,0],"9":[0,0],"10":[0,2],"11":[2,2],"12":[2,0],"13":[26,0],"14":[0,1],"15":[0,1],"16":[0,1],"17":[1,0,0],"18":[0,1],"19":[1,0],"20":[1,1],"21":[1,0],"22":[1,0]},"f":{"1":1,"2":1,"3":1,"4":1,"5":2,"6":1,"7":1,"8":1,"9":1,"10":1,"11":1,"12":1,"13":1,"14":2},"fnMap":{"1":{"name":"(anonymous_1)","line":1,"loc":{"start":{"line":1,"column":155},"end":{"line":1,"column":167}}},"2":{"name":"defineProperties","line":1,"loc":{"start":{"line":1,"column":168},"end":{"line":1,"column":209}}},"3":{"name":"(anonymous_3)","line":1,"loc":{"start":{"line":1,"column":483},"end":{"line":1,"column":531}}},"4":{"name":"get","line":1,"loc":{"start":{"line":1,"column":696},"end":{"line":1,"column":737}}},"5":{"name":"_interopRequireWildcard","line":10,"loc":{"start":{"line":10,"column":86},"end":{"line":10,"column":124}}},"6":{"name":"_classCallCheck","line":10,"loc":{"start":{"line":10,"column":342},"end":{"line":10,"column":390}}},"7":{"name":"_possibleConstructorReturn","line":10,"loc":{"start":{"line":10,"column":491},"end":{"line":10,"column":539}}},"8":{"name":"_inherits","line":10,"loc":{"start":{"line":10,"column":726},"end":{"line":10,"column":767}}},"9":{"name":"(anonymous_9)","line":11,"loc":{"start":{"line":11,"column":46},"end":{"line":11,"column":73}}},"10":{"name":"SplashScreenCtrl","line":12,"loc":{"start":{"line":12,"column":4},"end":{"line":12,"column":61}}},"11":{"name":"onModeSelected","line":16,"loc":{"start":{"line":16,"column":240},"end":{"line":18,"column":14}}},"12":{"name":"componentDidMount","line":19,"loc":{"start":{"line":19,"column":136},"end":{"line":21,"column":8}}},"13":{"name":"shouldComponentUpdate","line":24,"loc":{"start":{"line":24,"column":189},"end":{"line":26,"column":22}}},"14":{"name":"render","line":27,"loc":{"start":{"line":27,"column":85},"end":{"line":29,"column":8}}}},"statementMap":{"1":{"start":{"line":1,"column":37},"end":{"line":1,"column":99},"skip":true},"2":{"start":{"line":1,"column":99},"end":{"line":1,"column":136}},"3":{"start":{"line":1,"column":136},"end":{"line":1,"column":685}},"4":{"start":{"line":1,"column":168},"end":{"line":1,"column":476}},"5":{"start":{"line":1,"column":210},"end":{"line":1,"column":475}},"6":{"start":{"line":1,"column":250},"end":{"line":1,"column":276}},"7":{"start":{"line":1,"column":276},"end":{"line":1,"column":331}},"8":{"start":{"line":1,"column":331},"end":{"line":1,"column":362}},"9":{"start":{"line":1,"column":362},"end":{"line":1,"column":416}},"10":{"start":{"line":1,"column":389},"end":{"line":1,"column":416}},"11":{"start":{"line":1,"column":416},"end":{"line":1,"column":474}},"12":{"start":{"line":1,"column":476},"end":{"line":1,"column":681}},"13":{"start":{"line":1,"column":532},"end":{"line":1,"column":600}},"14":{"start":{"line":1,"column":548},"end":{"line":1,"column":600}},"15":{"start":{"line":1,"column":600},"end":{"line":1,"column":660}},"16":{"start":{"line":1,"column":617},"end":{"line":1,"column":660}},"17":{"start":{"line":1,"column":660},"end":{"line":1,"column":679}},"18":{"start":{"line":1,"column":685},"end":{"line":1,"column":1157}},"19":{"start":{"line":1,"column":738},"end":{"line":1,"column":787}},"20":{"start":{"line":1,"column":759},"end":{"line":1,"column":787}},"21":{"start":{"line":1,"column":787},"end":{"line":1,"column":848}},"22":{"start":{"line":1,"column":848},"end":{"line":1,"column":1155}},"23":{"start":{"line":1,"column":873},"end":{"line":1,"column":916}},"24":{"start":{"line":1,"column":916},"end":{"line":1,"column":1003}},"25":{"start":{"line":1,"column":938},"end":{"line":1,"column":955}},"26":{"start":{"line":1,"column":963},"end":{"line":1,"column":1002}},"27":{"start":{"line":1,"column":1010},"end":{"line":1,"column":1155}},"28":{"start":{"line":1,"column":1032},"end":{"line":1,"column":1050}},"29":{"start":{"line":1,"column":1058},"end":{"line":1,"column":1080}},"30":{"start":{"line":1,"column":1080},"end":{"line":1,"column":1125}},"31":{"start":{"line":1,"column":1107},"end":{"line":1,"column":1124}},"32":{"start":{"line":1,"column":1125},"end":{"line":1,"column":1154}},"33":{"start":{"line":1,"column":1157},"end":{"line":1,"column":1211}},"34":{"start":{"line":1,"column":1236},"end":{"line":1,"column":1280}},"35":{"start":{"line":2,"column":0},"end":{"line":2,"column":62}},"36":{"start":{"line":2,"column":87},"end":{"line":2,"column":139}},"37":{"start":{"line":3,"column":0},"end":{"line":3,"column":60}},"38":{"start":{"line":4,"column":0},"end":{"line":4,"column":60}},"39":{"start":{"line":5,"column":0},"end":{"line":5,"column":68}},"40":{"start":{"line":6,"column":0},"end":{"line":6,"column":72}},"41":{"start":{"line":7,"column":0},"end":{"line":7,"column":60}},"42":{"start":{"line":8,"column":0},"end":{"line":8,"column":65}},"43":{"start":{"line":9,"column":0},"end":{"line":9,"column":73}},"44":{"start":{"line":10,"column":0},"end":{"line":10,"column":61}},"45":{"start":{"line":10,"column":86},"end":{"line":10,"column":342}},"46":{"start":{"line":10,"column":125},"end":{"line":10,"column":341}},"47":{"start":{"line":10,"column":153},"end":{"line":10,"column":164}},"48":{"start":{"line":10,"column":172},"end":{"line":10,"column":188}},"49":{"start":{"line":10,"column":188},"end":{"line":10,"column":305}},"50":{"start":{"line":10,"column":206},"end":{"line":10,"column":304}},"51":{"start":{"line":10,"column":228},"end":{"line":10,"column":303}},"52":{"start":{"line":10,"column":280},"end":{"line":10,"column":303}},"53":{"start":{"line":10,"column":305},"end":{"line":10,"column":326}},"54":{"start":{"line":10,"column":326},"end":{"line":10,"column":340}},"55":{"start":{"line":10,"column":342},"end":{"line":10,"column":491}},"56":{"start":{"line":10,"column":391},"end":{"line":10,"column":490}},"57":{"start":{"line":10,"column":432},"end":{"line":10,"column":489}},"58":{"start":{"line":10,"column":491},"end":{"line":10,"column":726}},"59":{"start":{"line":10,"column":540},"end":{"line":10,"column":639}},"60":{"start":{"line":10,"column":552},"end":{"line":10,"column":638}},"61":{"start":{"line":10,"column":639},"end":{"line":10,"column":725}},"62":{"start":{"line":10,"column":726},"end":{"line":10,"column":1214}},"63":{"start":{"line":10,"column":768},"end":{"line":10,"column":931}},"64":{"start":{"line":10,"column":830},"end":{"line":10,"column":930}},"65":{"start":{"line":10,"column":931},"end":{"line":10,"column":1095}},"66":{"start":{"line":10,"column":1095},"end":{"line":10,"column":1213}},"67":{"start":{"line":10,"column":1111},"end":{"line":10,"column":1213}},"68":{"start":{"line":10,"column":1214},"end":{"line":30,"column":1191}},"69":{"start":{"line":11,"column":74},"end":{"line":11,"column":119}},"70":{"start":{"line":12,"column":4},"end":{"line":16,"column":176}},"71":{"start":{"line":12,"column":86},"end":{"line":12,"column":126}},"72":{"start":{"line":12,"column":126},"end":{"line":13,"column":42}},"73":{"start":{"line":14,"column":32},"end":{"line":14,"column":110}},"74":{"start":{"line":16,"column":32},"end":{"line":16,"column":137}},"75":{"start":{"line":16,"column":162},"end":{"line":16,"column":175},"skip":true},"76":{"start":{"line":16,"column":176},"end":{"line":30,"column":1139}},"77":{"start":{"line":19,"column":12},"end":{"line":19,"column":96}},"78":{"start":{"line":22,"column":36},"end":{"line":22,"column":130}},"79":{"start":{"line":23,"column":12},"end":{"line":23,"column":179}},"80":{"start":{"line":24,"column":12},"end":{"line":24,"column":145}},"81":{"start":{"line":27,"column":12},"end":{"line":27,"column":56}},"82":{"start":{"line":30,"column":12},"end":{"line":30,"column":1133}},"83":{"start":{"line":30,"column":1139},"end":{"line":30,"column":1163}}},"branchMap":{"1":{"line":1,"type":"binary-expr","locations":[{"start":{"line":1,"column":300},"end":{"line":1,"column":321}},{"start":{"line":1,"column":325},"end":{"line":1,"column":330}}]},"2":{"line":1,"type":"if","locations":[{"start":{"line":1,"column":362},"end":{"line":1,"column":362}},{"start":{"line":1,"column":362},"end":{"line":1,"column":362}}]},"3":{"line":1,"type":"if","locations":[{"start":{"line":1,"column":532},"end":{"line":1,"column":532}},{"start":{"line":1,"column":532},"end":{"line":1,"column":532}}]},"4":{"line":1,"type":"if","locations":[{"start":{"line":1,"column":600},"end":{"line":1,"column":600}},{"start":{"line":1,"column":600},"end":{"line":1,"column":600}}]},"5":{"line":1,"type":"if","locations":[{"start":{"line":1,"column":738},"end":{"line":1,"column":738}},{"start":{"line":1,"column":738},"end":{"line":1,"column":738}}]},"6":{"line":1,"type":"if","locations":[{"start":{"line":1,"column":848},"end":{"line":1,"column":848}},{"start":{"line":1,"column":848},"end":{"line":1,"column":848}}]},"7":{"line":1,"type":"if","locations":[{"start":{"line":1,"column":916},"end":{"line":1,"column":916}},{"start":{"line":1,"column":916},"end":{"line":1,"column":916}}]},"8":{"line":1,"type":"if","locations":[{"start":{"line":1,"column":1010},"end":{"line":1,"column":1010}},{"start":{"line":1,"column":1010},"end":{"line":1,"column":1010}}]},"9":{"line":1,"type":"if","locations":[{"start":{"line":1,"column":1080},"end":{"line":1,"column":1080}},{"start":{"line":1,"column":1080},"end":{"line":1,"column":1080}}]},"10":{"line":10,"type":"if","locations":[{"start":{"line":10,"column":125},"end":{"line":10,"column":125}},{"start":{"line":10,"column":125},"end":{"line":10,"column":125}}]},"11":{"line":10,"type":"binary-expr","locations":[{"start":{"line":10,"column":129},"end":{"line":10,"column":132}},{"start":{"line":10,"column":136},"end":{"line":10,"column":150}}]},"12":{"line":10,"type":"if","locations":[{"start":{"line":10,"column":188},"end":{"line":10,"column":188}},{"start":{"line":10,"column":188},"end":{"line":10,"column":188}}]},"13":{"line":10,"type":"if","locations":[{"start":{"line":10,"column":228},"end":{"line":10,"column":228}},{"start":{"line":10,"column":228},"end":{"line":10,"column":228}}]},"14":{"line":10,"type":"if","locations":[{"start":{"line":10,"column":391},"end":{"line":10,"column":391}},{"start":{"line":10,"column":391},"end":{"line":10,"column":391}}]},"15":{"line":10,"type":"if","locations":[{"start":{"line":10,"column":540},"end":{"line":10,"column":540}},{"start":{"line":10,"column":540},"end":{"line":10,"column":540}}]},"16":{"line":10,"type":"cond-expr","locations":[{"start":{"line":10,"column":713},"end":{"line":10,"column":717}},{"start":{"line":10,"column":720},"end":{"line":10,"column":724}}]},"17":{"line":10,"type":"binary-expr","locations":[{"start":{"line":10,"column":646},"end":{"line":10,"column":650}},{"start":{"line":10,"column":655},"end":{"line":10,"column":679}},{"start":{"line":10,"column":683},"end":{"line":10,"column":709}}]},"18":{"line":10,"type":"if","locations":[{"start":{"line":10,"column":768},"end":{"line":10,"column":768}},{"start":{"line":10,"column":768},"end":{"line":10,"column":768}}]},"19":{"line":10,"type":"binary-expr","locations":[{"start":{"line":10,"column":772},"end":{"line":10,"column":804}},{"start":{"line":10,"column":808},"end":{"line":10,"column":827}}]},"20":{"line":10,"type":"binary-expr","locations":[{"start":{"line":10,"column":966},"end":{"line":10,"column":976}},{"start":{"line":10,"column":980},"end":{"line":10,"column":1000}}]},"21":{"line":10,"type":"if","locations":[{"start":{"line":10,"column":1095},"end":{"line":10,"column":1095}},{"start":{"line":10,"column":1095},"end":{"line":10,"column":1095}}]},"22":{"line":10,"type":"cond-expr","locations":[{"start":{"line":10,"column":1135},"end":{"line":10,"column":1178}},{"start":{"line":10,"column":1181},"end":{"line":10,"column":1212}}]}},"l":{"1":4,"2":1,"3":1,"4":1,"5":1,"6":1,"7":1,"8":1,"9":1,"10":26,"11":1,"12":1,"14":1,"16":1,"19":1,"22":1,"23":1,"24":1,"27":1,"30":2}},
"/Users/suhail/Sites/rockpaper.dev/es6/ui/Logo.js":{"path":"/Users/suhail/Sites/rockpaper.dev/es6/ui/Logo.js","s":{"1":3,"2":3,"3":3,"4":3,"5":3,"6":6,"7":6,"8":6,"9":6,"10":6,"11":6,"12":3,"13":3,"14":3,"15":3,"16":0,"17":3,"18":3,"19":3,"20":3,"21":3,"22":0,"23":3,"24":3,"25":3,"26":36,"27":36,"28":3,"29":3,"30":3,"31":7,"32":0,"33":3,"34":7,"35":0,"36":7,"37":3,"38":3,"39":0,"40":3,"41":3,"42":3,"43":3,"44":3,"45":3,"46":7,"47":7,"48":7,"49":7,"50":3,"51":16,"52":7,"53":7,"54":3},"b":{"1":[6,6],"2":[6,0],"3":[3,0],"4":[0,3],"5":[0,3],"6":[3,3],"7":[3,0],"8":[36,0],"9":[0,7],"10":[0,7],"11":[0,7],"12":[7,0,0],"13":[0,3],"14":[3,0],"15":[3,3],"16":[3,0],"17":[3,0],"18":[16,16],"19":[7,2]},"f":{"1":3,"2":3,"3":3,"4":3,"5":7,"6":7,"7":3,"8":3,"9":7,"10":16,"11":7},"fnMap":{"1":{"name":"(anonymous_1)","line":1,"loc":{"start":{"line":1,"column":143},"end":{"line":1,"column":155}}},"2":{"name":"defineProperties","line":1,"loc":{"start":{"line":1,"column":156},"end":{"line":1,"column":197}}},"3":{"name":"(anonymous_3)","line":1,"loc":{"start":{"line":1,"column":471},"end":{"line":1,"column":519}}},"4":{"name":"_interopRequireWildcard","line":1,"loc":{"start":{"line":1,"column":821},"end":{"line":1,"column":859}}},"5":{"name":"_classCallCheck","line":1,"loc":{"start":{"line":1,"column":1077},"end":{"line":1,"column":1125}}},"6":{"name":"_possibleConstructorReturn","line":1,"loc":{"start":{"line":1,"column":1226},"end":{"line":1,"column":1274}}},"7":{"name":"_inherits","line":1,"loc":{"start":{"line":1,"column":1461},"end":{"line":1,"column":1502}}},"8":{"name":"(anonymous_8)","line":2,"loc":{"start":{"line":2,"column":22},"end":{"line":2,"column":50}}},"9":{"name":"Logo","line":3,"loc":{"start":{"line":3,"column":4},"end":{"line":3,"column":49}}},"10":{"name":"shouldComponentUpdate","line":5,"loc":{"start":{"line":5,"column":147},"end":{"line":7,"column":15}}},"11":{"name":"render","line":9,"loc":{"start":{"line":9,"column":82},"end":{"line":11,"column":8}}}},"statementMap":{"1":{"start":{"line":1,"column":37},"end":{"line":1,"column":99},"skip":true},"2":{"start":{"line":1,"column":99},"end":{"line":1,"column":124}},"3":{"start":{"line":1,"column":124},"end":{"line":1,"column":673}},"4":{"start":{"line":1,"column":156},"end":{"line":1,"column":464}},"5":{"start":{"line":1,"column":198},"end":{"line":1,"column":463}},"6":{"start":{"line":1,"column":238},"end":{"line":1,"column":264}},"7":{"start":{"line":1,"column":264},"end":{"line":1,"column":319}},"8":{"start":{"line":1,"column":319},"end":{"line":1,"column":350}},"9":{"start":{"line":1,"column":350},"end":{"line":1,"column":404}},"10":{"start":{"line":1,"column":377},"end":{"line":1,"column":404}},"11":{"start":{"line":1,"column":404},"end":{"line":1,"column":462}},"12":{"start":{"line":1,"column":464},"end":{"line":1,"column":669}},"13":{"start":{"line":1,"column":520},"end":{"line":1,"column":588}},"14":{"start":{"line":1,"column":536},"end":{"line":1,"column":588}},"15":{"start":{"line":1,"column":588},"end":{"line":1,"column":648}},"16":{"start":{"line":1,"column":605},"end":{"line":1,"column":648}},"17":{"start":{"line":1,"column":648},"end":{"line":1,"column":667}},"18":{"start":{"line":1,"column":673},"end":{"line":1,"column":727}},"19":{"start":{"line":1,"column":752},"end":{"line":1,"column":796}},"20":{"start":{"line":1,"column":821},"end":{"line":1,"column":1077}},"21":{"start":{"line":1,"column":860},"end":{"line":1,"column":1076}},"22":{"start":{"line":1,"column":888},"end":{"line":1,"column":899}},"23":{"start":{"line":1,"column":907},"end":{"line":1,"column":923}},"24":{"start":{"line":1,"column":923},"end":{"line":1,"column":1040}},"25":{"start":{"line":1,"column":941},"end":{"line":1,"column":1039}},"26":{"start":{"line":1,"column":963},"end":{"line":1,"column":1038}},"27":{"start":{"line":1,"column":1015},"end":{"line":1,"column":1038}},"28":{"start":{"line":1,"column":1040},"end":{"line":1,"column":1061}},"29":{"start":{"line":1,"column":1061},"end":{"line":1,"column":1075}},"30":{"start":{"line":1,"column":1077},"end":{"line":1,"column":1226}},"31":{"start":{"line":1,"column":1126},"end":{"line":1,"column":1225}},"32":{"start":{"line":1,"column":1167},"end":{"line":1,"column":1224}},"33":{"start":{"line":1,"column":1226},"end":{"line":1,"column":1461}},"34":{"start":{"line":1,"column":1275},"end":{"line":1,"column":1374}},"35":{"start":{"line":1,"column":1287},"end":{"line":1,"column":1373}},"36":{"start":{"line":1,"column":1374},"end":{"line":1,"column":1460}},"37":{"start":{"line":1,"column":1461},"end":{"line":1,"column":1949}},"38":{"start":{"line":1,"column":1503},"end":{"line":1,"column":1666}},"39":{"start":{"line":1,"column":1565},"end":{"line":1,"column":1665}},"40":{"start":{"line":1,"column":1666},"end":{"line":1,"column":1830}},"41":{"start":{"line":1,"column":1830},"end":{"line":1,"column":1948}},"42":{"start":{"line":1,"column":1846},"end":{"line":1,"column":1948}},"43":{"start":{"line":1,"column":1949},"end":{"line":13,"column":168}},"44":{"start":{"line":2,"column":51},"end":{"line":2,"column":85}},"45":{"start":{"line":3,"column":4},"end":{"line":5,"column":88}},"46":{"start":{"line":3,"column":74},"end":{"line":3,"column":102}},"47":{"start":{"line":3,"column":102},"end":{"line":4,"column":16}},"48":{"start":{"line":5,"column":32},"end":{"line":5,"column":49}},"49":{"start":{"line":5,"column":74},"end":{"line":5,"column":87}},"50":{"start":{"line":5,"column":88},"end":{"line":13,"column":137}},"51":{"start":{"line":8,"column":12},"end":{"line":9,"column":53}},"52":{"start":{"line":12,"column":12},"end":{"line":12,"column":49}},"53":{"start":{"line":13,"column":12},"end":{"line":13,"column":131}},"54":{"start":{"line":13,"column":137},"end":{"line":13,"column":149}}},"branchMap":{"1":{"line":1,"type":"binary-expr","locations":[{"start":{"line":1,"column":288},"end":{"line":1,"column":309}},{"start":{"line":1,"column":313},"end":{"line":1,"column":318}}]},"2":{"line":1,"type":"if","locations":[{"start":{"line":1,"column":350},"end":{"line":1,"column":350}},{"start":{"line":1,"column":350},"end":{"line":1,"column":350}}]},"3":{"line":1,"type":"if","locations":[{"start":{"line":1,"column":520},"end":{"line":1,"column":520}},{"start":{"line":1,"column":520},"end":{"line":1,"column":520}}]},"4":{"line":1,"type":"if","locations":[{"start":{"line":1,"column":588},"end":{"line":1,"column":588}},{"start":{"line":1,"column":588},"end":{"line":1,"column":588}}]},"5":{"line":1,"type":"if","locations":[{"start":{"line":1,"column":860},"end":{"line":1,"column":860}},{"start":{"line":1,"column":860},"end":{"line":1,"column":860}}]},"6":{"line":1,"type":"binary-expr","locations":[{"start":{"line":1,"column":864},"end":{"line":1,"column":867}},{"start":{"line":1,"column":871},"end":{"line":1,"column":885}}]},"7":{"line":1,"type":"if","locations":[{"start":{"line":1,"column":923},"end":{"line":1,"column":923}},{"start":{"line":1,"column":923},"end":{"line":1,"column":923}}]},"8":{"line":1,"type":"if","locations":[{"start":{"line":1,"column":963},"end":{"line":1,"column":963}},{"start":{"line":1,"column":963},"end":{"line":1,"column":963}}]},"9":{"line":1,"type":"if","locations":[{"start":{"line":1,"column":1126},"end":{"line":1,"column":1126}},{"start":{"line":1,"column":1126},"end":{"line":1,"column":1126}}]},"10":{"line":1,"type":"if","locations":[{"start":{"line":1,"column":1275},"end":{"line":1,"column":1275}},{"start":{"line":1,"column":1275},"end":{"line":1,"column":1275}}]},"11":{"line":1,"type":"cond-expr","locations":[{"start":{"line":1,"column":1448},"end":{"line":1,"column":1452}},{"start":{"line":1,"column":1455},"end":{"line":1,"column":1459}}]},"12":{"line":1,"type":"binary-expr","locations":[{"start":{"line":1,"column":1381},"end":{"line":1,"column":1385}},{"start":{"line":1,"column":1390},"end":{"line":1,"column":1414}},{"start":{"line":1,"column":1418},"end":{"line":1,"column":1444}}]},"13":{"line":1,"type":"if","locations":[{"start":{"line":1,"column":1503},"end":{"line":1,"column":1503}},{"start":{"line":1,"column":1503},"end":{"line":1,"column":1503}}]},"14":{"line":1,"type":"binary-expr","locations":[{"start":{"line":1,"column":1507},"end":{"line":1,"column":1539}},{"start":{"line":1,"column":1543},"end":{"line":1,"column":1562}}]},"15":{"line":1,"type":"binary-expr","locations":[{"start":{"line":1,"column":1701},"end":{"line":1,"column":1711}},{"start":{"line":1,"column":1715},"end":{"line":1,"column":1735}}]},"16":{"line":1,"type":"if","locations":[{"start":{"line":1,"column":1830},"end":{"line":1,"column":1830}},{"start":{"line":1,"column":1830},"end":{"line":1,"column":1830}}]},"17":{"line":1,"type":"cond-expr","locations":[{"start":{"line":1,"column":1870},"end":{"line":1,"column":1913}},{"start":{"line":1,"column":1916},"end":{"line":1,"column":1947}}]},"18":{"line":8,"type":"binary-expr","locations":[{"start":{"line":8,"column":19},"end":{"line":8,"column":51}},{"start":{"line":9,"column":12},"end":{"line":9,"column":52}}]},"19":{"line":12,"type":"binary-expr","locations":[{"start":{"line":12,"column":22},"end":{"line":12,"column":42}},{"start":{"line":12,"column":46},"end":{"line":12,"column":48}}]}},"l":{"1":36,"2":3,"3":7,"5":7,"8":16,"12":7,"13":7}},
"/Users/suhail/Sites/rockpaper.dev/es6/controllers/App/Reducer.js":{"path":"/Users/suhail/Sites/rockpaper.dev/es6/controllers/App/Reducer.js","s":{"1":1,"2":1,"3":1,"4":1,"5":1,"6":3,"7":3,"8":3,"9":2,"10":2,"11":2,"12":3},"b":{"1":[2,1],"2":[2]},"f":{"1":3},"fnMap":{"1":{"name":"Reducer","line":3,"loc":{"start":{"line":3,"column":146},"end":{"line":3,"column":178}}}},"statementMap":{"1":{"start":{"line":1,"column":37},"end":{"line":1,"column":99},"skip":true},"2":{"start":{"line":1,"column":99},"end":{"line":3,"column":18}},"3":{"start":{"line":3,"column":18},"end":{"line":3,"column":86}},"4":{"start":{"line":3,"column":86},"end":{"line":3,"column":146}},"5":{"start":{"line":3,"column":146},"end":{"line":13,"column":21}},"6":{"start":{"line":4,"column":4},"end":{"line":4,"column":25}},"7":{"start":{"line":5,"column":4},"end":{"line":5,"column":72}},"8":{"start":{"line":6,"column":4},"end":{"line":10,"column":24}},"9":{"start":{"line":7,"column":8},"end":{"line":10,"column":23}},"10":{"start":{"line":9,"column":16},"end":{"line":9,"column":74}},"11":{"start":{"line":10,"column":16},"end":{"line":10,"column":22}},"12":{"start":{"line":13,"column":4},"end":{"line":13,"column":20}}},"branchMap":{"1":{"line":6,"type":"if","locations":[{"start":{"line":6,"column":4},"end":{"line":6,"column":4}},{"start":{"line":6,"column":4},"end":{"line":6,"column":4}}]},"2":{"line":7,"type":"switch","locations":[{"start":{"line":8,"column":12},"end":{"line":10,"column":22}}]}},"l":{"1":1,"3":1,"4":3,"5":3,"6":3,"7":2,"9":2,"10":2,"13":3}},
"/Users/suhail/Sites/rockpaper.dev/es6/controllers/App/Actions.js":{"path":"/Users/suhail/Sites/rockpaper.dev/es6/controllers/App/Actions.js","s":{"1":1,"2":1,"3":1,"4":1,"5":1,"6":2},"b":{},"f":{"1":2},"fnMap":{"1":{"name":"INFO_ACTION","line":18,"loc":{"start":{"line":18,"column":17},"end":{"line":18,"column":65}}}},"statementMap":{"1":{"start":{"line":1,"column":37},"end":{"line":1,"column":99},"skip":true},"2":{"start":{"line":1,"column":99},"end":{"line":1,"column":143}},"3":{"start":{"line":2,"column":0},"end":{"line":2,"column":68}},"4":{"start":{"line":6,"column":0},"end":{"line":8,"column":74}},"5":{"start":{"line":13,"column":0},"end":{"line":21,"column":26}},"6":{"start":{"line":19,"column":8},"end":{"line":21,"column":22}}},"branchMap":{},"l":{"1":1,"2":1,"6":1,"13":1,"19":2}},
"/Users/suhail/Sites/rockpaper.dev/es6/controllers/App/StateAndProps.js":{"path":"/Users/suhail/Sites/rockpaper.dev/es6/controllers/App/StateAndProps.js","s":{"1":1,"2":1,"3":1},"b":{},"f":{},"fnMap":{},"statementMap":{"1":{"start":{"line":1,"column":37},"end":{"line":1,"column":99},"skip":true},"2":{"start":{"line":4,"column":0},"end":{"line":4,"column":66}},"3":{"start":{"line":5,"column":0},"end":{"line":6,"column":31}}},"branchMap":{},"l":{"1":1,"4":1,"5":1}},
"/Users/suhail/Sites/rockpaper.dev/es6/controllers/GamePlay/Reducer.js":{"path":"/Users/suhail/Sites/rockpaper.dev/es6/controllers/GamePlay/Reducer.js","s":{"1":2,"2":2,"3":2,"4":2,"5":2,"6":2,"7":2,"8":34,"9":34,"10":34,"11":33,"12":2,"13":2,"14":2,"15":2,"16":2,"17":2,"18":2,"19":2,"20":7,"21":7,"22":7,"23":7,"24":13,"25":13,"26":13,"27":13,"28":3,"29":3,"30":10,"31":6,"32":6,"33":13,"34":7,"35":6,"36":3,"37":13,"38":2,"39":11,"40":13,"41":13,"42":9,"43":9,"44":9,"45":9,"46":2,"47":2,"48":2,"49":34},"b":{"1":[33,1],"2":[34,27],"3":[2,7,13,9,2],"4":[1,6],"5":[1,6],"6":[3,10],"7":[6,4],"8":[7,6],"9":[3,3],"10":[2,11]},"f":{"1":34,"2":2,"3":7,"4":13,"5":9,"6":2},"fnMap":{"1":{"name":"Reducer","line":5,"loc":{"start":{"line":5,"column":308},"end":{"line":5,"column":340}}},"2":{"name":"(anonymous_2)","line":12,"loc":{"start":{"line":12,"column":50},"end":{"line":12,"column":63}}},"3":{"name":"(anonymous_3)","line":25,"loc":{"start":{"line":25,"column":50},"end":{"line":25,"column":63}}},"4":{"name":"(anonymous_4)","line":36,"loc":{"start":{"line":36,"column":50},"end":{"line":36,"column":63}}},"5":{"name":"(anonymous_5)","line":65,"loc":{"start":{"line":65,"column":50},"end":{"line":65,"column":63}}},"6":{"name":"(anonymous_6)","line":85,"loc":{"start":{"line":85,"column":50},"end":{"line":85,"column":63}}}},"statementMap":{"1":{"start":{"line":1,"column":37},"end":{"line":1,"column":99},"skip":true},"2":{"start":{"line":1,"column":99},"end":{"line":5,"column":18}},"3":{"start":{"line":5,"column":18},"end":{"line":5,"column":86}},"4":{"start":{"line":5,"column":86},"end":{"line":5,"column":160}},"5":{"start":{"line":5,"column":160},"end":{"line":5,"column":247}},"6":{"start":{"line":5,"column":247},"end":{"line":5,"column":308}},"7":{"start":{"line":5,"column":308},"end":{"line":94,"column":21}},"8":{"start":{"line":6,"column":4},"end":{"line":6,"column":25}},"9":{"start":{"line":7,"column":4},"end":{"line":7,"column":72}},"10":{"start":{"line":8,"column":4},"end":{"line":91,"column":24}},"11":{"start":{"line":10,"column":8},"end":{"line":91,"column":23}},"12":{"start":{"line":12,"column":16},"end":{"line":21,"column":54}},"13":{"start":{"line":13,"column":20},"end":{"line":13,"column":79}},"14":{"start":{"line":14,"column":20},"end":{"line":14,"column":40}},"15":{"start":{"line":15,"column":20},"end":{"line":15,"column":40}},"16":{"start":{"line":16,"column":20},"end":{"line":16,"column":41}},"17":{"start":{"line":17,"column":20},"end":{"line":17,"column":41}},"18":{"start":{"line":18,"column":20},"end":{"line":21,"column":51}},"19":{"start":{"line":23,"column":16},"end":{"line":23,"column":22}},"20":{"start":{"line":25,"column":16},"end":{"line":32,"column":47}},"21":{"start":{"line":26,"column":20},"end":{"line":26,"column":394}},"22":{"start":{"line":27,"column":20},"end":{"line":32,"column":44}},"23":{"start":{"line":34,"column":16},"end":{"line":34,"column":22}},"24":{"start":{"line":36,"column":16},"end":{"line":61,"column":53}},"25":{"start":{"line":37,"column":20},"end":{"line":37,"column":218}},"26":{"start":{"line":38,"column":20},"end":{"line":38,"column":48}},"27":{"start":{"line":39,"column":20},"end":{"line":45,"column":46}},"28":{"start":{"line":40,"column":24},"end":{"line":40,"column":41}},"29":{"start":{"line":41,"column":24},"end":{"line":41,"column":45}},"30":{"start":{"line":43,"column":20},"end":{"line":45,"column":46}},"31":{"start":{"line":44,"column":24},"end":{"line":44,"column":41}},"32":{"start":{"line":45,"column":24},"end":{"line":45,"column":45}},"33":{"start":{"line":47,"column":20},"end":{"line":51,"column":46}},"34":{"start":{"line":48,"column":24},"end":{"line":48,"column":45}},"35":{"start":{"line":50,"column":20},"end":{"line":51,"column":46}},"36":{"start":{"line":51,"column":24},"end":{"line":51,"column":45}},"37":{"start":{"line":53,"column":20},"end":{"line":57,"column":57}},"38":{"start":{"line":54,"column":24},"end":{"line":54,"column":57}},"39":{"start":{"line":57,"column":24},"end":{"line":57,"column":56}},"40":{"start":{"line":59,"column":20},"end":{"line":61,"column":50}},"41":{"start":{"line":63,"column":16},"end":{"line":63,"column":22}},"42":{"start":{"line":65,"column":16},"end":{"line":69,"column":44}},"43":{"start":{"line":66,"column":20},"end":{"line":66,"column":79}},"44":{"start":{"line":67,"column":20},"end":{"line":69,"column":41}},"45":{"start":{"line":71,"column":16},"end":{"line":71,"column":22}},"46":{"start":{"line":85,"column":16},"end":{"line":89,"column":55}},"47":{"start":{"line":86,"column":20},"end":{"line":89,"column":52}},"48":{"start":{"line":91,"column":16},"end":{"line":91,"column":22}},"49":{"start":{"line":94,"column":4},"end":{"line":94,"column":20}}},"branchMap":{"1":{"line":8,"type":"if","locations":[{"start":{"line":8,"column":4},"end":{"line":8,"column":4}},{"start":{"line":8,"column":4},"end":{"line":8,"column":4}}]},"2":{"line":8,"type":"binary-expr","locations":[{"start":{"line":8,"column":8},"end":{"line":8,"column":61}},{"start":{"line":9,"column":4},"end":{"line":9,"column":55}}]},"3":{"line":10,"type":"switch","locations":[{"start":{"line":11,"column":12},"end":{"line":23,"column":22}},{"start":{"line":24,"column":12},"end":{"line":34,"column":22}},{"start":{"line":35,"column":12},"end":{"line":63,"column":22}},{"start":{"line":64,"column":12},"end":{"line":71,"column":22}},{"start":{"line":84,"column":12},"end":{"line":91,"column":22}}]},"4":{"line":26,"type":"cond-expr","locations":[{"start":{"line":26,"column":205},"end":{"line":26,"column":217}},{"start":{"line":26,"column":220},"end":{"line":26,"column":230}}]},"5":{"line":26,"type":"cond-expr","locations":[{"start":{"line":26,"column":257},"end":{"line":26,"column":329}},{"start":{"line":26,"column":332},"end":{"line":26,"column":393}}]},"6":{"line":39,"type":"if","locations":[{"start":{"line":39,"column":20},"end":{"line":39,"column":20}},{"start":{"line":39,"column":20},"end":{"line":39,"column":20}}]},"7":{"line":43,"type":"if","locations":[{"start":{"line":43,"column":20},"end":{"line":43,"column":20}},{"start":{"line":43,"column":20},"end":{"line":43,"column":20}}]},"8":{"line":47,"type":"if","locations":[{"start":{"line":47,"column":20},"end":{"line":47,"column":20}},{"start":{"line":47,"column":20},"end":{"line":47,"column":20}}]},"9":{"line":50,"type":"if","locations":[{"start":{"line":50,"column":20},"end":{"line":50,"column":20}},{"start":{"line":50,"column":20},"end":{"line":50,"column":20}}]},"10":{"line":53,"type":"if","locations":[{"start":{"line":53,"column":20},"end":{"line":53,"column":20}},{"start":{"line":53,"column":20},"end":{"line":53,"column":20}}]}},"l":{"1":2,"5":2,"6":34,"7":34,"8":34,"10":33,"12":2,"13":2,"14":2,"15":2,"16":2,"17":2,"18":2,"23":2,"25":7,"26":7,"27":7,"34":7,"36":13,"37":13,"38":13,"39":13,"40":3,"41":3,"43":10,"44":6,"45":6,"47":13,"48":7,"50":6,"51":3,"53":13,"54":2,"57":11,"59":13,"63":13,"65":9,"66":9,"67":9,"71":9,"85":2,"86":2,"91":2,"94":34}},
"/Users/suhail/Sites/rockpaper.dev/es6/controllers/GamePlay/GamePlay.js":{"path":"/Users/suhail/Sites/rockpaper.dev/es6/controllers/GamePlay/GamePlay.js","s":{"1":1,"2":1,"3":1,"4":1,"5":1,"6":11,"7":11,"8":11,"9":11,"10":11,"11":11,"12":1,"13":1,"14":1,"15":1,"16":0,"17":1,"18":1,"19":3,"20":0,"21":3,"22":3,"23":0,"24":0,"25":0,"26":0,"27":3,"28":3,"29":0,"30":0,"31":0,"32":0,"33":1,"34":1,"35":1,"36":1,"37":1,"38":1,"39":1,"40":1,"41":1,"42":1,"43":1,"44":1,"45":1,"46":1,"47":1,"48":1,"49":3,"50":0,"51":3,"52":3,"53":3,"54":32,"55":32,"56":3,"57":3,"58":1,"59":3,"60":0,"61":1,"62":3,"63":0,"64":3,"65":1,"66":1,"67":0,"68":1,"69":1,"70":1,"71":1,"72":1,"73":1,"74":3,"75":3,"76":3,"77":3,"78":3,"79":3,"80":3,"81":3,"82":1,"83":3,"84":3,"85":3,"86":15,"87":0,"88":0,"89":5,"90":5,"91":5,"92":1,"93":9,"94":9,"95":9,"96":0,"97":9,"98":6,"99":2,"100":2,"101":2,"102":2,"103":1,"104":3,"105":2,"106":2,"107":2,"108":2,"109":1,"110":2,"111":2,"112":2,"113":2,"114":1,"115":3,"116":2,"117":6,"118":6,"119":15,"120":9,"121":6,"122":1,"123":18,"124":18,"125":54,"126":18,"127":1},"b":{"1":[11,11],"2":[11,0],"3":[1,0],"4":[0,1],"5":[0,3],"6":[0,3],"7":[0,0],"8":[3,0],"9":[0,0],"10":[0,3],"11":[3,3],"12":[3,0],"13":[32,0],"14":[0,3],"15":[0,3],"16":[0,3],"17":[3,0,0],"18":[0,1],"19":[1,0],"20":[1,1],"21":[1,0],"22":[1,0],"23":[15,11,11,1,1,1],"24":[0,9],"25":[6,3],"26":[1,1],"27":[1,1],"28":[1,1],"29":[9,6],"30":[15,9],"31":[4,14],"32":[4,10],"33":[18,11],"34":[18,11],"35":[18,11],"36":[18,11],"37":[13,5],"38":[13,5]},"f":{"1":1,"2":1,"3":1,"4":3,"5":3,"6":3,"7":3,"8":1,"9":1,"10":3,"11":3,"12":15,"13":0,"14":5,"15":5,"16":1,"17":9,"18":2,"19":2,"20":2,"21":6,"22":15,"23":1,"24":18,"25":54},"fnMap":{"1":{"name":"(anonymous_1)","line":1,"loc":{"start":{"line":1,"column":151},"end":{"line":1,"column":163}}},"2":{"name":"defineProperties","line":1,"loc":{"start":{"line":1,"column":164},"end":{"line":1,"column":205}}},"3":{"name":"(anonymous_3)","line":1,"loc":{"start":{"line":1,"column":479},"end":{"line":1,"column":527}}},"4":{"name":"get","line":1,"loc":{"start":{"line":1,"column":692},"end":{"line":1,"column":733}}},"5":{"name":"_interopRequireWildcard","line":12,"loc":{"start":{"line":12,"column":93},"end":{"line":12,"column":131}}},"6":{"name":"_classCallCheck","line":12,"loc":{"start":{"line":12,"column":349},"end":{"line":12,"column":397}}},"7":{"name":"_possibleConstructorReturn","line":12,"loc":{"start":{"line":12,"column":498},"end":{"line":12,"column":546}}},"8":{"name":"_inherits","line":12,"loc":{"start":{"line":12,"column":733},"end":{"line":12,"column":774}}},"9":{"name":"(anonymous_9)","line":13,"loc":{"start":{"line":13,"column":38},"end":{"line":13,"column":65}}},"10":{"name":"GamePlayCtrl","line":19,"loc":{"start":{"line":19,"column":4},"end":{"line":19,"column":57}}},"11":{"name":"componentDidMount","line":34,"loc":{"start":{"line":34,"column":70},"end":{"line":35,"column":8}}},"12":{"name":"shouldComponentUpdate","line":48,"loc":{"start":{"line":48,"column":54},"end":{"line":49,"column":22}}},"13":{"name":"componentWillUnmount","line":60,"loc":{"start":{"line":60,"column":53},"end":{"line":61,"column":8}}},"14":{"name":"onChoice","line":68,"loc":{"start":{"line":68,"column":41},"end":{"line":69,"column":11}}},"15":{"name":"onNextRound","line":75,"loc":{"start":{"line":75,"column":44},"end":{"line":76,"column":8}}},"16":{"name":"onRestart","line":81,"loc":{"start":{"line":81,"column":42},"end":{"line":82,"column":8}}},"17":{"name":"_resume","line":88,"loc":{"start":{"line":88,"column":40},"end":{"line":89,"column":8}}},"18":{"name":"(anonymous_18)","line":98,"loc":{"start":{"line":98,"column":41},"end":{"line":98,"column":53}}},"19":{"name":"(anonymous_19)","line":108,"loc":{"start":{"line":108,"column":41},"end":{"line":108,"column":53}}},"20":{"name":"(anonymous_20)","line":122,"loc":{"start":{"line":122,"column":27},"end":{"line":122,"column":39}}},"21":{"name":"_pause","line":129,"loc":{"start":{"line":129,"column":39},"end":{"line":130,"column":8}}},"22":{"name":"componentDidUpdate","line":139,"loc":{"start":{"line":139,"column":51},"end":{"line":140,"column":30}}},"23":{"name":"onMainMenu","line":150,"loc":{"start":{"line":150,"column":43},"end":{"line":151,"column":8}}},"24":{"name":"render","line":156,"loc":{"start":{"line":156,"column":39},"end":{"line":157,"column":8}}},"25":{"name":"(anonymous_25)","line":158,"loc":{"start":{"line":158,"column":657},"end":{"line":158,"column":673}}}},"statementMap":{"1":{"start":{"line":1,"column":37},"end":{"line":1,"column":99},"skip":true},"2":{"start":{"line":1,"column":99},"end":{"line":1,"column":132}},"3":{"start":{"line":1,"column":132},"end":{"line":1,"column":681}},"4":{"start":{"line":1,"column":164},"end":{"line":1,"column":472}},"5":{"start":{"line":1,"column":206},"end":{"line":1,"column":471}},"6":{"start":{"line":1,"column":246},"end":{"line":1,"column":272}},"7":{"start":{"line":1,"column":272},"end":{"line":1,"column":327}},"8":{"start":{"line":1,"column":327},"end":{"line":1,"column":358}},"9":{"start":{"line":1,"column":358},"end":{"line":1,"column":412}},"10":{"start":{"line":1,"column":385},"end":{"line":1,"column":412}},"11":{"start":{"line":1,"column":412},"end":{"line":1,"column":470}},"12":{"start":{"line":1,"column":472},"end":{"line":1,"column":677}},"13":{"start":{"line":1,"column":528},"end":{"line":1,"column":596}},"14":{"start":{"line":1,"column":544},"end":{"line":1,"column":596}},"15":{"start":{"line":1,"column":596},"end":{"line":1,"column":656}},"16":{"start":{"line":1,"column":613},"end":{"line":1,"column":656}},"17":{"start":{"line":1,"column":656},"end":{"line":1,"column":675}},"18":{"start":{"line":1,"column":681},"end":{"line":1,"column":1153}},"19":{"start":{"line":1,"column":734},"end":{"line":1,"column":783}},"20":{"start":{"line":1,"column":755},"end":{"line":1,"column":783}},"21":{"start":{"line":1,"column":783},"end":{"line":1,"column":844}},"22":{"start":{"line":1,"column":844},"end":{"line":1,"column":1151}},"23":{"start":{"line":1,"column":869},"end":{"line":1,"column":912}},"24":{"start":{"line":1,"column":912},"end":{"line":1,"column":999}},"25":{"start":{"line":1,"column":934},"end":{"line":1,"column":951}},"26":{"start":{"line":1,"column":959},"end":{"line":1,"column":998}},"27":{"start":{"line":1,"column":1006},"end":{"line":1,"column":1151}},"28":{"start":{"line":1,"column":1028},"end":{"line":1,"column":1046}},"29":{"start":{"line":1,"column":1054},"end":{"line":1,"column":1076}},"30":{"start":{"line":1,"column":1076},"end":{"line":1,"column":1121}},"31":{"start":{"line":1,"column":1103},"end":{"line":1,"column":1120}},"32":{"start":{"line":1,"column":1121},"end":{"line":1,"column":1150}},"33":{"start":{"line":1,"column":1153},"end":{"line":1,"column":1207}},"34":{"start":{"line":1,"column":1232},"end":{"line":1,"column":1276}},"35":{"start":{"line":2,"column":0},"end":{"line":2,"column":61}},"36":{"start":{"line":2,"column":86},"end":{"line":2,"column":136}},"37":{"start":{"line":3,"column":0},"end":{"line":3,"column":62}},"38":{"start":{"line":3,"column":87},"end":{"line":3,"column":139}},"39":{"start":{"line":4,"column":0},"end":{"line":4,"column":60}},"40":{"start":{"line":5,"column":0},"end":{"line":5,"column":60}},"41":{"start":{"line":6,"column":0},"end":{"line":6,"column":68}},"42":{"start":{"line":7,"column":0},"end":{"line":7,"column":72}},"43":{"start":{"line":8,"column":0},"end":{"line":8,"column":60}},"44":{"start":{"line":9,"column":0},"end":{"line":9,"column":65}},"45":{"start":{"line":10,"column":0},"end":{"line":10,"column":61}},"46":{"start":{"line":11,"column":0},"end":{"line":11,"column":65}},"47":{"start":{"line":12,"column":0},"end":{"line":12,"column":68}},"48":{"start":{"line":12,"column":93},"end":{"line":12,"column":349}},"49":{"start":{"line":12,"column":132},"end":{"line":12,"column":348}},"50":{"start":{"line":12,"column":160},"end":{"line":12,"column":171}},"51":{"start":{"line":12,"column":179},"end":{"line":12,"column":195}},"52":{"start":{"line":12,"column":195},"end":{"line":12,"column":312}},"53":{"start":{"line":12,"column":213},"end":{"line":12,"column":311}},"54":{"start":{"line":12,"column":235},"end":{"line":12,"column":310}},"55":{"start":{"line":12,"column":287},"end":{"line":12,"column":310}},"56":{"start":{"line":12,"column":312},"end":{"line":12,"column":333}},"57":{"start":{"line":12,"column":333},"end":{"line":12,"column":347}},"58":{"start":{"line":12,"column":349},"end":{"line":12,"column":498}},"59":{"start":{"line":12,"column":398},"end":{"line":12,"column":497}},"60":{"start":{"line":12,"column":439},"end":{"line":12,"column":496}},"61":{"start":{"line":12,"column":498},"end":{"line":12,"column":733}},"62":{"start":{"line":12,"column":547},"end":{"line":12,"column":646}},"63":{"start":{"line":12,"column":559},"end":{"line":12,"column":645}},"64":{"start":{"line":12,"column":646},"end":{"line":12,"column":732}},"65":{"start":{"line":12,"column":733},"end":{"line":12,"column":1221}},"66":{"start":{"line":12,"column":775},"end":{"line":12,"column":938}},"67":{"start":{"line":12,"column":837},"end":{"line":12,"column":937}},"68":{"start":{"line":12,"column":938},"end":{"line":12,"column":1102}},"69":{"start":{"line":12,"column":1102},"end":{"line":12,"column":1220}},"70":{"start":{"line":12,"column":1118},"end":{"line":12,"column":1220}},"71":{"start":{"line":12,"column":1221},"end":{"line":161,"column":2857}},"72":{"start":{"line":13,"column":66},"end":{"line":13,"column":107}},"73":{"start":{"line":19,"column":4},"end":{"line":28,"column":168}},"74":{"start":{"line":19,"column":82},"end":{"line":19,"column":118}},"75":{"start":{"line":22,"column":8},"end":{"line":22,"column":134}},"76":{"start":{"line":22,"column":159},"end":{"line":22,"column":233}},"77":{"start":{"line":25,"column":32},"end":{"line":25,"column":125}},"78":{"start":{"line":26,"column":32},"end":{"line":26,"column":131},"skip":true},"79":{"start":{"line":27,"column":32},"end":{"line":27,"column":127},"skip":true},"80":{"start":{"line":28,"column":32},"end":{"line":28,"column":129},"skip":true},"81":{"start":{"line":28,"column":154},"end":{"line":28,"column":167},"skip":true},"82":{"start":{"line":34,"column":7},"end":{"line":161,"column":2809}},"83":{"start":{"line":36,"column":36},"end":{"line":36,"column":126}},"84":{"start":{"line":38,"column":12},"end":{"line":38,"column":175}},"85":{"start":{"line":40,"column":12},"end":{"line":40,"column":145}},"86":{"start":{"line":50,"column":12},"end":{"line":55,"column":45}},"87":{"start":{"line":62,"column":12},"end":{"line":62,"column":97}},"88":{"start":{"line":63,"column":12},"end":{"line":63,"column":106}},"89":{"start":{"line":70,"column":12},"end":{"line":70,"column":38}},"90":{"start":{"line":71,"column":12},"end":{"line":71,"column":94}},"91":{"start":{"line":77,"column":12},"end":{"line":77,"column":95}},"92":{"start":{"line":83,"column":12},"end":{"line":83,"column":92}},"93":{"start":{"line":89,"column":33},"end":{"line":89,"column":51}},"94":{"start":{"line":91,"column":12},"end":{"line":93,"column":129}},"95":{"start":{"line":94,"column":12},"end":{"line":95,"column":43}},"96":{"start":{"line":95,"column":16},"end":{"line":95,"column":42}},"97":{"start":{"line":97,"column":12},"end":{"line":123,"column":176}},"98":{"start":{"line":98,"column":16},"end":{"line":103,"column":105}},"99":{"start":{"line":99,"column":20},"end":{"line":99,"column":97}},"100":{"start":{"line":100,"column":20},"end":{"line":100,"column":99}},"101":{"start":{"line":101,"column":20},"end":{"line":101,"column":29}},"102":{"start":{"line":102,"column":20},"end":{"line":103,"column":36}},"103":{"start":{"line":103,"column":24},"end":{"line":103,"column":35}},"104":{"start":{"line":108,"column":16},"end":{"line":119,"column":105}},"105":{"start":{"line":109,"column":20},"end":{"line":109,"column":97}},"106":{"start":{"line":110,"column":20},"end":{"line":110,"column":99}},"107":{"start":{"line":111,"column":20},"end":{"line":111,"column":29}},"108":{"start":{"line":112,"column":20},"end":{"line":113,"column":36}},"109":{"start":{"line":113,"column":24},"end":{"line":113,"column":35}},"110":{"start":{"line":115,"column":20},"end":{"line":115,"column":98}},"111":{"start":{"line":116,"column":20},"end":{"line":116,"column":100}},"112":{"start":{"line":117,"column":20},"end":{"line":117,"column":29}},"113":{"start":{"line":118,"column":20},"end":{"line":119,"column":36}},"114":{"start":{"line":119,"column":24},"end":{"line":119,"column":35}},"115":{"start":{"line":122,"column":16},"end":{"line":123,"column":175}},"116":{"start":{"line":123,"column":44},"end":{"line":123,"column":117}},"117":{"start":{"line":131,"column":12},"end":{"line":131,"column":38}},"118":{"start":{"line":132,"column":12},"end":{"line":132,"column":30}},"119":{"start":{"line":141,"column":12},"end":{"line":145,"column":31}},"120":{"start":{"line":142,"column":16},"end":{"line":142,"column":31}},"121":{"start":{"line":145,"column":16},"end":{"line":145,"column":30}},"122":{"start":{"line":152,"column":12},"end":{"line":152,"column":94}},"123":{"start":{"line":157,"column":33},"end":{"line":157,"column":51}},"124":{"start":{"line":158,"column":12},"end":{"line":159,"column":231}},"125":{"start":{"line":159,"column":16},"end":{"line":159,"column":228}},"126":{"start":{"line":161,"column":12},"end":{"line":161,"column":2803}},"127":{"start":{"line":161,"column":2809},"end":{"line":161,"column":2829}}},"branchMap":{"1":{"line":1,"type":"binary-expr","locations":[{"start":{"line":1,"column":296},"end":{"line":1,"column":317}},{"start":{"line":1,"column":321},"end":{"line":1,"column":326}}]},"2":{"line":1,"type":"if","locations":[{"start":{"line":1,"column":358},"end":{"line":1,"column":358}},{"start":{"line":1,"column":358},"end":{"line":1,"column":358}}]},"3":{"line":1,"type":"if","locations":[{"start":{"line":1,"column":528},"end":{"line":1,"column":528}},{"start":{"line":1,"column":528},"end":{"line":1,"column":528}}]},"4":{"line":1,"type":"if","locations":[{"start":{"line":1,"column":596},"end":{"line":1,"column":596}},{"start":{"line":1,"column":596},"end":{"line":1,"column":596}}]},"5":{"line":1,"type":"if","locations":[{"start":{"line":1,"column":734},"end":{"line":1,"column":734}},{"start":{"line":1,"column":734},"end":{"line":1,"column":734}}]},"6":{"line":1,"type":"if","locations":[{"start":{"line":1,"column":844},"end":{"line":1,"column":844}},{"start":{"line":1,"column":844},"end":{"line":1,"column":844}}]},"7":{"line":1,"type":"if","locations":[{"start":{"line":1,"column":912},"end":{"line":1,"column":912}},{"start":{"line":1,"column":912},"end":{"line":1,"column":912}}]},"8":{"line":1,"type":"if","locations":[{"start":{"line":1,"column":1006},"end":{"line":1,"column":1006}},{"start":{"line":1,"column":1006},"end":{"line":1,"column":1006}}]},"9":{"line":1,"type":"if","locations":[{"start":{"line":1,"column":1076},"end":{"line":1,"column":1076}},{"start":{"line":1,"column":1076},"end":{"line":1,"column":1076}}]},"10":{"line":12,"type":"if","locations":[{"start":{"line":12,"column":132},"end":{"line":12,"column":132}},{"start":{"line":12,"column":132},"end":{"line":12,"column":132}}]},"11":{"line":12,"type":"binary-expr","locations":[{"start":{"line":12,"column":136},"end":{"line":12,"column":139}},{"start":{"line":12,"column":143},"end":{"line":12,"column":157}}]},"12":{"line":12,"type":"if","locations":[{"start":{"line":12,"column":195},"end":{"line":12,"column":195}},{"start":{"line":12,"column":195},"end":{"line":12,"column":195}}]},"13":{"line":12,"type":"if","locations":[{"start":{"line":12,"column":235},"end":{"line":12,"column":235}},{"start":{"line":12,"column":235},"end":{"line":12,"column":235}}]},"14":{"line":12,"type":"if","locations":[{"start":{"line":12,"column":398},"end":{"line":12,"column":398}},{"start":{"line":12,"column":398},"end":{"line":12,"column":398}}]},"15":{"line":12,"type":"if","locations":[{"start":{"line":12,"column":547},"end":{"line":12,"column":547}},{"start":{"line":12,"column":547},"end":{"line":12,"column":547}}]},"16":{"line":12,"type":"cond-expr","locations":[{"start":{"line":12,"column":720},"end":{"line":12,"column":724}},{"start":{"line":12,"column":727},"end":{"line":12,"column":731}}]},"17":{"line":12,"type":"binary-expr","locations":[{"start":{"line":12,"column":653},"end":{"line":12,"column":657}},{"start":{"line":12,"column":662},"end":{"line":12,"column":686}},{"start":{"line":12,"column":690},"end":{"line":12,"column":716}}]},"18":{"line":12,"type":"if","locations":[{"start":{"line":12,"column":775},"end":{"line":12,"column":775}},{"start":{"line":12,"column":775},"end":{"line":12,"column":775}}]},"19":{"line":12,"type":"binary-expr","locations":[{"start":{"line":12,"column":779},"end":{"line":12,"column":811}},{"start":{"line":12,"column":815},"end":{"line":12,"column":834}}]},"20":{"line":12,"type":"binary-expr","locations":[{"start":{"line":12,"column":973},"end":{"line":12,"column":983}},{"start":{"line":12,"column":987},"end":{"line":12,"column":1007}}]},"21":{"line":12,"type":"if","locations":[{"start":{"line":12,"column":1102},"end":{"line":12,"column":1102}},{"start":{"line":12,"column":1102},"end":{"line":12,"column":1102}}]},"22":{"line":12,"type":"cond-expr","locations":[{"start":{"line":12,"column":1142},"end":{"line":12,"column":1185}},{"start":{"line":12,"column":1188},"end":{"line":12,"column":1219}}]},"23":{"line":50,"type":"binary-expr","locations":[{"start":{"line":50,"column":19},"end":{"line":50,"column":55}},{"start":{"line":51,"column":12},"end":{"line":51,"column":68}},{"start":{"line":52,"column":12},"end":{"line":52,"column":66}},{"start":{"line":53,"column":12},"end":{"line":53,"column":54}},{"start":{"line":54,"column":12},"end":{"line":54,"column":56}},{"start":{"line":55,"column":12},"end":{"line":55,"column":44}}]},"24":{"line":94,"type":"if","locations":[{"start":{"line":94,"column":12},"end":{"line":94,"column":12}},{"start":{"line":94,"column":12},"end":{"line":94,"column":12}}]},"25":{"line":97,"type":"if","locations":[{"start":{"line":97,"column":12},"end":{"line":97,"column":12}},{"start":{"line":97,"column":12},"end":{"line":97,"column":12}}]},"26":{"line":102,"type":"if","locations":[{"start":{"line":102,"column":20},"end":{"line":102,"column":20}},{"start":{"line":102,"column":20},"end":{"line":102,"column":20}}]},"27":{"line":112,"type":"if","locations":[{"start":{"line":112,"column":20},"end":{"line":112,"column":20}},{"start":{"line":112,"column":20},"end":{"line":112,"column":20}}]},"28":{"line":118,"type":"if","locations":[{"start":{"line":118,"column":20},"end":{"line":118,"column":20}},{"start":{"line":118,"column":20},"end":{"line":118,"column":20}}]},"29":{"line":141,"type":"if","locations":[{"start":{"line":141,"column":12},"end":{"line":141,"column":12}},{"start":{"line":141,"column":12},"end":{"line":141,"column":12}}]},"30":{"line":141,"type":"binary-expr","locations":[{"start":{"line":141,"column":16},"end":{"line":141,"column":34}},{"start":{"line":141,"column":38},"end":{"line":141,"column":78}}]},"31":{"line":158,"type":"cond-expr","locations":[{"start":{"line":158,"column":221},"end":{"line":158,"column":242}},{"start":{"line":158,"column":245},"end":{"line":158,"column":308}}]},"32":{"line":158,"type":"cond-expr","locations":[{"start":{"line":158,"column":277},"end":{"line":158,"column":299}},{"start":{"line":158,"column":302},"end":{"line":158,"column":308}}]},"33":{"line":158,"type":"binary-expr","locations":[{"start":{"line":158,"column":442},"end":{"line":158,"column":455}},{"start":{"line":158,"column":459},"end":{"line":158,"column":477}}]},"34":{"line":158,"type":"binary-expr","locations":[{"start":{"line":158,"column":559},"end":{"line":158,"column":572}},{"start":{"line":158,"column":576},"end":{"line":158,"column":595}}]},"35":{"line":161,"type":"binary-expr","locations":[{"start":{"line":161,"column":826},"end":{"line":161,"column":839}},{"start":{"line":161,"column":843},"end":{"line":161,"column":861}}]},"36":{"line":161,"type":"binary-expr","locations":[{"start":{"line":161,"column":941},"end":{"line":161,"column":954}},{"start":{"line":161,"column":958},"end":{"line":161,"column":977}}]},"37":{"line":161,"type":"cond-expr","locations":[{"start":{"line":161,"column":1089},"end":{"line":161,"column":1114}},{"start":{"line":161,"column":1117},"end":{"line":161,"column":1151}}]},"38":{"line":161,"type":"cond-expr","locations":[{"start":{"line":161,"column":1314},"end":{"line":161,"column":1318}},{"start":{"line":161,"column":1321},"end":{"line":161,"column":1332}}]}},"l":{"1":11,"2":1,"3":1,"4":1,"5":1,"6":1,"7":1,"8":1,"9":1,"10":1,"11":1,"12":32,"13":1,"19":3,"22":3,"25":3,"26":3,"27":3,"28":3,"34":1,"36":3,"38":3,"40":3,"50":15,"62":0,"63":0,"70":5,"71":5,"77":5,"83":1,"89":9,"91":9,"94":9,"95":0,"97":9,"98":6,"99":2,"100":2,"101":2,"102":2,"103":1,"108":3,"109":2,"110":2,"111":2,"112":2,"113":1,"115":2,"116":2,"117":2,"118":2,"119":1,"122":3,"123":2,"131":6,"132":6,"141":15,"142":9,"145":6,"152":1,"157":18,"158":18,"159":54,"161":18}}}
