{
"/Users/suhail/Sites/rockpaper.dev/es6/controllers/SplashScreen/Reducer.js":{"path":"/Users/suhail/Sites/rockpaper.dev/es6/controllers/SplashScreen/Reducer.js","s":{"1":2,"2":2,"3":2,"4":2,"5":2,"6":2,"7":4,"8":4,"9":4,"10":3,"11":2,"12":2,"13":1,"14":1,"15":4},"b":{"1":[3,1],"2":[4,2],"3":[2,1]},"f":{"1":4},"fnMap":{"1":{"name":"Reducer","line":17,"loc":{"start":{"line":17,"column":221},"end":{"line":17,"column":253}}}},"statementMap":{"1":{"start":{"line":1,"column":37},"end":{"line":1,"column":99},"skip":true},"2":{"start":{"line":1,"column":99},"end":{"line":11,"column":18}},"3":{"start":{"line":11,"column":18},"end":{"line":11,"column":86}},"4":{"start":{"line":11,"column":86},"end":{"line":11,"column":156}},"5":{"start":{"line":11,"column":156},"end":{"line":11,"column":217}},"6":{"start":{"line":17,"column":221},"end":{"line":25,"column":21}},"7":{"start":{"line":17,"column":254},"end":{"line":17,"column":275}},"8":{"start":{"line":17,"column":275},"end":{"line":17,"column":343}},"9":{"start":{"line":17,"column":343},"end":{"line":22,"column":24}},"10":{"start":{"line":17,"column":458},"end":{"line":22,"column":23}},"11":{"start":{"line":18,"column":16},"end":{"line":18,"column":58}},"12":{"start":{"line":19,"column":16},"end":{"line":19,"column":22}},"13":{"start":{"line":21,"column":16},"end":{"line":21,"column":57}},"14":{"start":{"line":22,"column":16},"end":{"line":22,"column":22}},"15":{"start":{"line":25,"column":4},"end":{"line":25,"column":20}}},"branchMap":{"1":{"line":17,"type":"if","locations":[{"start":{"line":17,"column":343},"end":{"line":17,"column":343}},{"start":{"line":17,"column":343},"end":{"line":17,"column":343}}]},"2":{"line":17,"type":"binary-expr","locations":[{"start":{"line":17,"column":347},"end":{"line":17,"column":400}},{"start":{"line":17,"column":404},"end":{"line":17,"column":455}}]},"3":{"line":17,"type":"switch","locations":[{"start":{"line":17,"column":480},"end":{"line":19,"column":22}},{"start":{"line":20,"column":12},"end":{"line":22,"column":22}}]}},"l":{"1":2,"11":2,"17":4,"18":2,"19":2,"21":1,"22":1,"25":4}},
"/Users/suhail/Sites/rockpaper.dev/es6/constants.js":{"path":"/Users/suhail/Sites/rockpaper.dev/es6/constants.js","s":{"1":7,"2":7,"3":7,"4":7,"5":7,"6":7,"7":7,"8":7,"9":7,"10":7},"b":{},"f":{},"fnMap":{},"statementMap":{"1":{"start":{"line":1,"column":37},"end":{"line":1,"column":99},"skip":true},"2":{"start":{"line":4,"column":0},"end":{"line":4,"column":71}},"3":{"start":{"line":8,"column":0},"end":{"line":8,"column":69}},"4":{"start":{"line":12,"column":0},"end":{"line":12,"column":75}},"5":{"start":{"line":16,"column":0},"end":{"line":16,"column":71}},"6":{"start":{"line":20,"column":0},"end":{"line":20,"column":83}},"7":{"start":{"line":24,"column":0},"end":{"line":24,"column":104}},"8":{"start":{"line":28,"column":0},"end":{"line":30,"column":37}},"9":{"start":{"line":36,"column":0},"end":{"line":38,"column":17}},"10":{"start":{"line":45,"column":0},"end":{"line":62,"column":38}}},"branchMap":{},"l":{"1":7,"4":7,"8":7,"12":7,"16":7,"20":7,"24":7,"28":7,"36":7,"45":7}},
"/Users/suhail/Sites/rockpaper.dev/es6/controllers/GamePlay/Actions.js":{"path":"/Users/suhail/Sites/rockpaper.dev/es6/controllers/GamePlay/Actions.js","s":{"1":4,"2":4,"3":4,"4":4,"5":4,"6":14},"b":{},"f":{"1":14},"fnMap":{"1":{"name":"CHOICE","line":19,"loc":{"start":{"line":19,"column":12},"end":{"line":19,"column":55}}}},"statementMap":{"1":{"start":{"line":1,"column":37},"end":{"line":1,"column":99},"skip":true},"2":{"start":{"line":1,"column":99},"end":{"line":1,"column":143}},"3":{"start":{"line":1,"column":143},"end":{"line":1,"column":211}},"4":{"start":{"line":5,"column":0},"end":{"line":9,"column":72}},"5":{"start":{"line":14,"column":0},"end":{"line":31,"column":21}},"6":{"start":{"line":20,"column":8},"end":{"line":22,"column":22}}},"branchMap":{},"l":{"1":4,"5":4,"14":4,"20":14}},
"/Users/suhail/Sites/rockpaper.dev/es6/controllers/SplashScreen/Actions.js":{"path":"/Users/suhail/Sites/rockpaper.dev/es6/controllers/SplashScreen/Actions.js","s":{"1":4,"2":4,"3":4,"4":4,"5":4,"6":10},"b":{},"f":{"1":10},"fnMap":{"1":{"name":"START","line":13,"loc":{"start":{"line":13,"column":11},"end":{"line":13,"column":56}}}},"statementMap":{"1":{"start":{"line":1,"column":37},"end":{"line":1,"column":99},"skip":true},"2":{"start":{"line":1,"column":99},"end":{"line":1,"column":143}},"3":{"start":{"line":2,"column":0},"end":{"line":2,"column":68}},"4":{"start":{"line":6,"column":0},"end":{"line":7,"column":71}},"5":{"start":{"line":12,"column":0},"end":{"line":16,"column":29}},"6":{"start":{"line":14,"column":8},"end":{"line":16,"column":25}}},"branchMap":{},"l":{"1":4,"2":4,"6":4,"12":4,"14":10}},
"/Users/suhail/Sites/rockpaper.dev/es6/controllers/SplashScreen/StateAndProps.js":{"path":"/Users/suhail/Sites/rockpaper.dev/es6/controllers/SplashScreen/StateAndProps.js","s":{"1":2,"2":2,"3":2},"b":{},"f":{},"fnMap":{},"statementMap":{"1":{"start":{"line":1,"column":37},"end":{"line":1,"column":99},"skip":true},"2":{"start":{"line":4,"column":0},"end":{"line":4,"column":75}},"3":{"start":{"line":5,"column":0},"end":{"line":6,"column":20}}},"branchMap":{},"l":{"1":2,"4":2,"5":2}},
"/Users/suhail/Sites/rockpaper.dev/es6/ui/IconButton.js":{"path":"/Users/suhail/Sites/rockpaper.dev/es6/ui/IconButton.js","s":{"1":4,"2":4,"3":4,"4":4,"5":4,"6":4,"7":0,"8":4,"9":4,"10":4,"11":48,"12":48,"13":4,"14":4,"15":4,"16":101},"b":{"1":[0,4],"2":[4,4],"3":[4,0],"4":[48,0],"5":[101,0]},"f":{"1":4,"2":101},"fnMap":{"1":{"name":"_interopRequireWildcard","line":2,"loc":{"start":{"line":2,"column":172},"end":{"line":2,"column":210}}},"2":{"name":"IconButton","line":2,"loc":{"start":{"line":2,"column":428},"end":{"line":2,"column":455}}}},"statementMap":{"1":{"start":{"line":1,"column":37},"end":{"line":1,"column":99},"skip":true},"2":{"start":{"line":1,"column":99},"end":{"line":2,"column":24}},"3":{"start":{"line":2,"column":24},"end":{"line":2,"column":78}},"4":{"start":{"line":2,"column":103},"end":{"line":2,"column":147}},"5":{"start":{"line":2,"column":172},"end":{"line":2,"column":428}},"6":{"start":{"line":2,"column":211},"end":{"line":2,"column":427}},"7":{"start":{"line":2,"column":239},"end":{"line":2,"column":250}},"8":{"start":{"line":2,"column":258},"end":{"line":2,"column":274}},"9":{"start":{"line":2,"column":274},"end":{"line":2,"column":391}},"10":{"start":{"line":2,"column":292},"end":{"line":2,"column":390}},"11":{"start":{"line":2,"column":314},"end":{"line":2,"column":389}},"12":{"start":{"line":2,"column":366},"end":{"line":2,"column":389}},"13":{"start":{"line":2,"column":391},"end":{"line":2,"column":412}},"14":{"start":{"line":2,"column":412},"end":{"line":2,"column":426}},"15":{"start":{"line":2,"column":428},"end":{"line":3,"column":187}},"16":{"start":{"line":3,"column":4},"end":{"line":3,"column":186}}},"branchMap":{"1":{"line":2,"type":"if","locations":[{"start":{"line":2,"column":211},"end":{"line":2,"column":211}},{"start":{"line":2,"column":211},"end":{"line":2,"column":211}}]},"2":{"line":2,"type":"binary-expr","locations":[{"start":{"line":2,"column":215},"end":{"line":2,"column":218}},{"start":{"line":2,"column":222},"end":{"line":2,"column":236}}]},"3":{"line":2,"type":"if","locations":[{"start":{"line":2,"column":274},"end":{"line":2,"column":274}},{"start":{"line":2,"column":274},"end":{"line":2,"column":274}}]},"4":{"line":2,"type":"if","locations":[{"start":{"line":2,"column":314},"end":{"line":2,"column":314}},{"start":{"line":2,"column":314},"end":{"line":2,"column":314}}]},"5":{"line":3,"type":"cond-expr","locations":[{"start":{"line":3,"column":108},"end":{"line":3,"column":123}},{"start":{"line":3,"column":126},"end":{"line":3,"column":128}}]}},"l":{"1":4,"2":48,"3":101}},
"/Users/suhail/Sites/rockpaper.dev/es6/services/GameModels.js":{"path":"/Users/suhail/Sites/rockpaper.dev/es6/services/GameModels.js","s":{"1":4,"2":4,"3":4,"4":4,"5":12,"6":40,"7":40,"8":40,"9":40,"10":40,"11":40,"12":4,"13":12,"14":12,"15":12,"16":0,"17":12,"18":4,"19":4,"20":30,"21":0,"22":30,"23":4,"24":8,"25":0,"26":8,"27":8,"28":8,"29":4,"30":61,"31":0,"32":4,"33":4,"34":31,"35":31,"36":31,"37":31,"38":31,"39":4,"40":169,"41":19,"42":43,"43":122,"44":1,"45":8,"46":4,"47":4,"48":4,"49":4,"50":16,"51":16,"52":4,"53":25,"54":25,"55":0,"56":4,"57":4,"58":4,"59":4,"60":14,"61":14,"62":4,"63":2,"64":1,"65":1,"66":0,"67":4},"b":{"1":[40,40],"2":[40,0],"3":[12,0],"4":[0,12],"5":[0,30],"6":[0,30],"7":[30,0,0],"8":[0,8],"9":[8,0],"10":[8,8],"11":[8,0],"12":[8,0],"13":[0,61],"14":[0,0],"15":[1,1],"16":[0,0]},"f":{"1":4,"2":12,"3":12,"4":30,"5":8,"6":61,"7":4,"8":31,"9":169,"10":19,"11":43,"12":122,"13":1,"14":8,"15":4,"16":16,"17":25,"18":0,"19":4,"20":14,"21":2,"22":0},"fnMap":{"1":{"name":"(anonymous_1)","line":1,"loc":{"start":{"line":1,"column":191},"end":{"line":1,"column":203}}},"2":{"name":"defineProperties","line":1,"loc":{"start":{"line":1,"column":204},"end":{"line":1,"column":245}}},"3":{"name":"(anonymous_3)","line":1,"loc":{"start":{"line":1,"column":519},"end":{"line":1,"column":567}}},"4":{"name":"_possibleConstructorReturn","line":1,"loc":{"start":{"line":1,"column":811},"end":{"line":1,"column":859}}},"5":{"name":"_inherits","line":1,"loc":{"start":{"line":1,"column":1046},"end":{"line":1,"column":1087}}},"6":{"name":"_classCallCheck","line":1,"loc":{"start":{"line":1,"column":1534},"end":{"line":1,"column":1582}}},"7":{"name":"(anonymous_7)","line":2,"loc":{"start":{"line":2,"column":26},"end":{"line":2,"column":38}}},"8":{"name":"Player","line":3,"loc":{"start":{"line":3,"column":4},"end":{"line":3,"column":57}}},"9":{"name":"getLabel","line":7,"loc":{"start":{"line":7,"column":77},"end":{"line":9,"column":8}}},"10":{"name":"setScore","line":10,"loc":{"start":{"line":10,"column":62},"end":{"line":12,"column":15}}},"11":{"name":"is","line":13,"loc":{"start":{"line":13,"column":57},"end":{"line":15,"column":14}}},"12":{"name":"getScore","line":16,"loc":{"start":{"line":16,"column":70},"end":{"line":18,"column":8}}},"13":{"name":"reset","line":19,"loc":{"start":{"line":19,"column":59},"end":{"line":21,"column":8}}},"14":{"name":"addPoints","line":22,"loc":{"start":{"line":22,"column":60},"end":{"line":24,"column":11}}},"15":{"name":"(anonymous_15)","line":28,"loc":{"start":{"line":28,"column":42},"end":{"line":28,"column":61}}},"16":{"name":"ComputerPlayer","line":29,"loc":{"start":{"line":29,"column":4},"end":{"line":29,"column":59}}},"17":{"name":"play","line":30,"loc":{"start":{"line":30,"column":126},"end":{"line":32,"column":11}}},"18":{"name":"toString","line":34,"loc":{"start":{"line":34,"column":113},"end":{"line":36,"column":8}}},"19":{"name":"(anonymous_19)","line":40,"loc":{"start":{"line":40,"column":34},"end":{"line":40,"column":54}}},"20":{"name":"UserPlayer","line":41,"loc":{"start":{"line":41,"column":4},"end":{"line":41,"column":55}}},"21":{"name":"play","line":42,"loc":{"start":{"line":42,"column":118},"end":{"line":44,"column":11}}},"22":{"name":"toString","line":48,"loc":{"start":{"line":48,"column":91},"end":{"line":50,"column":8}}}},"statementMap":{"1":{"start":{"line":1,"column":37},"end":{"line":1,"column":99},"skip":true},"2":{"start":{"line":1,"column":99},"end":{"line":1,"column":172}},"3":{"start":{"line":1,"column":172},"end":{"line":1,"column":721}},"4":{"start":{"line":1,"column":204},"end":{"line":1,"column":512}},"5":{"start":{"line":1,"column":246},"end":{"line":1,"column":511}},"6":{"start":{"line":1,"column":286},"end":{"line":1,"column":312}},"7":{"start":{"line":1,"column":312},"end":{"line":1,"column":367}},"8":{"start":{"line":1,"column":367},"end":{"line":1,"column":398}},"9":{"start":{"line":1,"column":398},"end":{"line":1,"column":452}},"10":{"start":{"line":1,"column":425},"end":{"line":1,"column":452}},"11":{"start":{"line":1,"column":452},"end":{"line":1,"column":510}},"12":{"start":{"line":1,"column":512},"end":{"line":1,"column":717}},"13":{"start":{"line":1,"column":568},"end":{"line":1,"column":636}},"14":{"start":{"line":1,"column":584},"end":{"line":1,"column":636}},"15":{"start":{"line":1,"column":636},"end":{"line":1,"column":696}},"16":{"start":{"line":1,"column":653},"end":{"line":1,"column":696}},"17":{"start":{"line":1,"column":696},"end":{"line":1,"column":715}},"18":{"start":{"line":1,"column":721},"end":{"line":1,"column":786}},"19":{"start":{"line":1,"column":811},"end":{"line":1,"column":1046}},"20":{"start":{"line":1,"column":860},"end":{"line":1,"column":959}},"21":{"start":{"line":1,"column":872},"end":{"line":1,"column":958}},"22":{"start":{"line":1,"column":959},"end":{"line":1,"column":1045}},"23":{"start":{"line":1,"column":1046},"end":{"line":1,"column":1534}},"24":{"start":{"line":1,"column":1088},"end":{"line":1,"column":1251}},"25":{"start":{"line":1,"column":1150},"end":{"line":1,"column":1250}},"26":{"start":{"line":1,"column":1251},"end":{"line":1,"column":1415}},"27":{"start":{"line":1,"column":1415},"end":{"line":1,"column":1533}},"28":{"start":{"line":1,"column":1431},"end":{"line":1,"column":1533}},"29":{"start":{"line":1,"column":1534},"end":{"line":1,"column":1683}},"30":{"start":{"line":1,"column":1583},"end":{"line":1,"column":1682}},"31":{"start":{"line":1,"column":1624},"end":{"line":1,"column":1681}},"32":{"start":{"line":1,"column":1683},"end":{"line":25,"column":53}},"33":{"start":{"line":3,"column":4},"end":{"line":7,"column":29}},"34":{"start":{"line":3,"column":82},"end":{"line":3,"column":112}},"35":{"start":{"line":4,"column":8},"end":{"line":4,"column":26}},"36":{"start":{"line":5,"column":8},"end":{"line":5,"column":24}},"37":{"start":{"line":6,"column":8},"end":{"line":6,"column":26}},"38":{"start":{"line":7,"column":8},"end":{"line":7,"column":28}},"39":{"start":{"line":7,"column":29},"end":{"line":25,"column":35}},"40":{"start":{"line":10,"column":12},"end":{"line":10,"column":31}},"41":{"start":{"line":13,"column":12},"end":{"line":13,"column":32}},"42":{"start":{"line":16,"column":12},"end":{"line":16,"column":39}},"43":{"start":{"line":19,"column":12},"end":{"line":19,"column":31}},"44":{"start":{"line":22,"column":12},"end":{"line":22,"column":28}},"45":{"start":{"line":25,"column":12},"end":{"line":25,"column":29}},"46":{"start":{"line":25,"column":35},"end":{"line":25,"column":49}},"47":{"start":{"line":25,"column":78},"end":{"line":37,"column":117}},"48":{"start":{"line":28,"column":62},"end":{"line":28,"column":97}},"49":{"start":{"line":29,"column":4},"end":{"line":30,"column":74}},"50":{"start":{"line":29,"column":84},"end":{"line":29,"column":122}},"51":{"start":{"line":29,"column":122},"end":{"line":30,"column":73}},"52":{"start":{"line":30,"column":74},"end":{"line":37,"column":85}},"53":{"start":{"line":33,"column":12},"end":{"line":33,"column":57}},"54":{"start":{"line":34,"column":12},"end":{"line":34,"column":82}},"55":{"start":{"line":37,"column":12},"end":{"line":37,"column":79}},"56":{"start":{"line":37,"column":85},"end":{"line":37,"column":107}},"57":{"start":{"line":37,"column":142},"end":{"line":51,"column":102}},"58":{"start":{"line":40,"column":55},"end":{"line":40,"column":87}},"59":{"start":{"line":41,"column":4},"end":{"line":42,"column":70}},"60":{"start":{"line":41,"column":80},"end":{"line":41,"column":114}},"61":{"start":{"line":41,"column":114},"end":{"line":42,"column":69}},"62":{"start":{"line":42,"column":70},"end":{"line":51,"column":74}},"63":{"start":{"line":45,"column":12},"end":{"line":46,"column":87}},"64":{"start":{"line":46,"column":16},"end":{"line":46,"column":86}},"65":{"start":{"line":48,"column":12},"end":{"line":48,"column":60}},"66":{"start":{"line":51,"column":12},"end":{"line":51,"column":68}},"67":{"start":{"line":51,"column":74},"end":{"line":51,"column":92}}},"branchMap":{"1":{"line":1,"type":"binary-expr","locations":[{"start":{"line":1,"column":336},"end":{"line":1,"column":357}},{"start":{"line":1,"column":361},"end":{"line":1,"column":366}}]},"2":{"line":1,"type":"if","locations":[{"start":{"line":1,"column":398},"end":{"line":1,"column":398}},{"start":{"line":1,"column":398},"end":{"line":1,"column":398}}]},"3":{"line":1,"type":"if","locations":[{"start":{"line":1,"column":568},"end":{"line":1,"column":568}},{"start":{"line":1,"column":568},"end":{"line":1,"column":568}}]},"4":{"line":1,"type":"if","locations":[{"start":{"line":1,"column":636},"end":{"line":1,"column":636}},{"start":{"line":1,"column":636},"end":{"line":1,"column":636}}]},"5":{"line":1,"type":"if","locations":[{"start":{"line":1,"column":860},"end":{"line":1,"column":860}},{"start":{"line":1,"column":860},"end":{"line":1,"column":860}}]},"6":{"line":1,"type":"cond-expr","locations":[{"start":{"line":1,"column":1033},"end":{"line":1,"column":1037}},{"start":{"line":1,"column":1040},"end":{"line":1,"column":1044}}]},"7":{"line":1,"type":"binary-expr","locations":[{"start":{"line":1,"column":966},"end":{"line":1,"column":970}},{"start":{"line":1,"column":975},"end":{"line":1,"column":999}},{"start":{"line":1,"column":1003},"end":{"line":1,"column":1029}}]},"8":{"line":1,"type":"if","locations":[{"start":{"line":1,"column":1088},"end":{"line":1,"column":1088}},{"start":{"line":1,"column":1088},"end":{"line":1,"column":1088}}]},"9":{"line":1,"type":"binary-expr","locations":[{"start":{"line":1,"column":1092},"end":{"line":1,"column":1124}},{"start":{"line":1,"column":1128},"end":{"line":1,"column":1147}}]},"10":{"line":1,"type":"binary-expr","locations":[{"start":{"line":1,"column":1286},"end":{"line":1,"column":1296}},{"start":{"line":1,"column":1300},"end":{"line":1,"column":1320}}]},"11":{"line":1,"type":"if","locations":[{"start":{"line":1,"column":1415},"end":{"line":1,"column":1415}},{"start":{"line":1,"column":1415},"end":{"line":1,"column":1415}}]},"12":{"line":1,"type":"cond-expr","locations":[{"start":{"line":1,"column":1455},"end":{"line":1,"column":1498}},{"start":{"line":1,"column":1501},"end":{"line":1,"column":1532}}]},"13":{"line":1,"type":"if","locations":[{"start":{"line":1,"column":1583},"end":{"line":1,"column":1583}},{"start":{"line":1,"column":1583},"end":{"line":1,"column":1583}}]},"14":{"line":37,"type":"binary-expr","locations":[{"start":{"line":37,"column":47},"end":{"line":37,"column":57}},{"start":{"line":37,"column":61},"end":{"line":37,"column":77}}]},"15":{"line":45,"type":"if","locations":[{"start":{"line":45,"column":12},"end":{"line":45,"column":12}},{"start":{"line":45,"column":12},"end":{"line":45,"column":12}}]},"16":{"line":51,"type":"binary-expr","locations":[{"start":{"line":51,"column":36},"end":{"line":51,"column":46}},{"start":{"line":51,"column":50},"end":{"line":51,"column":66}}]}},"l":{"1":61,"3":31,"4":31,"5":31,"6":31,"7":31,"10":169,"13":19,"16":43,"19":122,"22":1,"25":8,"28":4,"29":16,"30":4,"33":25,"34":25,"37":4,"40":4,"41":14,"42":4,"45":2,"46":1,"48":1,"51":4}},
"/Users/suhail/Sites/rockpaper.dev/es6/controllers/GamePlay/GameResults.js":{"path":"/Users/suhail/Sites/rockpaper.dev/es6/controllers/GamePlay/GameResults.js","s":{"1":2,"2":2,"3":2,"4":2,"5":2,"6":2,"7":27,"8":27,"9":16,"10":5,"11":11,"12":3,"13":16,"14":8,"15":8,"16":27,"17":2,"18":51,"19":51,"20":29,"21":29,"22":51,"23":2,"24":29,"25":29,"26":18,"27":8,"28":3,"29":5,"30":10,"31":4,"32":6,"33":6,"34":5,"35":1,"36":29},"b":{"1":[16,11],"2":[27,27,16,16],"3":[5,11],"4":[3,8],"5":[8,8],"6":[5,3],"7":[2,1],"8":[29,22],"9":[51,51,51,29],"10":[18,11],"11":[29,29,18,18],"12":[8,10],"13":[3,5],"14":[4,6],"15":[6,0],"16":[5,1]},"f":{"1":27,"2":51,"3":29},"fnMap":{"1":{"name":"formatRoundWinnerText","line":59,"loc":{"start":{"line":59,"column":116},"end":{"line":59,"column":165}}},"2":{"name":"formatHandsText","line":66,"loc":{"start":{"line":66,"column":687},"end":{"line":66,"column":730}}},"3":{"name":"formatGameFinishText","line":73,"loc":{"start":{"line":73,"column":965},"end":{"line":73,"column":1013}}}},"statementMap":{"1":{"start":{"line":1,"column":37},"end":{"line":1,"column":99},"skip":true},"2":{"start":{"line":1,"column":99},"end":{"line":10,"column":46}},"3":{"start":{"line":10,"column":71},"end":{"line":36,"column":34}},"4":{"start":{"line":36,"column":59},"end":{"line":52,"column":44}},"5":{"start":{"line":52,"column":44},"end":{"line":52,"column":112}},"6":{"start":{"line":59,"column":116},"end":{"line":59,"column":683}},"7":{"start":{"line":59,"column":166},"end":{"line":59,"column":193}},"8":{"start":{"line":59,"column":193},"end":{"line":59,"column":663}},"9":{"start":{"line":59,"column":252},"end":{"line":59,"column":402}},"10":{"start":{"line":59,"column":306},"end":{"line":59,"column":323}},"11":{"start":{"line":59,"column":330},"end":{"line":59,"column":402}},"12":{"start":{"line":59,"column":384},"end":{"line":59,"column":401}},"13":{"start":{"line":59,"column":402},"end":{"line":59,"column":662}},"14":{"start":{"line":59,"column":424},"end":{"line":59,"column":448}},"15":{"start":{"line":59,"column":456},"end":{"line":59,"column":661}},"16":{"start":{"line":59,"column":663},"end":{"line":59,"column":682}},"17":{"start":{"line":66,"column":687},"end":{"line":66,"column":961}},"18":{"start":{"line":66,"column":731},"end":{"line":66,"column":743}},"19":{"start":{"line":66,"column":743},"end":{"line":66,"column":941}},"20":{"start":{"line":66,"column":802},"end":{"line":66,"column":865}},"21":{"start":{"line":66,"column":865},"end":{"line":66,"column":940}},"22":{"start":{"line":66,"column":941},"end":{"line":66,"column":960}},"23":{"start":{"line":73,"column":965},"end":{"line":75,"column":24}},"24":{"start":{"line":73,"column":1014},"end":{"line":73,"column":1026}},"25":{"start":{"line":73,"column":1026},"end":{"line":73,"column":1654}},"26":{"start":{"line":73,"column":1085},"end":{"line":73,"column":1653}},"27":{"start":{"line":73,"column":1131},"end":{"line":73,"column":1341}},"28":{"start":{"line":73,"column":1202},"end":{"line":73,"column":1284}},"29":{"start":{"line":73,"column":1292},"end":{"line":73,"column":1340}},"30":{"start":{"line":73,"column":1348},"end":{"line":73,"column":1653}},"31":{"start":{"line":73,"column":1396},"end":{"line":73,"column":1434}},"32":{"start":{"line":73,"column":1441},"end":{"line":73,"column":1653}},"33":{"start":{"line":73,"column":1487},"end":{"line":73,"column":1652}},"34":{"start":{"line":73,"column":1558},"end":{"line":73,"column":1595}},"35":{"start":{"line":73,"column":1603},"end":{"line":73,"column":1651}},"36":{"start":{"line":75,"column":4},"end":{"line":75,"column":23}}},"branchMap":{"1":{"line":59,"type":"if","locations":[{"start":{"line":59,"column":193},"end":{"line":59,"column":193}},{"start":{"line":59,"column":193},"end":{"line":59,"column":193}}]},"2":{"line":59,"type":"binary-expr","locations":[{"start":{"line":59,"column":197},"end":{"line":59,"column":204}},{"start":{"line":59,"column":208},"end":{"line":59,"column":221}},{"start":{"line":59,"column":225},"end":{"line":59,"column":232}},{"start":{"line":59,"column":236},"end":{"line":59,"column":249}}]},"3":{"line":59,"type":"if","locations":[{"start":{"line":59,"column":252},"end":{"line":59,"column":252}},{"start":{"line":59,"column":252},"end":{"line":59,"column":252}}]},"4":{"line":59,"type":"if","locations":[{"start":{"line":59,"column":330},"end":{"line":59,"column":330}},{"start":{"line":59,"column":330},"end":{"line":59,"column":330}}]},"5":{"line":59,"type":"if","locations":[{"start":{"line":59,"column":402},"end":{"line":59,"column":402}},{"start":{"line":59,"column":402},"end":{"line":59,"column":402}}]},"6":{"line":59,"type":"cond-expr","locations":[{"start":{"line":59,"column":485},"end":{"line":59,"column":525}},{"start":{"line":59,"column":528},"end":{"line":59,"column":659}}]},"7":{"line":59,"type":"cond-expr","locations":[{"start":{"line":59,"column":595},"end":{"line":59,"column":616}},{"start":{"line":59,"column":619},"end":{"line":59,"column":659}}]},"8":{"line":66,"type":"if","locations":[{"start":{"line":66,"column":743},"end":{"line":66,"column":743}},{"start":{"line":66,"column":743},"end":{"line":66,"column":743}}]},"9":{"line":66,"type":"binary-expr","locations":[{"start":{"line":66,"column":747},"end":{"line":66,"column":754}},{"start":{"line":66,"column":758},"end":{"line":66,"column":765}},{"start":{"line":66,"column":769},"end":{"line":66,"column":782}},{"start":{"line":66,"column":786},"end":{"line":66,"column":799}}]},"10":{"line":73,"type":"if","locations":[{"start":{"line":73,"column":1026},"end":{"line":73,"column":1026}},{"start":{"line":73,"column":1026},"end":{"line":73,"column":1026}}]},"11":{"line":73,"type":"binary-expr","locations":[{"start":{"line":73,"column":1030},"end":{"line":73,"column":1037}},{"start":{"line":73,"column":1041},"end":{"line":73,"column":1054}},{"start":{"line":73,"column":1058},"end":{"line":73,"column":1065}},{"start":{"line":73,"column":1069},"end":{"line":73,"column":1082}}]},"12":{"line":73,"type":"if","locations":[{"start":{"line":73,"column":1085},"end":{"line":73,"column":1085}},{"start":{"line":73,"column":1085},"end":{"line":73,"column":1085}}]},"13":{"line":73,"type":"if","locations":[{"start":{"line":73,"column":1131},"end":{"line":73,"column":1131}},{"start":{"line":73,"column":1131},"end":{"line":73,"column":1131}}]},"14":{"line":73,"type":"if","locations":[{"start":{"line":73,"column":1348},"end":{"line":73,"column":1348}},{"start":{"line":73,"column":1348},"end":{"line":73,"column":1348}}]},"15":{"line":73,"type":"if","locations":[{"start":{"line":73,"column":1441},"end":{"line":73,"column":1441}},{"start":{"line":73,"column":1441},"end":{"line":73,"column":1441}}]},"16":{"line":73,"type":"if","locations":[{"start":{"line":73,"column":1487},"end":{"line":73,"column":1487}},{"start":{"line":73,"column":1487},"end":{"line":73,"column":1487}}]}},"l":{"1":2,"10":2,"36":2,"52":2,"59":27,"66":51,"73":29,"75":29}},
"/Users/suhail/Sites/rockpaper.dev/es6/controllers/GamePlay/StateAndProps.js":{"path":"/Users/suhail/Sites/rockpaper.dev/es6/controllers/GamePlay/StateAndProps.js","s":{"1":3,"2":3,"3":3,"4":3,"5":3,"6":3},"b":{},"f":{},"fnMap":{},"statementMap":{"1":{"start":{"line":1,"column":37},"end":{"line":1,"column":99},"skip":true},"2":{"start":{"line":1,"column":99},"end":{"line":1,"column":160}},"3":{"start":{"line":4,"column":0},"end":{"line":4,"column":79}},"4":{"start":{"line":5,"column":0},"end":{"line":5,"column":68}},"5":{"start":{"line":8,"column":0},"end":{"line":8,"column":67}},"6":{"start":{"line":8,"column":67},"end":{"line":18,"column":21}}},"branchMap":{},"l":{"1":3,"4":3,"5":3,"8":3}},
"/Users/suhail/Sites/rockpaper.dev/es6/ui/Button.js":{"path":"/Users/suhail/Sites/rockpaper.dev/es6/ui/Button.js","s":{"1":3,"2":3,"3":3,"4":3,"5":3,"6":9,"7":9,"8":9,"9":9,"10":9,"11":9,"12":3,"13":3,"14":3,"15":3,"16":0,"17":3,"18":3,"19":3,"20":3,"21":3,"22":0,"23":3,"24":3,"25":3,"26":36,"27":36,"28":3,"29":3,"30":3,"31":32,"32":0,"33":3,"34":32,"35":0,"36":32,"37":3,"38":3,"39":0,"40":3,"41":3,"42":3,"43":3,"44":3,"45":3,"46":32,"47":32,"48":32,"49":32,"50":32,"51":3,"52":13,"53":107,"54":32,"55":32,"56":32,"57":3},"b":{"1":[9,9],"2":[9,0],"3":[3,0],"4":[0,3],"5":[0,3],"6":[3,3],"7":[3,0],"8":[36,0],"9":[0,32],"10":[0,32],"11":[0,32],"12":[32,0,0],"13":[0,3],"14":[3,0],"15":[3,3],"16":[3,0],"17":[3,0],"18":[107,107],"19":[32,8],"20":[1,31],"21":[13,18]},"f":{"1":3,"2":3,"3":3,"4":3,"5":32,"6":32,"7":3,"8":3,"9":32,"10":13,"11":107,"12":32},"fnMap":{"1":{"name":"(anonymous_1)","line":1,"loc":{"start":{"line":1,"column":145},"end":{"line":1,"column":157}}},"2":{"name":"defineProperties","line":1,"loc":{"start":{"line":1,"column":158},"end":{"line":1,"column":199}}},"3":{"name":"(anonymous_3)","line":1,"loc":{"start":{"line":1,"column":473},"end":{"line":1,"column":521}}},"4":{"name":"_interopRequireWildcard","line":1,"loc":{"start":{"line":1,"column":823},"end":{"line":1,"column":861}}},"5":{"name":"_classCallCheck","line":1,"loc":{"start":{"line":1,"column":1079},"end":{"line":1,"column":1127}}},"6":{"name":"_possibleConstructorReturn","line":1,"loc":{"start":{"line":1,"column":1228},"end":{"line":1,"column":1276}}},"7":{"name":"_inherits","line":1,"loc":{"start":{"line":1,"column":1463},"end":{"line":1,"column":1504}}},"8":{"name":"(anonymous_8)","line":2,"loc":{"start":{"line":2,"column":26},"end":{"line":2,"column":54}}},"9":{"name":"Button","line":3,"loc":{"start":{"line":3,"column":4},"end":{"line":3,"column":51}}},"10":{"name":"onClick","line":6,"loc":{"start":{"line":6,"column":255},"end":{"line":8,"column":21}}},"11":{"name":"shouldComponentUpdate","line":9,"loc":{"start":{"line":9,"column":88},"end":{"line":11,"column":15}}},"12":{"name":"render","line":13,"loc":{"start":{"line":13,"column":74},"end":{"line":15,"column":8}}}},"statementMap":{"1":{"start":{"line":1,"column":37},"end":{"line":1,"column":99},"skip":true},"2":{"start":{"line":1,"column":99},"end":{"line":1,"column":126}},"3":{"start":{"line":1,"column":126},"end":{"line":1,"column":675}},"4":{"start":{"line":1,"column":158},"end":{"line":1,"column":466}},"5":{"start":{"line":1,"column":200},"end":{"line":1,"column":465}},"6":{"start":{"line":1,"column":240},"end":{"line":1,"column":266}},"7":{"start":{"line":1,"column":266},"end":{"line":1,"column":321}},"8":{"start":{"line":1,"column":321},"end":{"line":1,"column":352}},"9":{"start":{"line":1,"column":352},"end":{"line":1,"column":406}},"10":{"start":{"line":1,"column":379},"end":{"line":1,"column":406}},"11":{"start":{"line":1,"column":406},"end":{"line":1,"column":464}},"12":{"start":{"line":1,"column":466},"end":{"line":1,"column":671}},"13":{"start":{"line":1,"column":522},"end":{"line":1,"column":590}},"14":{"start":{"line":1,"column":538},"end":{"line":1,"column":590}},"15":{"start":{"line":1,"column":590},"end":{"line":1,"column":650}},"16":{"start":{"line":1,"column":607},"end":{"line":1,"column":650}},"17":{"start":{"line":1,"column":650},"end":{"line":1,"column":669}},"18":{"start":{"line":1,"column":675},"end":{"line":1,"column":729}},"19":{"start":{"line":1,"column":754},"end":{"line":1,"column":798}},"20":{"start":{"line":1,"column":823},"end":{"line":1,"column":1079}},"21":{"start":{"line":1,"column":862},"end":{"line":1,"column":1078}},"22":{"start":{"line":1,"column":890},"end":{"line":1,"column":901}},"23":{"start":{"line":1,"column":909},"end":{"line":1,"column":925}},"24":{"start":{"line":1,"column":925},"end":{"line":1,"column":1042}},"25":{"start":{"line":1,"column":943},"end":{"line":1,"column":1041}},"26":{"start":{"line":1,"column":965},"end":{"line":1,"column":1040}},"27":{"start":{"line":1,"column":1017},"end":{"line":1,"column":1040}},"28":{"start":{"line":1,"column":1042},"end":{"line":1,"column":1063}},"29":{"start":{"line":1,"column":1063},"end":{"line":1,"column":1077}},"30":{"start":{"line":1,"column":1079},"end":{"line":1,"column":1228}},"31":{"start":{"line":1,"column":1128},"end":{"line":1,"column":1227}},"32":{"start":{"line":1,"column":1169},"end":{"line":1,"column":1226}},"33":{"start":{"line":1,"column":1228},"end":{"line":1,"column":1463}},"34":{"start":{"line":1,"column":1277},"end":{"line":1,"column":1376}},"35":{"start":{"line":1,"column":1289},"end":{"line":1,"column":1375}},"36":{"start":{"line":1,"column":1376},"end":{"line":1,"column":1462}},"37":{"start":{"line":1,"column":1463},"end":{"line":1,"column":1951}},"38":{"start":{"line":1,"column":1505},"end":{"line":1,"column":1668}},"39":{"start":{"line":1,"column":1567},"end":{"line":1,"column":1667}},"40":{"start":{"line":1,"column":1668},"end":{"line":1,"column":1832}},"41":{"start":{"line":1,"column":1832},"end":{"line":1,"column":1950}},"42":{"start":{"line":1,"column":1848},"end":{"line":1,"column":1950}},"43":{"start":{"line":1,"column":1951},"end":{"line":18,"column":221}},"44":{"start":{"line":2,"column":55},"end":{"line":2,"column":91}},"45":{"start":{"line":3,"column":4},"end":{"line":6,"column":208}},"46":{"start":{"line":3,"column":76},"end":{"line":3,"column":106}},"47":{"start":{"line":3,"column":106},"end":{"line":4,"column":16}},"48":{"start":{"line":5,"column":32},"end":{"line":5,"column":49}},"49":{"start":{"line":6,"column":32},"end":{"line":6,"column":169}},"50":{"start":{"line":6,"column":194},"end":{"line":6,"column":207}},"51":{"start":{"line":6,"column":208},"end":{"line":18,"column":188}},"52":{"start":{"line":9,"column":12},"end":{"line":9,"column":44}},"53":{"start":{"line":12,"column":12},"end":{"line":13,"column":45}},"54":{"start":{"line":16,"column":12},"end":{"line":16,"column":49}},"55":{"start":{"line":17,"column":12},"end":{"line":17,"column":183}},"56":{"start":{"line":18,"column":12},"end":{"line":18,"column":182}},"57":{"start":{"line":18,"column":188},"end":{"line":18,"column":202}}},"branchMap":{"1":{"line":1,"type":"binary-expr","locations":[{"start":{"line":1,"column":290},"end":{"line":1,"column":311}},{"start":{"line":1,"column":315},"end":{"line":1,"column":320}}]},"2":{"line":1,"type":"if","locations":[{"start":{"line":1,"column":352},"end":{"line":1,"column":352}},{"start":{"line":1,"column":352},"end":{"line":1,"column":352}}]},"3":{"line":1,"type":"if","locations":[{"start":{"line":1,"column":522},"end":{"line":1,"column":522}},{"start":{"line":1,"column":522},"end":{"line":1,"column":522}}]},"4":{"line":1,"type":"if","locations":[{"start":{"line":1,"column":590},"end":{"line":1,"column":590}},{"start":{"line":1,"column":590},"end":{"line":1,"column":590}}]},"5":{"line":1,"type":"if","locations":[{"start":{"line":1,"column":862},"end":{"line":1,"column":862}},{"start":{"line":1,"column":862},"end":{"line":1,"column":862}}]},"6":{"line":1,"type":"binary-expr","locations":[{"start":{"line":1,"column":866},"end":{"line":1,"column":869}},{"start":{"line":1,"column":873},"end":{"line":1,"column":887}}]},"7":{"line":1,"type":"if","locations":[{"start":{"line":1,"column":925},"end":{"line":1,"column":925}},{"start":{"line":1,"column":925},"end":{"line":1,"column":925}}]},"8":{"line":1,"type":"if","locations":[{"start":{"line":1,"column":965},"end":{"line":1,"column":965}},{"start":{"line":1,"column":965},"end":{"line":1,"column":965}}]},"9":{"line":1,"type":"if","locations":[{"start":{"line":1,"column":1128},"end":{"line":1,"column":1128}},{"start":{"line":1,"column":1128},"end":{"line":1,"column":1128}}]},"10":{"line":1,"type":"if","locations":[{"start":{"line":1,"column":1277},"end":{"line":1,"column":1277}},{"start":{"line":1,"column":1277},"end":{"line":1,"column":1277}}]},"11":{"line":1,"type":"cond-expr","locations":[{"start":{"line":1,"column":1450},"end":{"line":1,"column":1454}},{"start":{"line":1,"column":1457},"end":{"line":1,"column":1461}}]},"12":{"line":1,"type":"binary-expr","locations":[{"start":{"line":1,"column":1383},"end":{"line":1,"column":1387}},{"start":{"line":1,"column":1392},"end":{"line":1,"column":1416}},{"start":{"line":1,"column":1420},"end":{"line":1,"column":1446}}]},"13":{"line":1,"type":"if","locations":[{"start":{"line":1,"column":1505},"end":{"line":1,"column":1505}},{"start":{"line":1,"column":1505},"end":{"line":1,"column":1505}}]},"14":{"line":1,"type":"binary-expr","locations":[{"start":{"line":1,"column":1509},"end":{"line":1,"column":1541}},{"start":{"line":1,"column":1545},"end":{"line":1,"column":1564}}]},"15":{"line":1,"type":"binary-expr","locations":[{"start":{"line":1,"column":1703},"end":{"line":1,"column":1713}},{"start":{"line":1,"column":1717},"end":{"line":1,"column":1737}}]},"16":{"line":1,"type":"if","locations":[{"start":{"line":1,"column":1832},"end":{"line":1,"column":1832}},{"start":{"line":1,"column":1832},"end":{"line":1,"column":1832}}]},"17":{"line":1,"type":"cond-expr","locations":[{"start":{"line":1,"column":1872},"end":{"line":1,"column":1915}},{"start":{"line":1,"column":1918},"end":{"line":1,"column":1949}}]},"18":{"line":12,"type":"binary-expr","locations":[{"start":{"line":12,"column":19},"end":{"line":12,"column":49}},{"start":{"line":13,"column":12},"end":{"line":13,"column":44}}]},"19":{"line":16,"type":"binary-expr","locations":[{"start":{"line":16,"column":22},"end":{"line":16,"column":42}},{"start":{"line":16,"column":46},"end":{"line":16,"column":48}}]},"20":{"line":17,"type":"cond-expr","locations":[{"start":{"line":17,"column":49},"end":{"line":17,"column":93}},{"start":{"line":17,"column":96},"end":{"line":17,"column":182}}]},"21":{"line":17,"type":"cond-expr","locations":[{"start":{"line":17,"column":114},"end":{"line":17,"column":170}},{"start":{"line":17,"column":173},"end":{"line":17,"column":182}}]}},"l":{"1":36,"2":3,"3":32,"5":32,"6":32,"9":13,"12":107,"16":32,"17":32,"18":32}},
"/Users/suhail/Sites/rockpaper.dev/es6/ui/Dialog.js":{"path":"/Users/suhail/Sites/rockpaper.dev/es6/ui/Dialog.js","s":{"1":2,"2":2,"3":2,"4":2,"5":2,"6":2,"7":2,"8":2,"9":2,"10":2,"11":2,"12":2,"13":2,"14":2,"15":2,"16":0,"17":2,"18":2,"19":2,"20":2,"21":2,"22":2,"23":0,"24":2,"25":2,"26":2,"27":24,"28":24,"29":2,"30":2,"31":2,"32":9,"33":0,"34":2,"35":9,"36":0,"37":9,"38":2,"39":2,"40":0,"41":2,"42":2,"43":2,"44":2,"45":2,"46":2,"47":9,"48":9,"49":9,"50":9,"51":2,"52":49,"53":49,"54":2},"b":{"1":[2,2],"2":[2,0],"3":[2,0],"4":[0,2],"5":[0,2],"6":[2,2],"7":[2,0],"8":[24,0],"9":[0,9],"10":[0,9],"11":[0,9],"12":[9,0,0],"13":[0,2],"14":[2,0],"15":[2,2],"16":[2,0],"17":[2,0],"18":[49,48]},"f":{"1":2,"2":2,"3":2,"4":2,"5":9,"6":9,"7":2,"8":2,"9":9,"10":49},"fnMap":{"1":{"name":"(anonymous_1)","line":1,"loc":{"start":{"line":1,"column":145},"end":{"line":1,"column":157}}},"2":{"name":"defineProperties","line":1,"loc":{"start":{"line":1,"column":158},"end":{"line":1,"column":199}}},"3":{"name":"(anonymous_3)","line":1,"loc":{"start":{"line":1,"column":473},"end":{"line":1,"column":521}}},"4":{"name":"_interopRequireWildcard","line":2,"loc":{"start":{"line":2,"column":91},"end":{"line":2,"column":129}}},"5":{"name":"_classCallCheck","line":2,"loc":{"start":{"line":2,"column":347},"end":{"line":2,"column":395}}},"6":{"name":"_possibleConstructorReturn","line":2,"loc":{"start":{"line":2,"column":496},"end":{"line":2,"column":544}}},"7":{"name":"_inherits","line":2,"loc":{"start":{"line":2,"column":731},"end":{"line":2,"column":772}}},"8":{"name":"(anonymous_8)","line":3,"loc":{"start":{"line":3,"column":26},"end":{"line":3,"column":54}}},"9":{"name":"Dialog","line":4,"loc":{"start":{"line":4,"column":4},"end":{"line":4,"column":51}}},"10":{"name":"render","line":6,"loc":{"start":{"line":6,"column":134},"end":{"line":8,"column":8}}}},"statementMap":{"1":{"start":{"line":1,"column":37},"end":{"line":1,"column":99},"skip":true},"2":{"start":{"line":1,"column":99},"end":{"line":1,"column":126}},"3":{"start":{"line":1,"column":126},"end":{"line":1,"column":675}},"4":{"start":{"line":1,"column":158},"end":{"line":1,"column":466}},"5":{"start":{"line":1,"column":200},"end":{"line":1,"column":465}},"6":{"start":{"line":1,"column":240},"end":{"line":1,"column":266}},"7":{"start":{"line":1,"column":266},"end":{"line":1,"column":321}},"8":{"start":{"line":1,"column":321},"end":{"line":1,"column":352}},"9":{"start":{"line":1,"column":352},"end":{"line":1,"column":406}},"10":{"start":{"line":1,"column":379},"end":{"line":1,"column":406}},"11":{"start":{"line":1,"column":406},"end":{"line":1,"column":464}},"12":{"start":{"line":1,"column":466},"end":{"line":1,"column":671}},"13":{"start":{"line":1,"column":522},"end":{"line":1,"column":590}},"14":{"start":{"line":1,"column":538},"end":{"line":1,"column":590}},"15":{"start":{"line":1,"column":590},"end":{"line":1,"column":650}},"16":{"start":{"line":1,"column":607},"end":{"line":1,"column":650}},"17":{"start":{"line":1,"column":650},"end":{"line":1,"column":669}},"18":{"start":{"line":1,"column":675},"end":{"line":1,"column":729}},"19":{"start":{"line":1,"column":754},"end":{"line":1,"column":798}},"20":{"start":{"line":2,"column":0},"end":{"line":2,"column":66}},"21":{"start":{"line":2,"column":91},"end":{"line":2,"column":347}},"22":{"start":{"line":2,"column":130},"end":{"line":2,"column":346}},"23":{"start":{"line":2,"column":158},"end":{"line":2,"column":169}},"24":{"start":{"line":2,"column":177},"end":{"line":2,"column":193}},"25":{"start":{"line":2,"column":193},"end":{"line":2,"column":310}},"26":{"start":{"line":2,"column":211},"end":{"line":2,"column":309}},"27":{"start":{"line":2,"column":233},"end":{"line":2,"column":308}},"28":{"start":{"line":2,"column":285},"end":{"line":2,"column":308}},"29":{"start":{"line":2,"column":310},"end":{"line":2,"column":331}},"30":{"start":{"line":2,"column":331},"end":{"line":2,"column":345}},"31":{"start":{"line":2,"column":347},"end":{"line":2,"column":496}},"32":{"start":{"line":2,"column":396},"end":{"line":2,"column":495}},"33":{"start":{"line":2,"column":437},"end":{"line":2,"column":494}},"34":{"start":{"line":2,"column":496},"end":{"line":2,"column":731}},"35":{"start":{"line":2,"column":545},"end":{"line":2,"column":644}},"36":{"start":{"line":2,"column":557},"end":{"line":2,"column":643}},"37":{"start":{"line":2,"column":644},"end":{"line":2,"column":730}},"38":{"start":{"line":2,"column":731},"end":{"line":2,"column":1219}},"39":{"start":{"line":2,"column":773},"end":{"line":2,"column":936}},"40":{"start":{"line":2,"column":835},"end":{"line":2,"column":935}},"41":{"start":{"line":2,"column":936},"end":{"line":2,"column":1100}},"42":{"start":{"line":2,"column":1100},"end":{"line":2,"column":1218}},"43":{"start":{"line":2,"column":1116},"end":{"line":2,"column":1218}},"44":{"start":{"line":2,"column":1219},"end":{"line":10,"column":539}},"45":{"start":{"line":3,"column":55},"end":{"line":3,"column":91}},"46":{"start":{"line":4,"column":4},"end":{"line":6,"column":88}},"47":{"start":{"line":4,"column":76},"end":{"line":4,"column":106}},"48":{"start":{"line":4,"column":106},"end":{"line":5,"column":16}},"49":{"start":{"line":6,"column":32},"end":{"line":6,"column":49}},"50":{"start":{"line":6,"column":74},"end":{"line":6,"column":87}},"51":{"start":{"line":6,"column":88},"end":{"line":10,"column":506}},"52":{"start":{"line":9,"column":12},"end":{"line":9,"column":64}},"53":{"start":{"line":10,"column":12},"end":{"line":10,"column":500}},"54":{"start":{"line":10,"column":506},"end":{"line":10,"column":520}}},"branchMap":{"1":{"line":1,"type":"binary-expr","locations":[{"start":{"line":1,"column":290},"end":{"line":1,"column":311}},{"start":{"line":1,"column":315},"end":{"line":1,"column":320}}]},"2":{"line":1,"type":"if","locations":[{"start":{"line":1,"column":352},"end":{"line":1,"column":352}},{"start":{"line":1,"column":352},"end":{"line":1,"column":352}}]},"3":{"line":1,"type":"if","locations":[{"start":{"line":1,"column":522},"end":{"line":1,"column":522}},{"start":{"line":1,"column":522},"end":{"line":1,"column":522}}]},"4":{"line":1,"type":"if","locations":[{"start":{"line":1,"column":590},"end":{"line":1,"column":590}},{"start":{"line":1,"column":590},"end":{"line":1,"column":590}}]},"5":{"line":2,"type":"if","locations":[{"start":{"line":2,"column":130},"end":{"line":2,"column":130}},{"start":{"line":2,"column":130},"end":{"line":2,"column":130}}]},"6":{"line":2,"type":"binary-expr","locations":[{"start":{"line":2,"column":134},"end":{"line":2,"column":137}},{"start":{"line":2,"column":141},"end":{"line":2,"column":155}}]},"7":{"line":2,"type":"if","locations":[{"start":{"line":2,"column":193},"end":{"line":2,"column":193}},{"start":{"line":2,"column":193},"end":{"line":2,"column":193}}]},"8":{"line":2,"type":"if","locations":[{"start":{"line":2,"column":233},"end":{"line":2,"column":233}},{"start":{"line":2,"column":233},"end":{"line":2,"column":233}}]},"9":{"line":2,"type":"if","locations":[{"start":{"line":2,"column":396},"end":{"line":2,"column":396}},{"start":{"line":2,"column":396},"end":{"line":2,"column":396}}]},"10":{"line":2,"type":"if","locations":[{"start":{"line":2,"column":545},"end":{"line":2,"column":545}},{"start":{"line":2,"column":545},"end":{"line":2,"column":545}}]},"11":{"line":2,"type":"cond-expr","locations":[{"start":{"line":2,"column":718},"end":{"line":2,"column":722}},{"start":{"line":2,"column":725},"end":{"line":2,"column":729}}]},"12":{"line":2,"type":"binary-expr","locations":[{"start":{"line":2,"column":651},"end":{"line":2,"column":655}},{"start":{"line":2,"column":660},"end":{"line":2,"column":684}},{"start":{"line":2,"column":688},"end":{"line":2,"column":714}}]},"13":{"line":2,"type":"if","locations":[{"start":{"line":2,"column":773},"end":{"line":2,"column":773}},{"start":{"line":2,"column":773},"end":{"line":2,"column":773}}]},"14":{"line":2,"type":"binary-expr","locations":[{"start":{"line":2,"column":777},"end":{"line":2,"column":809}},{"start":{"line":2,"column":813},"end":{"line":2,"column":832}}]},"15":{"line":2,"type":"binary-expr","locations":[{"start":{"line":2,"column":971},"end":{"line":2,"column":981}},{"start":{"line":2,"column":985},"end":{"line":2,"column":1005}}]},"16":{"line":2,"type":"if","locations":[{"start":{"line":2,"column":1100},"end":{"line":2,"column":1100}},{"start":{"line":2,"column":1100},"end":{"line":2,"column":1100}}]},"17":{"line":2,"type":"cond-expr","locations":[{"start":{"line":2,"column":1140},"end":{"line":2,"column":1183}},{"start":{"line":2,"column":1186},"end":{"line":2,"column":1217}}]},"18":{"line":9,"type":"binary-expr","locations":[{"start":{"line":9,"column":42},"end":{"line":9,"column":57}},{"start":{"line":9,"column":61},"end":{"line":9,"column":63}}]}},"l":{"1":2,"2":24,"3":2,"4":9,"6":9,"9":49,"10":49}},
"/Users/suhail/Sites/rockpaper.dev/es6/controllers/SplashScreen/SplashScreen.js":{"path":"/Users/suhail/Sites/rockpaper.dev/es6/controllers/SplashScreen/SplashScreen.js","s":{"1":1,"2":1,"3":1,"4":1,"5":1,"6":4,"7":4,"8":4,"9":4,"10":4,"11":4,"12":1,"13":1,"14":1,"15":1,"16":0,"17":1,"18":1,"19":1,"20":0,"21":1,"22":1,"23":0,"24":0,"25":0,"26":0,"27":1,"28":1,"29":0,"30":0,"31":0,"32":0,"33":1,"34":1,"35":1,"36":1,"37":1,"38":1,"39":1,"40":1,"41":1,"42":1,"43":1,"44":1,"45":1,"46":2,"47":0,"48":2,"49":2,"50":2,"51":26,"52":26,"53":2,"54":2,"55":1,"56":1,"57":0,"58":1,"59":1,"60":0,"61":1,"62":1,"63":1,"64":0,"65":1,"66":1,"67":1,"68":1,"69":1,"70":1,"71":1,"72":1,"73":1,"74":1,"75":1,"76":1,"77":1,"78":1,"79":1,"80":1,"81":1,"82":2,"83":1},"b":{"1":[4,4],"2":[4,0],"3":[1,0],"4":[0,1],"5":[0,1],"6":[0,1],"7":[0,0],"8":[1,0],"9":[0,0],"10":[0,2],"11":[2,2],"12":[2,0],"13":[26,0],"14":[0,1],"15":[0,1],"16":[0,1],"17":[1,0,0],"18":[0,1],"19":[1,0],"20":[1,1],"21":[1,0],"22":[1,0]},"f":{"1":1,"2":1,"3":1,"4":1,"5":2,"6":1,"7":1,"8":1,"9":1,"10":1,"11":1,"12":1,"13":1,"14":2},"fnMap":{"1":{"name":"(anonymous_1)","line":1,"loc":{"start":{"line":1,"column":155},"end":{"line":1,"column":167}}},"2":{"name":"defineProperties","line":1,"loc":{"start":{"line":1,"column":168},"end":{"line":1,"column":209}}},"3":{"name":"(anonymous_3)","line":1,"loc":{"start":{"line":1,"column":483},"end":{"line":1,"column":531}}},"4":{"name":"get","line":1,"loc":{"start":{"line":1,"column":696},"end":{"line":1,"column":737}}},"5":{"name":"_interopRequireWildcard","line":10,"loc":{"start":{"line":10,"column":86},"end":{"line":10,"column":124}}},"6":{"name":"_classCallCheck","line":10,"loc":{"start":{"line":10,"column":342},"end":{"line":10,"column":390}}},"7":{"name":"_possibleConstructorReturn","line":10,"loc":{"start":{"line":10,"column":491},"end":{"line":10,"column":539}}},"8":{"name":"_inherits","line":10,"loc":{"start":{"line":10,"column":726},"end":{"line":10,"column":767}}},"9":{"name":"(anonymous_9)","line":17,"loc":{"start":{"line":17,"column":46},"end":{"line":17,"column":73}}},"10":{"name":"SplashScreenCtrl","line":18,"loc":{"start":{"line":18,"column":4},"end":{"line":18,"column":61}}},"11":{"name":"onModeSelected","line":27,"loc":{"start":{"line":27,"column":71},"end":{"line":28,"column":14}}},"12":{"name":"componentDidMount","line":35,"loc":{"start":{"line":35,"column":50},"end":{"line":36,"column":8}}},"13":{"name":"shouldComponentUpdate","line":46,"loc":{"start":{"line":46,"column":54},"end":{"line":47,"column":22}}},"14":{"name":"render","line":48,"loc":{"start":{"line":48,"column":85},"end":{"line":50,"column":8}}}},"statementMap":{"1":{"start":{"line":1,"column":37},"end":{"line":1,"column":99},"skip":true},"2":{"start":{"line":1,"column":99},"end":{"line":1,"column":136}},"3":{"start":{"line":1,"column":136},"end":{"line":1,"column":685}},"4":{"start":{"line":1,"column":168},"end":{"line":1,"column":476}},"5":{"start":{"line":1,"column":210},"end":{"line":1,"column":475}},"6":{"start":{"line":1,"column":250},"end":{"line":1,"column":276}},"7":{"start":{"line":1,"column":276},"end":{"line":1,"column":331}},"8":{"start":{"line":1,"column":331},"end":{"line":1,"column":362}},"9":{"start":{"line":1,"column":362},"end":{"line":1,"column":416}},"10":{"start":{"line":1,"column":389},"end":{"line":1,"column":416}},"11":{"start":{"line":1,"column":416},"end":{"line":1,"column":474}},"12":{"start":{"line":1,"column":476},"end":{"line":1,"column":681}},"13":{"start":{"line":1,"column":532},"end":{"line":1,"column":600}},"14":{"start":{"line":1,"column":548},"end":{"line":1,"column":600}},"15":{"start":{"line":1,"column":600},"end":{"line":1,"column":660}},"16":{"start":{"line":1,"column":617},"end":{"line":1,"column":660}},"17":{"start":{"line":1,"column":660},"end":{"line":1,"column":679}},"18":{"start":{"line":1,"column":685},"end":{"line":1,"column":1157}},"19":{"start":{"line":1,"column":738},"end":{"line":1,"column":787}},"20":{"start":{"line":1,"column":759},"end":{"line":1,"column":787}},"21":{"start":{"line":1,"column":787},"end":{"line":1,"column":848}},"22":{"start":{"line":1,"column":848},"end":{"line":1,"column":1155}},"23":{"start":{"line":1,"column":873},"end":{"line":1,"column":916}},"24":{"start":{"line":1,"column":916},"end":{"line":1,"column":1003}},"25":{"start":{"line":1,"column":938},"end":{"line":1,"column":955}},"26":{"start":{"line":1,"column":963},"end":{"line":1,"column":1002}},"27":{"start":{"line":1,"column":1010},"end":{"line":1,"column":1155}},"28":{"start":{"line":1,"column":1032},"end":{"line":1,"column":1050}},"29":{"start":{"line":1,"column":1058},"end":{"line":1,"column":1080}},"30":{"start":{"line":1,"column":1080},"end":{"line":1,"column":1125}},"31":{"start":{"line":1,"column":1107},"end":{"line":1,"column":1124}},"32":{"start":{"line":1,"column":1125},"end":{"line":1,"column":1154}},"33":{"start":{"line":1,"column":1157},"end":{"line":1,"column":1211}},"34":{"start":{"line":1,"column":1236},"end":{"line":1,"column":1280}},"35":{"start":{"line":2,"column":0},"end":{"line":2,"column":62}},"36":{"start":{"line":2,"column":87},"end":{"line":2,"column":139}},"37":{"start":{"line":3,"column":0},"end":{"line":3,"column":60}},"38":{"start":{"line":4,"column":0},"end":{"line":4,"column":60}},"39":{"start":{"line":5,"column":0},"end":{"line":5,"column":68}},"40":{"start":{"line":6,"column":0},"end":{"line":6,"column":72}},"41":{"start":{"line":7,"column":0},"end":{"line":7,"column":60}},"42":{"start":{"line":8,"column":0},"end":{"line":8,"column":65}},"43":{"start":{"line":9,"column":0},"end":{"line":9,"column":73}},"44":{"start":{"line":10,"column":0},"end":{"line":10,"column":61}},"45":{"start":{"line":10,"column":86},"end":{"line":10,"column":342}},"46":{"start":{"line":10,"column":125},"end":{"line":10,"column":341}},"47":{"start":{"line":10,"column":153},"end":{"line":10,"column":164}},"48":{"start":{"line":10,"column":172},"end":{"line":10,"column":188}},"49":{"start":{"line":10,"column":188},"end":{"line":10,"column":305}},"50":{"start":{"line":10,"column":206},"end":{"line":10,"column":304}},"51":{"start":{"line":10,"column":228},"end":{"line":10,"column":303}},"52":{"start":{"line":10,"column":280},"end":{"line":10,"column":303}},"53":{"start":{"line":10,"column":305},"end":{"line":10,"column":326}},"54":{"start":{"line":10,"column":326},"end":{"line":10,"column":340}},"55":{"start":{"line":10,"column":342},"end":{"line":10,"column":491}},"56":{"start":{"line":10,"column":391},"end":{"line":10,"column":490}},"57":{"start":{"line":10,"column":432},"end":{"line":10,"column":489}},"58":{"start":{"line":10,"column":491},"end":{"line":10,"column":726}},"59":{"start":{"line":10,"column":540},"end":{"line":10,"column":639}},"60":{"start":{"line":10,"column":552},"end":{"line":10,"column":638}},"61":{"start":{"line":10,"column":639},"end":{"line":10,"column":725}},"62":{"start":{"line":10,"column":726},"end":{"line":10,"column":1214}},"63":{"start":{"line":10,"column":768},"end":{"line":10,"column":931}},"64":{"start":{"line":10,"column":830},"end":{"line":10,"column":930}},"65":{"start":{"line":10,"column":931},"end":{"line":10,"column":1095}},"66":{"start":{"line":10,"column":1095},"end":{"line":10,"column":1213}},"67":{"start":{"line":10,"column":1111},"end":{"line":10,"column":1213}},"68":{"start":{"line":16,"column":3},"end":{"line":51,"column":1191}},"69":{"start":{"line":17,"column":74},"end":{"line":17,"column":119}},"70":{"start":{"line":18,"column":4},"end":{"line":22,"column":176}},"71":{"start":{"line":18,"column":86},"end":{"line":18,"column":126}},"72":{"start":{"line":18,"column":126},"end":{"line":19,"column":42}},"73":{"start":{"line":20,"column":32},"end":{"line":20,"column":110}},"74":{"start":{"line":22,"column":32},"end":{"line":22,"column":137}},"75":{"start":{"line":22,"column":162},"end":{"line":22,"column":175},"skip":true},"76":{"start":{"line":27,"column":7},"end":{"line":51,"column":1139}},"77":{"start":{"line":29,"column":12},"end":{"line":29,"column":96}},"78":{"start":{"line":37,"column":36},"end":{"line":37,"column":130}},"79":{"start":{"line":38,"column":12},"end":{"line":38,"column":179}},"80":{"start":{"line":39,"column":12},"end":{"line":39,"column":145}},"81":{"start":{"line":48,"column":12},"end":{"line":48,"column":56}},"82":{"start":{"line":51,"column":12},"end":{"line":51,"column":1133}},"83":{"start":{"line":51,"column":1139},"end":{"line":51,"column":1163}}},"branchMap":{"1":{"line":1,"type":"binary-expr","locations":[{"start":{"line":1,"column":300},"end":{"line":1,"column":321}},{"start":{"line":1,"column":325},"end":{"line":1,"column":330}}]},"2":{"line":1,"type":"if","locations":[{"start":{"line":1,"column":362},"end":{"line":1,"column":362}},{"start":{"line":1,"column":362},"end":{"line":1,"column":362}}]},"3":{"line":1,"type":"if","locations":[{"start":{"line":1,"column":532},"end":{"line":1,"column":532}},{"start":{"line":1,"column":532},"end":{"line":1,"column":532}}]},"4":{"line":1,"type":"if","locations":[{"start":{"line":1,"column":600},"end":{"line":1,"column":600}},{"start":{"line":1,"column":600},"end":{"line":1,"column":600}}]},"5":{"line":1,"type":"if","locations":[{"start":{"line":1,"column":738},"end":{"line":1,"column":738}},{"start":{"line":1,"column":738},"end":{"line":1,"column":738}}]},"6":{"line":1,"type":"if","locations":[{"start":{"line":1,"column":848},"end":{"line":1,"column":848}},{"start":{"line":1,"column":848},"end":{"line":1,"column":848}}]},"7":{"line":1,"type":"if","locations":[{"start":{"line":1,"column":916},"end":{"line":1,"column":916}},{"start":{"line":1,"column":916},"end":{"line":1,"column":916}}]},"8":{"line":1,"type":"if","locations":[{"start":{"line":1,"column":1010},"end":{"line":1,"column":1010}},{"start":{"line":1,"column":1010},"end":{"line":1,"column":1010}}]},"9":{"line":1,"type":"if","locations":[{"start":{"line":1,"column":1080},"end":{"line":1,"column":1080}},{"start":{"line":1,"column":1080},"end":{"line":1,"column":1080}}]},"10":{"line":10,"type":"if","locations":[{"start":{"line":10,"column":125},"end":{"line":10,"column":125}},{"start":{"line":10,"column":125},"end":{"line":10,"column":125}}]},"11":{"line":10,"type":"binary-expr","locations":[{"start":{"line":10,"column":129},"end":{"line":10,"column":132}},{"start":{"line":10,"column":136},"end":{"line":10,"column":150}}]},"12":{"line":10,"type":"if","locations":[{"start":{"line":10,"column":188},"end":{"line":10,"column":188}},{"start":{"line":10,"column":188},"end":{"line":10,"column":188}}]},"13":{"line":10,"type":"if","locations":[{"start":{"line":10,"column":228},"end":{"line":10,"column":228}},{"start":{"line":10,"column":228},"end":{"line":10,"column":228}}]},"14":{"line":10,"type":"if","locations":[{"start":{"line":10,"column":391},"end":{"line":10,"column":391}},{"start":{"line":10,"column":391},"end":{"line":10,"column":391}}]},"15":{"line":10,"type":"if","locations":[{"start":{"line":10,"column":540},"end":{"line":10,"column":540}},{"start":{"line":10,"column":540},"end":{"line":10,"column":540}}]},"16":{"line":10,"type":"cond-expr","locations":[{"start":{"line":10,"column":713},"end":{"line":10,"column":717}},{"start":{"line":10,"column":720},"end":{"line":10,"column":724}}]},"17":{"line":10,"type":"binary-expr","locations":[{"start":{"line":10,"column":646},"end":{"line":10,"column":650}},{"start":{"line":10,"column":655},"end":{"line":10,"column":679}},{"start":{"line":10,"column":683},"end":{"line":10,"column":709}}]},"18":{"line":10,"type":"if","locations":[{"start":{"line":10,"column":768},"end":{"line":10,"column":768}},{"start":{"line":10,"column":768},"end":{"line":10,"column":768}}]},"19":{"line":10,"type":"binary-expr","locations":[{"start":{"line":10,"column":772},"end":{"line":10,"column":804}},{"start":{"line":10,"column":808},"end":{"line":10,"column":827}}]},"20":{"line":10,"type":"binary-expr","locations":[{"start":{"line":10,"column":966},"end":{"line":10,"column":976}},{"start":{"line":10,"column":980},"end":{"line":10,"column":1000}}]},"21":{"line":10,"type":"if","locations":[{"start":{"line":10,"column":1095},"end":{"line":10,"column":1095}},{"start":{"line":10,"column":1095},"end":{"line":10,"column":1095}}]},"22":{"line":10,"type":"cond-expr","locations":[{"start":{"line":10,"column":1135},"end":{"line":10,"column":1178}},{"start":{"line":10,"column":1181},"end":{"line":10,"column":1212}}]}},"l":{"1":4,"2":1,"3":1,"4":1,"5":1,"6":1,"7":1,"8":1,"9":1,"10":26,"16":1,"17":1,"18":1,"20":1,"22":1,"27":1,"29":1,"37":1,"38":1,"39":1,"48":1,"51":2}},
"/Users/suhail/Sites/rockpaper.dev/es6/ui/Logo.js":{"path":"/Users/suhail/Sites/rockpaper.dev/es6/ui/Logo.js","s":{"1":3,"2":3,"3":3,"4":3,"5":3,"6":6,"7":6,"8":6,"9":6,"10":6,"11":6,"12":3,"13":3,"14":3,"15":3,"16":0,"17":3,"18":3,"19":3,"20":3,"21":3,"22":0,"23":3,"24":3,"25":3,"26":36,"27":36,"28":3,"29":3,"30":3,"31":8,"32":0,"33":3,"34":8,"35":0,"36":8,"37":3,"38":3,"39":0,"40":3,"41":3,"42":3,"43":3,"44":3,"45":3,"46":8,"47":8,"48":8,"49":8,"50":3,"51":21,"52":8,"53":8,"54":3},"b":{"1":[6,6],"2":[6,0],"3":[3,0],"4":[0,3],"5":[0,3],"6":[3,3],"7":[3,0],"8":[36,0],"9":[0,8],"10":[0,8],"11":[0,8],"12":[8,0,0],"13":[0,3],"14":[3,0],"15":[3,3],"16":[3,0],"17":[3,0],"18":[21,21],"19":[8,2]},"f":{"1":3,"2":3,"3":3,"4":3,"5":8,"6":8,"7":3,"8":3,"9":8,"10":21,"11":8},"fnMap":{"1":{"name":"(anonymous_1)","line":1,"loc":{"start":{"line":1,"column":143},"end":{"line":1,"column":155}}},"2":{"name":"defineProperties","line":1,"loc":{"start":{"line":1,"column":156},"end":{"line":1,"column":197}}},"3":{"name":"(anonymous_3)","line":1,"loc":{"start":{"line":1,"column":471},"end":{"line":1,"column":519}}},"4":{"name":"_interopRequireWildcard","line":1,"loc":{"start":{"line":1,"column":821},"end":{"line":1,"column":859}}},"5":{"name":"_classCallCheck","line":1,"loc":{"start":{"line":1,"column":1077},"end":{"line":1,"column":1125}}},"6":{"name":"_possibleConstructorReturn","line":1,"loc":{"start":{"line":1,"column":1226},"end":{"line":1,"column":1274}}},"7":{"name":"_inherits","line":1,"loc":{"start":{"line":1,"column":1461},"end":{"line":1,"column":1502}}},"8":{"name":"(anonymous_8)","line":2,"loc":{"start":{"line":2,"column":22},"end":{"line":2,"column":50}}},"9":{"name":"Logo","line":3,"loc":{"start":{"line":3,"column":4},"end":{"line":3,"column":49}}},"10":{"name":"shouldComponentUpdate","line":5,"loc":{"start":{"line":5,"column":147},"end":{"line":7,"column":15}}},"11":{"name":"render","line":9,"loc":{"start":{"line":9,"column":82},"end":{"line":11,"column":8}}}},"statementMap":{"1":{"start":{"line":1,"column":37},"end":{"line":1,"column":99},"skip":true},"2":{"start":{"line":1,"column":99},"end":{"line":1,"column":124}},"3":{"start":{"line":1,"column":124},"end":{"line":1,"column":673}},"4":{"start":{"line":1,"column":156},"end":{"line":1,"column":464}},"5":{"start":{"line":1,"column":198},"end":{"line":1,"column":463}},"6":{"start":{"line":1,"column":238},"end":{"line":1,"column":264}},"7":{"start":{"line":1,"column":264},"end":{"line":1,"column":319}},"8":{"start":{"line":1,"column":319},"end":{"line":1,"column":350}},"9":{"start":{"line":1,"column":350},"end":{"line":1,"column":404}},"10":{"start":{"line":1,"column":377},"end":{"line":1,"column":404}},"11":{"start":{"line":1,"column":404},"end":{"line":1,"column":462}},"12":{"start":{"line":1,"column":464},"end":{"line":1,"column":669}},"13":{"start":{"line":1,"column":520},"end":{"line":1,"column":588}},"14":{"start":{"line":1,"column":536},"end":{"line":1,"column":588}},"15":{"start":{"line":1,"column":588},"end":{"line":1,"column":648}},"16":{"start":{"line":1,"column":605},"end":{"line":1,"column":648}},"17":{"start":{"line":1,"column":648},"end":{"line":1,"column":667}},"18":{"start":{"line":1,"column":673},"end":{"line":1,"column":727}},"19":{"start":{"line":1,"column":752},"end":{"line":1,"column":796}},"20":{"start":{"line":1,"column":821},"end":{"line":1,"column":1077}},"21":{"start":{"line":1,"column":860},"end":{"line":1,"column":1076}},"22":{"start":{"line":1,"column":888},"end":{"line":1,"column":899}},"23":{"start":{"line":1,"column":907},"end":{"line":1,"column":923}},"24":{"start":{"line":1,"column":923},"end":{"line":1,"column":1040}},"25":{"start":{"line":1,"column":941},"end":{"line":1,"column":1039}},"26":{"start":{"line":1,"column":963},"end":{"line":1,"column":1038}},"27":{"start":{"line":1,"column":1015},"end":{"line":1,"column":1038}},"28":{"start":{"line":1,"column":1040},"end":{"line":1,"column":1061}},"29":{"start":{"line":1,"column":1061},"end":{"line":1,"column":1075}},"30":{"start":{"line":1,"column":1077},"end":{"line":1,"column":1226}},"31":{"start":{"line":1,"column":1126},"end":{"line":1,"column":1225}},"32":{"start":{"line":1,"column":1167},"end":{"line":1,"column":1224}},"33":{"start":{"line":1,"column":1226},"end":{"line":1,"column":1461}},"34":{"start":{"line":1,"column":1275},"end":{"line":1,"column":1374}},"35":{"start":{"line":1,"column":1287},"end":{"line":1,"column":1373}},"36":{"start":{"line":1,"column":1374},"end":{"line":1,"column":1460}},"37":{"start":{"line":1,"column":1461},"end":{"line":1,"column":1949}},"38":{"start":{"line":1,"column":1503},"end":{"line":1,"column":1666}},"39":{"start":{"line":1,"column":1565},"end":{"line":1,"column":1665}},"40":{"start":{"line":1,"column":1666},"end":{"line":1,"column":1830}},"41":{"start":{"line":1,"column":1830},"end":{"line":1,"column":1948}},"42":{"start":{"line":1,"column":1846},"end":{"line":1,"column":1948}},"43":{"start":{"line":1,"column":1949},"end":{"line":13,"column":168}},"44":{"start":{"line":2,"column":51},"end":{"line":2,"column":85}},"45":{"start":{"line":3,"column":4},"end":{"line":5,"column":88}},"46":{"start":{"line":3,"column":74},"end":{"line":3,"column":102}},"47":{"start":{"line":3,"column":102},"end":{"line":4,"column":16}},"48":{"start":{"line":5,"column":32},"end":{"line":5,"column":49}},"49":{"start":{"line":5,"column":74},"end":{"line":5,"column":87}},"50":{"start":{"line":5,"column":88},"end":{"line":13,"column":137}},"51":{"start":{"line":8,"column":12},"end":{"line":9,"column":53}},"52":{"start":{"line":12,"column":12},"end":{"line":12,"column":49}},"53":{"start":{"line":13,"column":12},"end":{"line":13,"column":131}},"54":{"start":{"line":13,"column":137},"end":{"line":13,"column":149}}},"branchMap":{"1":{"line":1,"type":"binary-expr","locations":[{"start":{"line":1,"column":288},"end":{"line":1,"column":309}},{"start":{"line":1,"column":313},"end":{"line":1,"column":318}}]},"2":{"line":1,"type":"if","locations":[{"start":{"line":1,"column":350},"end":{"line":1,"column":350}},{"start":{"line":1,"column":350},"end":{"line":1,"column":350}}]},"3":{"line":1,"type":"if","locations":[{"start":{"line":1,"column":520},"end":{"line":1,"column":520}},{"start":{"line":1,"column":520},"end":{"line":1,"column":520}}]},"4":{"line":1,"type":"if","locations":[{"start":{"line":1,"column":588},"end":{"line":1,"column":588}},{"start":{"line":1,"column":588},"end":{"line":1,"column":588}}]},"5":{"line":1,"type":"if","locations":[{"start":{"line":1,"column":860},"end":{"line":1,"column":860}},{"start":{"line":1,"column":860},"end":{"line":1,"column":860}}]},"6":{"line":1,"type":"binary-expr","locations":[{"start":{"line":1,"column":864},"end":{"line":1,"column":867}},{"start":{"line":1,"column":871},"end":{"line":1,"column":885}}]},"7":{"line":1,"type":"if","locations":[{"start":{"line":1,"column":923},"end":{"line":1,"column":923}},{"start":{"line":1,"column":923},"end":{"line":1,"column":923}}]},"8":{"line":1,"type":"if","locations":[{"start":{"line":1,"column":963},"end":{"line":1,"column":963}},{"start":{"line":1,"column":963},"end":{"line":1,"column":963}}]},"9":{"line":1,"type":"if","locations":[{"start":{"line":1,"column":1126},"end":{"line":1,"column":1126}},{"start":{"line":1,"column":1126},"end":{"line":1,"column":1126}}]},"10":{"line":1,"type":"if","locations":[{"start":{"line":1,"column":1275},"end":{"line":1,"column":1275}},{"start":{"line":1,"column":1275},"end":{"line":1,"column":1275}}]},"11":{"line":1,"type":"cond-expr","locations":[{"start":{"line":1,"column":1448},"end":{"line":1,"column":1452}},{"start":{"line":1,"column":1455},"end":{"line":1,"column":1459}}]},"12":{"line":1,"type":"binary-expr","locations":[{"start":{"line":1,"column":1381},"end":{"line":1,"column":1385}},{"start":{"line":1,"column":1390},"end":{"line":1,"column":1414}},{"start":{"line":1,"column":1418},"end":{"line":1,"column":1444}}]},"13":{"line":1,"type":"if","locations":[{"start":{"line":1,"column":1503},"end":{"line":1,"column":1503}},{"start":{"line":1,"column":1503},"end":{"line":1,"column":1503}}]},"14":{"line":1,"type":"binary-expr","locations":[{"start":{"line":1,"column":1507},"end":{"line":1,"column":1539}},{"start":{"line":1,"column":1543},"end":{"line":1,"column":1562}}]},"15":{"line":1,"type":"binary-expr","locations":[{"start":{"line":1,"column":1701},"end":{"line":1,"column":1711}},{"start":{"line":1,"column":1715},"end":{"line":1,"column":1735}}]},"16":{"line":1,"type":"if","locations":[{"start":{"line":1,"column":1830},"end":{"line":1,"column":1830}},{"start":{"line":1,"column":1830},"end":{"line":1,"column":1830}}]},"17":{"line":1,"type":"cond-expr","locations":[{"start":{"line":1,"column":1870},"end":{"line":1,"column":1913}},{"start":{"line":1,"column":1916},"end":{"line":1,"column":1947}}]},"18":{"line":8,"type":"binary-expr","locations":[{"start":{"line":8,"column":19},"end":{"line":8,"column":51}},{"start":{"line":9,"column":12},"end":{"line":9,"column":52}}]},"19":{"line":12,"type":"binary-expr","locations":[{"start":{"line":12,"column":22},"end":{"line":12,"column":42}},{"start":{"line":12,"column":46},"end":{"line":12,"column":48}}]}},"l":{"1":36,"2":3,"3":8,"5":8,"8":21,"12":8,"13":8}},
"/Users/suhail/Sites/rockpaper.dev/es6/controllers/App/Reducer.js":{"path":"/Users/suhail/Sites/rockpaper.dev/es6/controllers/App/Reducer.js","s":{"1":1,"2":1,"3":1,"4":1,"5":1,"6":3,"7":3,"8":3,"9":2,"10":2,"11":2,"12":3},"b":{"1":[2,1],"2":[2]},"f":{"1":3},"fnMap":{"1":{"name":"Reducer","line":16,"loc":{"start":{"line":16,"column":150},"end":{"line":16,"column":182}}}},"statementMap":{"1":{"start":{"line":1,"column":37},"end":{"line":1,"column":99},"skip":true},"2":{"start":{"line":1,"column":99},"end":{"line":10,"column":18}},"3":{"start":{"line":10,"column":18},"end":{"line":10,"column":86}},"4":{"start":{"line":10,"column":86},"end":{"line":10,"column":146}},"5":{"start":{"line":16,"column":150},"end":{"line":20,"column":21}},"6":{"start":{"line":16,"column":183},"end":{"line":16,"column":204}},"7":{"start":{"line":16,"column":204},"end":{"line":16,"column":272}},"8":{"start":{"line":16,"column":272},"end":{"line":17,"column":24}},"9":{"start":{"line":16,"column":329},"end":{"line":17,"column":23}},"10":{"start":{"line":16,"column":407},"end":{"line":16,"column":465}},"11":{"start":{"line":17,"column":16},"end":{"line":17,"column":22}},"12":{"start":{"line":20,"column":4},"end":{"line":20,"column":20}}},"branchMap":{"1":{"line":16,"type":"if","locations":[{"start":{"line":16,"column":272},"end":{"line":16,"column":272}},{"start":{"line":16,"column":272},"end":{"line":16,"column":272}}]},"2":{"line":16,"type":"switch","locations":[{"start":{"line":16,"column":351},"end":{"line":17,"column":22}}]}},"l":{"1":1,"10":1,"16":3,"17":2,"20":3}},
"/Users/suhail/Sites/rockpaper.dev/es6/controllers/App/Actions.js":{"path":"/Users/suhail/Sites/rockpaper.dev/es6/controllers/App/Actions.js","s":{"1":1,"2":1,"3":1,"4":1,"5":1,"6":2},"b":{},"f":{"1":2},"fnMap":{"1":{"name":"INFO_ACTION","line":29,"loc":{"start":{"line":29,"column":15},"end":{"line":29,"column":63}}}},"statementMap":{"1":{"start":{"line":1,"column":37},"end":{"line":1,"column":99},"skip":true},"2":{"start":{"line":1,"column":99},"end":{"line":1,"column":143}},"3":{"start":{"line":2,"column":0},"end":{"line":2,"column":68}},"4":{"start":{"line":6,"column":0},"end":{"line":14,"column":72}},"5":{"start":{"line":19,"column":0},"end":{"line":32,"column":20}},"6":{"start":{"line":30,"column":4},"end":{"line":32,"column":16}}},"branchMap":{},"l":{"1":1,"2":1,"6":1,"19":1,"30":2}},
"/Users/suhail/Sites/rockpaper.dev/es6/controllers/App/StateAndProps.js":{"path":"/Users/suhail/Sites/rockpaper.dev/es6/controllers/App/StateAndProps.js","s":{"1":1,"2":1,"3":1},"b":{},"f":{},"fnMap":{},"statementMap":{"1":{"start":{"line":1,"column":37},"end":{"line":1,"column":99},"skip":true},"2":{"start":{"line":4,"column":0},"end":{"line":4,"column":66}},"3":{"start":{"line":5,"column":0},"end":{"line":6,"column":31}}},"branchMap":{},"l":{"1":1,"4":1,"5":1}},
"/Users/suhail/Sites/rockpaper.dev/es6/controllers/GamePlay/Reducer.js":{"path":"/Users/suhail/Sites/rockpaper.dev/es6/controllers/GamePlay/Reducer.js","s":{"1":2,"2":2,"3":2,"4":2,"5":2,"6":2,"7":2,"8":39,"9":39,"10":39,"11":38,"12":3,"13":3,"14":3,"15":3,"16":3,"17":3,"18":3,"19":3,"20":8,"21":8,"22":8,"23":8,"24":14,"25":14,"26":14,"27":14,"28":4,"29":4,"30":10,"31":3,"32":3,"33":14,"34":4,"35":10,"36":5,"37":14,"38":2,"39":12,"40":14,"41":14,"42":10,"43":10,"44":10,"45":10,"46":3,"47":3,"48":3,"49":39},"b":{"1":[38,1],"2":[39,31],"3":[3,8,14,10,3],"4":[1,7],"5":[1,7],"6":[4,10],"7":[3,7],"8":[4,10],"9":[5,5],"10":[2,12]},"f":{"1":39,"2":3,"3":8,"4":14,"5":10,"6":3},"fnMap":{"1":{"name":"Reducer","line":18,"loc":{"start":{"line":18,"column":304},"end":{"line":18,"column":336}}},"2":{"name":"(anonymous_2)","line":22,"loc":{"start":{"line":22,"column":50},"end":{"line":22,"column":63}}},"3":{"name":"(anonymous_3)","line":35,"loc":{"start":{"line":35,"column":50},"end":{"line":35,"column":63}}},"4":{"name":"(anonymous_4)","line":46,"loc":{"start":{"line":46,"column":50},"end":{"line":46,"column":63}}},"5":{"name":"(anonymous_5)","line":75,"loc":{"start":{"line":75,"column":50},"end":{"line":75,"column":63}}},"6":{"name":"(anonymous_6)","line":83,"loc":{"start":{"line":83,"column":50},"end":{"line":83,"column":63}}}},"statementMap":{"1":{"start":{"line":1,"column":37},"end":{"line":1,"column":99},"skip":true},"2":{"start":{"line":1,"column":99},"end":{"line":12,"column":18}},"3":{"start":{"line":12,"column":18},"end":{"line":12,"column":86}},"4":{"start":{"line":12,"column":86},"end":{"line":12,"column":160}},"5":{"start":{"line":12,"column":160},"end":{"line":12,"column":239}},"6":{"start":{"line":12,"column":239},"end":{"line":12,"column":300}},"7":{"start":{"line":18,"column":304},"end":{"line":92,"column":21}},"8":{"start":{"line":19,"column":4},"end":{"line":19,"column":25}},"9":{"start":{"line":21,"column":4},"end":{"line":21,"column":72}},"10":{"start":{"line":21,"column":72},"end":{"line":89,"column":24}},"11":{"start":{"line":21,"column":187},"end":{"line":89,"column":23}},"12":{"start":{"line":22,"column":16},"end":{"line":31,"column":54}},"13":{"start":{"line":23,"column":20},"end":{"line":23,"column":79}},"14":{"start":{"line":24,"column":20},"end":{"line":24,"column":40}},"15":{"start":{"line":25,"column":20},"end":{"line":25,"column":40}},"16":{"start":{"line":26,"column":20},"end":{"line":26,"column":41}},"17":{"start":{"line":27,"column":20},"end":{"line":27,"column":41}},"18":{"start":{"line":28,"column":20},"end":{"line":31,"column":51}},"19":{"start":{"line":33,"column":16},"end":{"line":33,"column":22}},"20":{"start":{"line":35,"column":16},"end":{"line":42,"column":47}},"21":{"start":{"line":36,"column":20},"end":{"line":36,"column":382}},"22":{"start":{"line":37,"column":20},"end":{"line":42,"column":44}},"23":{"start":{"line":44,"column":16},"end":{"line":44,"column":22}},"24":{"start":{"line":46,"column":16},"end":{"line":71,"column":53}},"25":{"start":{"line":47,"column":20},"end":{"line":47,"column":218}},"26":{"start":{"line":48,"column":20},"end":{"line":48,"column":48}},"27":{"start":{"line":49,"column":20},"end":{"line":55,"column":46}},"28":{"start":{"line":50,"column":24},"end":{"line":50,"column":41}},"29":{"start":{"line":51,"column":24},"end":{"line":51,"column":45}},"30":{"start":{"line":53,"column":20},"end":{"line":55,"column":46}},"31":{"start":{"line":54,"column":24},"end":{"line":54,"column":41}},"32":{"start":{"line":55,"column":24},"end":{"line":55,"column":45}},"33":{"start":{"line":57,"column":20},"end":{"line":61,"column":46}},"34":{"start":{"line":58,"column":24},"end":{"line":58,"column":45}},"35":{"start":{"line":60,"column":20},"end":{"line":61,"column":46}},"36":{"start":{"line":61,"column":24},"end":{"line":61,"column":45}},"37":{"start":{"line":63,"column":20},"end":{"line":67,"column":57}},"38":{"start":{"line":64,"column":24},"end":{"line":64,"column":57}},"39":{"start":{"line":67,"column":24},"end":{"line":67,"column":56}},"40":{"start":{"line":69,"column":20},"end":{"line":71,"column":50}},"41":{"start":{"line":73,"column":16},"end":{"line":73,"column":22}},"42":{"start":{"line":75,"column":16},"end":{"line":79,"column":44}},"43":{"start":{"line":76,"column":20},"end":{"line":76,"column":79}},"44":{"start":{"line":77,"column":20},"end":{"line":79,"column":41}},"45":{"start":{"line":81,"column":16},"end":{"line":81,"column":22}},"46":{"start":{"line":83,"column":16},"end":{"line":87,"column":55}},"47":{"start":{"line":84,"column":20},"end":{"line":87,"column":52}},"48":{"start":{"line":89,"column":16},"end":{"line":89,"column":22}},"49":{"start":{"line":92,"column":4},"end":{"line":92,"column":20}}},"branchMap":{"1":{"line":21,"type":"if","locations":[{"start":{"line":21,"column":72},"end":{"line":21,"column":72}},{"start":{"line":21,"column":72},"end":{"line":21,"column":72}}]},"2":{"line":21,"type":"binary-expr","locations":[{"start":{"line":21,"column":76},"end":{"line":21,"column":129}},{"start":{"line":21,"column":133},"end":{"line":21,"column":184}}]},"3":{"line":21,"type":"switch","locations":[{"start":{"line":21,"column":209},"end":{"line":33,"column":22}},{"start":{"line":34,"column":12},"end":{"line":44,"column":22}},{"start":{"line":45,"column":12},"end":{"line":73,"column":22}},{"start":{"line":74,"column":12},"end":{"line":81,"column":22}},{"start":{"line":82,"column":12},"end":{"line":89,"column":22}}]},"4":{"line":36,"type":"cond-expr","locations":[{"start":{"line":36,"column":201},"end":{"line":36,"column":213}},{"start":{"line":36,"column":216},"end":{"line":36,"column":226}}]},"5":{"line":36,"type":"cond-expr","locations":[{"start":{"line":36,"column":253},"end":{"line":36,"column":321}},{"start":{"line":36,"column":324},"end":{"line":36,"column":381}}]},"6":{"line":49,"type":"if","locations":[{"start":{"line":49,"column":20},"end":{"line":49,"column":20}},{"start":{"line":49,"column":20},"end":{"line":49,"column":20}}]},"7":{"line":53,"type":"if","locations":[{"start":{"line":53,"column":20},"end":{"line":53,"column":20}},{"start":{"line":53,"column":20},"end":{"line":53,"column":20}}]},"8":{"line":57,"type":"if","locations":[{"start":{"line":57,"column":20},"end":{"line":57,"column":20}},{"start":{"line":57,"column":20},"end":{"line":57,"column":20}}]},"9":{"line":60,"type":"if","locations":[{"start":{"line":60,"column":20},"end":{"line":60,"column":20}},{"start":{"line":60,"column":20},"end":{"line":60,"column":20}}]},"10":{"line":63,"type":"if","locations":[{"start":{"line":63,"column":20},"end":{"line":63,"column":20}},{"start":{"line":63,"column":20},"end":{"line":63,"column":20}}]}},"l":{"1":2,"12":2,"18":2,"19":39,"21":39,"22":3,"23":3,"24":3,"25":3,"26":3,"27":3,"28":3,"33":3,"35":8,"36":8,"37":8,"44":8,"46":14,"47":14,"48":14,"49":14,"50":4,"51":4,"53":10,"54":3,"55":3,"57":14,"58":4,"60":10,"61":5,"63":14,"64":2,"67":12,"69":14,"73":14,"75":10,"76":10,"77":10,"81":10,"83":3,"84":3,"89":3,"92":39}},
"/Users/suhail/Sites/rockpaper.dev/es6/controllers/GamePlay/GamePlay.js":{"path":"/Users/suhail/Sites/rockpaper.dev/es6/controllers/GamePlay/GamePlay.js","s":{"1":1,"2":1,"3":1,"4":1,"5":1,"6":11,"7":11,"8":11,"9":11,"10":11,"11":11,"12":1,"13":1,"14":1,"15":1,"16":0,"17":1,"18":1,"19":4,"20":0,"21":4,"22":4,"23":0,"24":0,"25":0,"26":0,"27":4,"28":4,"29":0,"30":0,"31":0,"32":0,"33":1,"34":1,"35":1,"36":1,"37":1,"38":1,"39":1,"40":1,"41":1,"42":1,"43":1,"44":1,"45":1,"46":1,"47":1,"48":1,"49":1,"50":3,"51":0,"52":3,"53":3,"54":3,"55":32,"56":32,"57":3,"58":3,"59":1,"60":4,"61":0,"62":1,"63":4,"64":0,"65":4,"66":1,"67":1,"68":0,"69":1,"70":1,"71":1,"72":1,"73":1,"74":1,"75":4,"76":4,"77":4,"78":4,"79":4,"80":4,"81":4,"82":4,"83":1,"84":4,"85":4,"86":4,"87":20,"88":0,"89":0,"90":6,"91":6,"92":6,"93":2,"94":2,"95":2,"96":12,"97":12,"98":12,"99":0,"100":12,"101":9,"102":3,"103":3,"104":3,"105":3,"106":0,"107":3,"108":2,"109":2,"110":2,"111":2,"112":0,"113":2,"114":2,"115":2,"116":2,"117":1,"118":3,"119":2,"120":2,"121":18,"122":18,"123":18,"124":20,"125":12,"126":8,"127":2,"128":2,"129":24,"130":24,"131":72,"132":24,"133":1},"b":{"1":[11,11],"2":[11,0],"3":[1,0],"4":[0,1],"5":[0,4],"6":[0,4],"7":[0,0],"8":[4,0],"9":[0,0],"10":[0,3],"11":[3,3],"12":[3,0],"13":[32,0],"14":[0,4],"15":[0,4],"16":[0,4],"17":[4,0,0],"18":[0,1],"19":[1,0],"20":[1,1],"21":[1,0],"22":[1,0],"23":[20,14,14,2,2,2],"24":[2,0],"25":[0,12],"26":[9,3],"27":[0,3],"28":[0,2],"29":[1,1],"30":[2,0],"31":[12,8],"32":[20,12,9,1],"33":[2,22],"34":[6,16],"35":[24,13],"36":[24,13],"37":[24,13],"38":[24,13],"39":[19,5],"40":[19,5]},"f":{"1":1,"2":1,"3":1,"4":4,"5":3,"6":4,"7":4,"8":1,"9":1,"10":4,"11":4,"12":20,"13":0,"14":6,"15":6,"16":2,"17":12,"18":3,"19":2,"20":2,"21":18,"22":20,"23":2,"24":24,"25":72},"fnMap":{"1":{"name":"(anonymous_1)","line":1,"loc":{"start":{"line":1,"column":151},"end":{"line":1,"column":163}}},"2":{"name":"defineProperties","line":1,"loc":{"start":{"line":1,"column":164},"end":{"line":1,"column":205}}},"3":{"name":"(anonymous_3)","line":1,"loc":{"start":{"line":1,"column":479},"end":{"line":1,"column":527}}},"4":{"name":"get","line":1,"loc":{"start":{"line":1,"column":692},"end":{"line":1,"column":733}}},"5":{"name":"_interopRequireWildcard","line":13,"loc":{"start":{"line":13,"column":93},"end":{"line":13,"column":131}}},"6":{"name":"_classCallCheck","line":13,"loc":{"start":{"line":13,"column":349},"end":{"line":13,"column":397}}},"7":{"name":"_possibleConstructorReturn","line":13,"loc":{"start":{"line":13,"column":498},"end":{"line":13,"column":546}}},"8":{"name":"_inherits","line":13,"loc":{"start":{"line":13,"column":733},"end":{"line":13,"column":774}}},"9":{"name":"(anonymous_9)","line":14,"loc":{"start":{"line":14,"column":38},"end":{"line":14,"column":65}}},"10":{"name":"GamePlayCtrl","line":20,"loc":{"start":{"line":20,"column":4},"end":{"line":20,"column":57}}},"11":{"name":"componentDidMount","line":35,"loc":{"start":{"line":35,"column":70},"end":{"line":36,"column":8}}},"12":{"name":"shouldComponentUpdate","line":49,"loc":{"start":{"line":49,"column":54},"end":{"line":50,"column":22}}},"13":{"name":"componentWillUnmount","line":61,"loc":{"start":{"line":61,"column":53},"end":{"line":62,"column":8}}},"14":{"name":"onChoice","line":69,"loc":{"start":{"line":69,"column":41},"end":{"line":70,"column":11}}},"15":{"name":"onNextRound","line":76,"loc":{"start":{"line":76,"column":44},"end":{"line":77,"column":8}}},"16":{"name":"onRestart","line":82,"loc":{"start":{"line":82,"column":42},"end":{"line":83,"column":8}}},"17":{"name":"_resume","line":92,"loc":{"start":{"line":92,"column":40},"end":{"line":93,"column":8}}},"18":{"name":"(anonymous_18)","line":102,"loc":{"start":{"line":102,"column":41},"end":{"line":102,"column":53}}},"19":{"name":"(anonymous_19)","line":112,"loc":{"start":{"line":112,"column":41},"end":{"line":112,"column":53}}},"20":{"name":"(anonymous_20)","line":126,"loc":{"start":{"line":126,"column":42},"end":{"line":126,"column":54}}},"21":{"name":"_pause","line":135,"loc":{"start":{"line":135,"column":39},"end":{"line":136,"column":8}}},"22":{"name":"componentDidUpdate","line":146,"loc":{"start":{"line":146,"column":51},"end":{"line":147,"column":30}}},"23":{"name":"onMainMenu","line":158,"loc":{"start":{"line":158,"column":43},"end":{"line":159,"column":8}}},"24":{"name":"render","line":165,"loc":{"start":{"line":165,"column":39},"end":{"line":166,"column":8}}},"25":{"name":"(anonymous_25)","line":167,"loc":{"start":{"line":167,"column":657},"end":{"line":167,"column":673}}}},"statementMap":{"1":{"start":{"line":1,"column":37},"end":{"line":1,"column":99},"skip":true},"2":{"start":{"line":1,"column":99},"end":{"line":1,"column":132}},"3":{"start":{"line":1,"column":132},"end":{"line":1,"column":681}},"4":{"start":{"line":1,"column":164},"end":{"line":1,"column":472}},"5":{"start":{"line":1,"column":206},"end":{"line":1,"column":471}},"6":{"start":{"line":1,"column":246},"end":{"line":1,"column":272}},"7":{"start":{"line":1,"column":272},"end":{"line":1,"column":327}},"8":{"start":{"line":1,"column":327},"end":{"line":1,"column":358}},"9":{"start":{"line":1,"column":358},"end":{"line":1,"column":412}},"10":{"start":{"line":1,"column":385},"end":{"line":1,"column":412}},"11":{"start":{"line":1,"column":412},"end":{"line":1,"column":470}},"12":{"start":{"line":1,"column":472},"end":{"line":1,"column":677}},"13":{"start":{"line":1,"column":528},"end":{"line":1,"column":596}},"14":{"start":{"line":1,"column":544},"end":{"line":1,"column":596}},"15":{"start":{"line":1,"column":596},"end":{"line":1,"column":656}},"16":{"start":{"line":1,"column":613},"end":{"line":1,"column":656}},"17":{"start":{"line":1,"column":656},"end":{"line":1,"column":675}},"18":{"start":{"line":1,"column":681},"end":{"line":1,"column":1153}},"19":{"start":{"line":1,"column":734},"end":{"line":1,"column":783}},"20":{"start":{"line":1,"column":755},"end":{"line":1,"column":783}},"21":{"start":{"line":1,"column":783},"end":{"line":1,"column":844}},"22":{"start":{"line":1,"column":844},"end":{"line":1,"column":1151}},"23":{"start":{"line":1,"column":869},"end":{"line":1,"column":912}},"24":{"start":{"line":1,"column":912},"end":{"line":1,"column":999}},"25":{"start":{"line":1,"column":934},"end":{"line":1,"column":951}},"26":{"start":{"line":1,"column":959},"end":{"line":1,"column":998}},"27":{"start":{"line":1,"column":1006},"end":{"line":1,"column":1151}},"28":{"start":{"line":1,"column":1028},"end":{"line":1,"column":1046}},"29":{"start":{"line":1,"column":1054},"end":{"line":1,"column":1076}},"30":{"start":{"line":1,"column":1076},"end":{"line":1,"column":1121}},"31":{"start":{"line":1,"column":1103},"end":{"line":1,"column":1120}},"32":{"start":{"line":1,"column":1121},"end":{"line":1,"column":1150}},"33":{"start":{"line":1,"column":1153},"end":{"line":1,"column":1207}},"34":{"start":{"line":1,"column":1232},"end":{"line":1,"column":1276}},"35":{"start":{"line":2,"column":0},"end":{"line":2,"column":61}},"36":{"start":{"line":2,"column":86},"end":{"line":2,"column":136}},"37":{"start":{"line":3,"column":0},"end":{"line":3,"column":62}},"38":{"start":{"line":3,"column":87},"end":{"line":3,"column":139}},"39":{"start":{"line":4,"column":0},"end":{"line":4,"column":60}},"40":{"start":{"line":5,"column":0},"end":{"line":5,"column":60}},"41":{"start":{"line":6,"column":0},"end":{"line":6,"column":68}},"42":{"start":{"line":7,"column":0},"end":{"line":7,"column":72}},"43":{"start":{"line":8,"column":0},"end":{"line":8,"column":60}},"44":{"start":{"line":9,"column":0},"end":{"line":9,"column":65}},"45":{"start":{"line":10,"column":0},"end":{"line":10,"column":73}},"46":{"start":{"line":11,"column":0},"end":{"line":11,"column":61}},"47":{"start":{"line":12,"column":0},"end":{"line":12,"column":65}},"48":{"start":{"line":13,"column":0},"end":{"line":13,"column":68}},"49":{"start":{"line":13,"column":93},"end":{"line":13,"column":349}},"50":{"start":{"line":13,"column":132},"end":{"line":13,"column":348}},"51":{"start":{"line":13,"column":160},"end":{"line":13,"column":171}},"52":{"start":{"line":13,"column":179},"end":{"line":13,"column":195}},"53":{"start":{"line":13,"column":195},"end":{"line":13,"column":312}},"54":{"start":{"line":13,"column":213},"end":{"line":13,"column":311}},"55":{"start":{"line":13,"column":235},"end":{"line":13,"column":310}},"56":{"start":{"line":13,"column":287},"end":{"line":13,"column":310}},"57":{"start":{"line":13,"column":312},"end":{"line":13,"column":333}},"58":{"start":{"line":13,"column":333},"end":{"line":13,"column":347}},"59":{"start":{"line":13,"column":349},"end":{"line":13,"column":498}},"60":{"start":{"line":13,"column":398},"end":{"line":13,"column":497}},"61":{"start":{"line":13,"column":439},"end":{"line":13,"column":496}},"62":{"start":{"line":13,"column":498},"end":{"line":13,"column":733}},"63":{"start":{"line":13,"column":547},"end":{"line":13,"column":646}},"64":{"start":{"line":13,"column":559},"end":{"line":13,"column":645}},"65":{"start":{"line":13,"column":646},"end":{"line":13,"column":732}},"66":{"start":{"line":13,"column":733},"end":{"line":13,"column":1221}},"67":{"start":{"line":13,"column":775},"end":{"line":13,"column":938}},"68":{"start":{"line":13,"column":837},"end":{"line":13,"column":937}},"69":{"start":{"line":13,"column":938},"end":{"line":13,"column":1102}},"70":{"start":{"line":13,"column":1102},"end":{"line":13,"column":1220}},"71":{"start":{"line":13,"column":1118},"end":{"line":13,"column":1220}},"72":{"start":{"line":13,"column":1221},"end":{"line":170,"column":3249}},"73":{"start":{"line":14,"column":66},"end":{"line":14,"column":107}},"74":{"start":{"line":20,"column":4},"end":{"line":29,"column":168}},"75":{"start":{"line":20,"column":82},"end":{"line":20,"column":118}},"76":{"start":{"line":23,"column":8},"end":{"line":23,"column":134}},"77":{"start":{"line":23,"column":159},"end":{"line":23,"column":233}},"78":{"start":{"line":26,"column":32},"end":{"line":26,"column":125}},"79":{"start":{"line":27,"column":32},"end":{"line":27,"column":131},"skip":true},"80":{"start":{"line":28,"column":32},"end":{"line":28,"column":127},"skip":true},"81":{"start":{"line":29,"column":32},"end":{"line":29,"column":129},"skip":true},"82":{"start":{"line":29,"column":154},"end":{"line":29,"column":167},"skip":true},"83":{"start":{"line":35,"column":7},"end":{"line":170,"column":3201}},"84":{"start":{"line":37,"column":36},"end":{"line":37,"column":126}},"85":{"start":{"line":39,"column":12},"end":{"line":39,"column":175}},"86":{"start":{"line":41,"column":12},"end":{"line":41,"column":145}},"87":{"start":{"line":51,"column":12},"end":{"line":56,"column":45}},"88":{"start":{"line":63,"column":12},"end":{"line":63,"column":97}},"89":{"start":{"line":64,"column":12},"end":{"line":64,"column":106}},"90":{"start":{"line":71,"column":12},"end":{"line":71,"column":26}},"91":{"start":{"line":72,"column":12},"end":{"line":72,"column":94}},"92":{"start":{"line":78,"column":12},"end":{"line":78,"column":95}},"93":{"start":{"line":84,"column":12},"end":{"line":86,"column":97}},"94":{"start":{"line":85,"column":16},"end":{"line":85,"column":30}},"95":{"start":{"line":86,"column":16},"end":{"line":86,"column":96}},"96":{"start":{"line":93,"column":33},"end":{"line":93,"column":51}},"97":{"start":{"line":95,"column":12},"end":{"line":97,"column":129}},"98":{"start":{"line":98,"column":12},"end":{"line":99,"column":43}},"99":{"start":{"line":99,"column":16},"end":{"line":99,"column":42}},"100":{"start":{"line":101,"column":12},"end":{"line":128,"column":181}},"101":{"start":{"line":102,"column":16},"end":{"line":107,"column":105}},"102":{"start":{"line":103,"column":20},"end":{"line":103,"column":97}},"103":{"start":{"line":104,"column":20},"end":{"line":104,"column":99}},"104":{"start":{"line":105,"column":20},"end":{"line":105,"column":29}},"105":{"start":{"line":106,"column":20},"end":{"line":107,"column":36}},"106":{"start":{"line":107,"column":24},"end":{"line":107,"column":35}},"107":{"start":{"line":112,"column":16},"end":{"line":123,"column":105}},"108":{"start":{"line":113,"column":20},"end":{"line":113,"column":97}},"109":{"start":{"line":114,"column":20},"end":{"line":114,"column":99}},"110":{"start":{"line":115,"column":20},"end":{"line":115,"column":29}},"111":{"start":{"line":116,"column":20},"end":{"line":117,"column":36}},"112":{"start":{"line":117,"column":24},"end":{"line":117,"column":35}},"113":{"start":{"line":119,"column":20},"end":{"line":119,"column":98}},"114":{"start":{"line":120,"column":20},"end":{"line":120,"column":100}},"115":{"start":{"line":121,"column":20},"end":{"line":121,"column":29}},"116":{"start":{"line":122,"column":20},"end":{"line":123,"column":36}},"117":{"start":{"line":123,"column":24},"end":{"line":123,"column":35}},"118":{"start":{"line":126,"column":16},"end":{"line":128,"column":180}},"119":{"start":{"line":127,"column":20},"end":{"line":128,"column":122}},"120":{"start":{"line":128,"column":48},"end":{"line":128,"column":121}},"121":{"start":{"line":137,"column":12},"end":{"line":137,"column":38}},"122":{"start":{"line":138,"column":12},"end":{"line":138,"column":39}},"123":{"start":{"line":139,"column":12},"end":{"line":139,"column":30}},"124":{"start":{"line":148,"column":12},"end":{"line":153,"column":31}},"125":{"start":{"line":150,"column":16},"end":{"line":150,"column":31}},"126":{"start":{"line":153,"column":16},"end":{"line":153,"column":30}},"127":{"start":{"line":160,"column":12},"end":{"line":160,"column":26}},"128":{"start":{"line":161,"column":12},"end":{"line":161,"column":94}},"129":{"start":{"line":166,"column":33},"end":{"line":166,"column":51}},"130":{"start":{"line":167,"column":12},"end":{"line":168,"column":231}},"131":{"start":{"line":168,"column":16},"end":{"line":168,"column":228}},"132":{"start":{"line":170,"column":12},"end":{"line":170,"column":3195}},"133":{"start":{"line":170,"column":3201},"end":{"line":170,"column":3221}}},"branchMap":{"1":{"line":1,"type":"binary-expr","locations":[{"start":{"line":1,"column":296},"end":{"line":1,"column":317}},{"start":{"line":1,"column":321},"end":{"line":1,"column":326}}]},"2":{"line":1,"type":"if","locations":[{"start":{"line":1,"column":358},"end":{"line":1,"column":358}},{"start":{"line":1,"column":358},"end":{"line":1,"column":358}}]},"3":{"line":1,"type":"if","locations":[{"start":{"line":1,"column":528},"end":{"line":1,"column":528}},{"start":{"line":1,"column":528},"end":{"line":1,"column":528}}]},"4":{"line":1,"type":"if","locations":[{"start":{"line":1,"column":596},"end":{"line":1,"column":596}},{"start":{"line":1,"column":596},"end":{"line":1,"column":596}}]},"5":{"line":1,"type":"if","locations":[{"start":{"line":1,"column":734},"end":{"line":1,"column":734}},{"start":{"line":1,"column":734},"end":{"line":1,"column":734}}]},"6":{"line":1,"type":"if","locations":[{"start":{"line":1,"column":844},"end":{"line":1,"column":844}},{"start":{"line":1,"column":844},"end":{"line":1,"column":844}}]},"7":{"line":1,"type":"if","locations":[{"start":{"line":1,"column":912},"end":{"line":1,"column":912}},{"start":{"line":1,"column":912},"end":{"line":1,"column":912}}]},"8":{"line":1,"type":"if","locations":[{"start":{"line":1,"column":1006},"end":{"line":1,"column":1006}},{"start":{"line":1,"column":1006},"end":{"line":1,"column":1006}}]},"9":{"line":1,"type":"if","locations":[{"start":{"line":1,"column":1076},"end":{"line":1,"column":1076}},{"start":{"line":1,"column":1076},"end":{"line":1,"column":1076}}]},"10":{"line":13,"type":"if","locations":[{"start":{"line":13,"column":132},"end":{"line":13,"column":132}},{"start":{"line":13,"column":132},"end":{"line":13,"column":132}}]},"11":{"line":13,"type":"binary-expr","locations":[{"start":{"line":13,"column":136},"end":{"line":13,"column":139}},{"start":{"line":13,"column":143},"end":{"line":13,"column":157}}]},"12":{"line":13,"type":"if","locations":[{"start":{"line":13,"column":195},"end":{"line":13,"column":195}},{"start":{"line":13,"column":195},"end":{"line":13,"column":195}}]},"13":{"line":13,"type":"if","locations":[{"start":{"line":13,"column":235},"end":{"line":13,"column":235}},{"start":{"line":13,"column":235},"end":{"line":13,"column":235}}]},"14":{"line":13,"type":"if","locations":[{"start":{"line":13,"column":398},"end":{"line":13,"column":398}},{"start":{"line":13,"column":398},"end":{"line":13,"column":398}}]},"15":{"line":13,"type":"if","locations":[{"start":{"line":13,"column":547},"end":{"line":13,"column":547}},{"start":{"line":13,"column":547},"end":{"line":13,"column":547}}]},"16":{"line":13,"type":"cond-expr","locations":[{"start":{"line":13,"column":720},"end":{"line":13,"column":724}},{"start":{"line":13,"column":727},"end":{"line":13,"column":731}}]},"17":{"line":13,"type":"binary-expr","locations":[{"start":{"line":13,"column":653},"end":{"line":13,"column":657}},{"start":{"line":13,"column":662},"end":{"line":13,"column":686}},{"start":{"line":13,"column":690},"end":{"line":13,"column":716}}]},"18":{"line":13,"type":"if","locations":[{"start":{"line":13,"column":775},"end":{"line":13,"column":775}},{"start":{"line":13,"column":775},"end":{"line":13,"column":775}}]},"19":{"line":13,"type":"binary-expr","locations":[{"start":{"line":13,"column":779},"end":{"line":13,"column":811}},{"start":{"line":13,"column":815},"end":{"line":13,"column":834}}]},"20":{"line":13,"type":"binary-expr","locations":[{"start":{"line":13,"column":973},"end":{"line":13,"column":983}},{"start":{"line":13,"column":987},"end":{"line":13,"column":1007}}]},"21":{"line":13,"type":"if","locations":[{"start":{"line":13,"column":1102},"end":{"line":13,"column":1102}},{"start":{"line":13,"column":1102},"end":{"line":13,"column":1102}}]},"22":{"line":13,"type":"cond-expr","locations":[{"start":{"line":13,"column":1142},"end":{"line":13,"column":1185}},{"start":{"line":13,"column":1188},"end":{"line":13,"column":1219}}]},"23":{"line":51,"type":"binary-expr","locations":[{"start":{"line":51,"column":19},"end":{"line":51,"column":55}},{"start":{"line":52,"column":12},"end":{"line":52,"column":68}},{"start":{"line":53,"column":12},"end":{"line":53,"column":66}},{"start":{"line":54,"column":12},"end":{"line":54,"column":54}},{"start":{"line":55,"column":12},"end":{"line":55,"column":56}},{"start":{"line":56,"column":12},"end":{"line":56,"column":44}}]},"24":{"line":84,"type":"if","locations":[{"start":{"line":84,"column":12},"end":{"line":84,"column":12}},{"start":{"line":84,"column":12},"end":{"line":84,"column":12}}]},"25":{"line":98,"type":"if","locations":[{"start":{"line":98,"column":12},"end":{"line":98,"column":12}},{"start":{"line":98,"column":12},"end":{"line":98,"column":12}}]},"26":{"line":101,"type":"if","locations":[{"start":{"line":101,"column":12},"end":{"line":101,"column":12}},{"start":{"line":101,"column":12},"end":{"line":101,"column":12}}]},"27":{"line":106,"type":"if","locations":[{"start":{"line":106,"column":20},"end":{"line":106,"column":20}},{"start":{"line":106,"column":20},"end":{"line":106,"column":20}}]},"28":{"line":116,"type":"if","locations":[{"start":{"line":116,"column":20},"end":{"line":116,"column":20}},{"start":{"line":116,"column":20},"end":{"line":116,"column":20}}]},"29":{"line":122,"type":"if","locations":[{"start":{"line":122,"column":20},"end":{"line":122,"column":20}},{"start":{"line":122,"column":20},"end":{"line":122,"column":20}}]},"30":{"line":127,"type":"if","locations":[{"start":{"line":127,"column":20},"end":{"line":127,"column":20}},{"start":{"line":127,"column":20},"end":{"line":127,"column":20}}]},"31":{"line":148,"type":"if","locations":[{"start":{"line":148,"column":12},"end":{"line":148,"column":12}},{"start":{"line":148,"column":12},"end":{"line":148,"column":12}}]},"32":{"line":148,"type":"binary-expr","locations":[{"start":{"line":148,"column":16},"end":{"line":148,"column":34}},{"start":{"line":148,"column":38},"end":{"line":148,"column":78}},{"start":{"line":149,"column":12},"end":{"line":149,"column":30}},{"start":{"line":149,"column":34},"end":{"line":149,"column":53}}]},"33":{"line":167,"type":"cond-expr","locations":[{"start":{"line":167,"column":221},"end":{"line":167,"column":242}},{"start":{"line":167,"column":245},"end":{"line":167,"column":308}}]},"34":{"line":167,"type":"cond-expr","locations":[{"start":{"line":167,"column":277},"end":{"line":167,"column":299}},{"start":{"line":167,"column":302},"end":{"line":167,"column":308}}]},"35":{"line":167,"type":"binary-expr","locations":[{"start":{"line":167,"column":442},"end":{"line":167,"column":455}},{"start":{"line":167,"column":459},"end":{"line":167,"column":477}}]},"36":{"line":167,"type":"binary-expr","locations":[{"start":{"line":167,"column":559},"end":{"line":167,"column":572}},{"start":{"line":167,"column":576},"end":{"line":167,"column":595}}]},"37":{"line":170,"type":"binary-expr","locations":[{"start":{"line":170,"column":1187},"end":{"line":170,"column":1200}},{"start":{"line":170,"column":1204},"end":{"line":170,"column":1222}}]},"38":{"line":170,"type":"binary-expr","locations":[{"start":{"line":170,"column":1302},"end":{"line":170,"column":1315}},{"start":{"line":170,"column":1319},"end":{"line":170,"column":1338}}]},"39":{"line":170,"type":"cond-expr","locations":[{"start":{"line":170,"column":1450},"end":{"line":170,"column":1475}},{"start":{"line":170,"column":1478},"end":{"line":170,"column":1512}}]},"40":{"line":170,"type":"cond-expr","locations":[{"start":{"line":170,"column":1706},"end":{"line":170,"column":1710}},{"start":{"line":170,"column":1713},"end":{"line":170,"column":1724}}]}},"l":{"1":11,"2":1,"3":1,"4":1,"5":1,"6":1,"7":1,"8":1,"9":1,"10":1,"11":1,"12":1,"13":32,"14":1,"20":4,"23":4,"26":4,"27":4,"28":4,"29":4,"35":1,"37":4,"39":4,"41":4,"51":20,"63":0,"64":0,"71":6,"72":6,"78":6,"84":2,"85":2,"86":2,"93":12,"95":12,"98":12,"99":0,"101":12,"102":9,"103":3,"104":3,"105":3,"106":3,"107":0,"112":3,"113":2,"114":2,"115":2,"116":2,"117":0,"119":2,"120":2,"121":2,"122":2,"123":1,"126":3,"127":2,"128":2,"137":18,"138":18,"139":18,"148":20,"150":12,"153":8,"160":2,"161":2,"166":24,"167":24,"168":72,"170":24}}}
