TN:
SF:/Users/suhail/Sites/rockpaper.dev/es6/controllers/SplashScreen/Reducer.js
FN:17,Reducer
FNF:1
FNH:1
FNDA:4,Reducer
DA:1,2
DA:11,2
DA:17,4
DA:18,2
DA:19,2
DA:21,1
DA:22,1
DA:25,4
LF:8
LH:8
BRDA:17,1,0,3
BRDA:17,1,1,1
BRDA:17,2,0,4
BRDA:17,2,1,2
BRDA:17,3,0,2
BRDA:17,3,1,1
BRF:6
BRH:6
end_of_record
TN:
SF:/Users/suhail/Sites/rockpaper.dev/es6/constants.js
FNF:0
FNH:0
DA:1,7
DA:4,7
DA:8,7
DA:12,7
DA:16,7
DA:20,7
DA:24,7
DA:28,7
DA:36,7
DA:45,7
LF:10
LH:10
BRF:0
BRH:0
end_of_record
TN:
SF:/Users/suhail/Sites/rockpaper.dev/es6/controllers/GamePlay/Actions.js
FN:19,CHOICE
FNF:1
FNH:1
FNDA:13,CHOICE
DA:1,4
DA:5,4
DA:14,4
DA:20,13
LF:4
LH:4
BRF:0
BRH:0
end_of_record
TN:
SF:/Users/suhail/Sites/rockpaper.dev/es6/controllers/SplashScreen/Actions.js
FN:13,START
FNF:1
FNH:1
FNDA:9,START
DA:1,4
DA:2,4
DA:6,4
DA:12,4
DA:14,9
LF:5
LH:5
BRF:0
BRH:0
end_of_record
TN:
SF:/Users/suhail/Sites/rockpaper.dev/es6/controllers/SplashScreen/StateAndProps.js
FNF:0
FNH:0
DA:1,2
DA:4,2
DA:5,2
LF:3
LH:3
BRF:0
BRH:0
end_of_record
TN:
SF:/Users/suhail/Sites/rockpaper.dev/es6/services/GameModels.js
FN:1,(anonymous_1)
FN:1,defineProperties
FN:1,(anonymous_3)
FN:1,_possibleConstructorReturn
FN:1,_inherits
FN:1,_classCallCheck
FN:2,(anonymous_7)
FN:3,Player
FN:7,getLabel
FN:10,setScore
FN:13,is
FN:16,getScore
FN:19,reset
FN:22,addPoints
FN:28,(anonymous_15)
FN:29,ComputerPlayer
FN:30,play
FN:34,toString
FN:40,(anonymous_19)
FN:41,UserPlayer
FN:42,play
FN:48,toString
FNF:22
FNH:20
FNDA:4,(anonymous_1)
FNDA:12,defineProperties
FNDA:12,(anonymous_3)
FNDA:28,_possibleConstructorReturn
FNDA:8,_inherits
FNDA:57,_classCallCheck
FNDA:4,(anonymous_7)
FNDA:29,Player
FNDA:137,getLabel
FNDA:17,setScore
FNDA:31,is
FNDA:58,getScore
FNDA:1,reset
FNDA:9,addPoints
FNDA:4,(anonymous_15)
FNDA:15,ComputerPlayer
FNDA:24,play
FNDA:0,toString
FNDA:4,(anonymous_19)
FNDA:13,UserPlayer
FNDA:2,play
FNDA:0,toString
DA:1,57
DA:3,29
DA:4,29
DA:5,29
DA:6,29
DA:7,29
DA:10,137
DA:13,17
DA:16,31
DA:19,58
DA:22,1
DA:25,9
DA:28,4
DA:29,15
DA:30,4
DA:33,24
DA:34,24
DA:37,4
DA:40,4
DA:41,13
DA:42,4
DA:45,2
DA:46,1
DA:48,1
DA:51,4
LF:25
LH:25
BRDA:1,1,0,40
BRDA:1,1,1,40
BRDA:1,2,0,40
BRDA:1,2,1,0
BRDA:1,3,0,12
BRDA:1,3,1,0
BRDA:1,4,0,0
BRDA:1,4,1,12
BRDA:1,5,0,0
BRDA:1,5,1,28
BRDA:1,6,0,0
BRDA:1,6,1,28
BRDA:1,7,0,28
BRDA:1,7,1,0
BRDA:1,7,2,0
BRDA:1,8,0,0
BRDA:1,8,1,8
BRDA:1,9,0,8
BRDA:1,9,1,0
BRDA:1,10,0,8
BRDA:1,10,1,8
BRDA:1,11,0,8
BRDA:1,11,1,0
BRDA:1,12,0,8
BRDA:1,12,1,0
BRDA:1,13,0,0
BRDA:1,13,1,57
BRDA:37,14,0,0
BRDA:37,14,1,0
BRDA:45,15,0,1
BRDA:45,15,1,1
BRDA:51,16,0,0
BRDA:51,16,1,0
BRF:33
BRH:17
end_of_record
TN:
SF:/Users/suhail/Sites/rockpaper.dev/es6/controllers/GamePlay/GameResults.js
FN:59,formatRoundWinnerText
FN:66,formatHandsText
FN:73,formatGameFinishText
FNF:3
FNH:3
FNDA:21,formatRoundWinnerText
FNDA:39,formatHandsText
FNDA:23,formatGameFinishText
DA:1,2
DA:10,2
DA:36,2
DA:52,2
DA:59,21
DA:66,39
DA:73,23
DA:75,23
LF:8
LH:8
BRDA:59,1,0,14
BRDA:59,1,1,7
BRDA:59,2,0,21
BRDA:59,2,1,21
BRDA:59,2,2,14
BRDA:59,2,3,14
BRDA:59,3,0,7
BRDA:59,3,1,7
BRDA:59,4,0,1
BRDA:59,4,1,6
BRDA:59,5,0,6
BRDA:59,5,1,8
BRDA:59,6,0,7
BRDA:59,6,1,1
BRDA:59,7,0,0
BRDA:59,7,1,1
BRDA:66,8,0,25
BRDA:66,8,1,14
BRDA:66,9,0,39
BRDA:66,9,1,39
BRDA:66,9,2,39
BRDA:66,9,3,25
BRDA:73,10,0,16
BRDA:73,10,1,7
BRDA:73,11,0,23
BRDA:73,11,1,23
BRDA:73,11,2,16
BRDA:73,11,3,16
BRDA:73,12,0,8
BRDA:73,12,1,8
BRDA:73,13,0,5
BRDA:73,13,1,3
BRDA:73,14,0,6
BRDA:73,14,1,2
BRDA:73,15,0,2
BRDA:73,15,1,0
BRDA:73,16,0,1
BRDA:73,16,1,1
BRF:38
BRH:36
end_of_record
TN:
SF:/Users/suhail/Sites/rockpaper.dev/es6/controllers/GamePlay/StateAndProps.js
FNF:0
FNH:0
DA:1,3
DA:4,3
DA:5,3
DA:8,3
LF:4
LH:4
BRF:0
BRH:0
end_of_record
TN:
SF:/Users/suhail/Sites/rockpaper.dev/es6/ui/Dialog.js
FN:1,(anonymous_1)
FN:1,defineProperties
FN:1,(anonymous_3)
FN:2,_interopRequireWildcard
FN:2,_classCallCheck
FN:2,_possibleConstructorReturn
FN:2,_inherits
FN:3,(anonymous_8)
FN:4,Dialog
FN:6,render
FNF:10
FNH:10
FNDA:2,(anonymous_1)
FNDA:2,defineProperties
FNDA:2,(anonymous_3)
FNDA:2,_interopRequireWildcard
FNDA:7,_classCallCheck
FNDA:7,_possibleConstructorReturn
FNDA:2,_inherits
FNDA:2,(anonymous_8)
FNDA:7,Dialog
FNDA:37,render
DA:1,2
DA:2,24
DA:3,2
DA:4,7
DA:6,7
DA:9,37
DA:10,37
LF:7
LH:7
BRDA:1,1,0,2
BRDA:1,1,1,2
BRDA:1,2,0,2
BRDA:1,2,1,0
BRDA:1,3,0,2
BRDA:1,3,1,0
BRDA:1,4,0,0
BRDA:1,4,1,2
BRDA:2,5,0,0
BRDA:2,5,1,2
BRDA:2,6,0,2
BRDA:2,6,1,2
BRDA:2,7,0,2
BRDA:2,7,1,0
BRDA:2,8,0,24
BRDA:2,8,1,0
BRDA:2,9,0,0
BRDA:2,9,1,7
BRDA:2,10,0,0
BRDA:2,10,1,7
BRDA:2,11,0,0
BRDA:2,11,1,7
BRDA:2,12,0,7
BRDA:2,12,1,0
BRDA:2,12,2,0
BRDA:2,13,0,0
BRDA:2,13,1,2
BRDA:2,14,0,2
BRDA:2,14,1,0
BRDA:2,15,0,2
BRDA:2,15,1,2
BRDA:2,16,0,2
BRDA:2,16,1,0
BRDA:2,17,0,2
BRDA:2,17,1,0
BRDA:9,18,0,37
BRDA:9,18,1,36
BRF:37
BRH:22
end_of_record
TN:
SF:/Users/suhail/Sites/rockpaper.dev/es6/ui/IconButton.js
FN:2,_interopRequireWildcard
FN:2,IconButton
FNF:2
FNH:2
FNDA:4,_interopRequireWildcard
FNDA:41,IconButton
DA:1,4
DA:2,48
DA:3,41
LF:3
LH:3
BRDA:2,1,0,0
BRDA:2,1,1,4
BRDA:2,2,0,4
BRDA:2,2,1,4
BRDA:2,3,0,4
BRDA:2,3,1,0
BRDA:2,4,0,48
BRDA:2,4,1,0
BRDA:3,5,0,41
BRDA:3,5,1,0
BRF:10
BRH:6
end_of_record
TN:
SF:/Users/suhail/Sites/rockpaper.dev/es6/ui/Button.js
FN:1,(anonymous_1)
FN:1,defineProperties
FN:1,(anonymous_3)
FN:1,_interopRequireWildcard
FN:1,_classCallCheck
FN:1,_possibleConstructorReturn
FN:1,_inherits
FN:2,(anonymous_8)
FN:3,Button
FN:6,onClick
FN:9,shouldComponentUpdate
FN:13,render
FNF:12
FNH:12
FNDA:3,(anonymous_1)
FNDA:3,defineProperties
FNDA:3,(anonymous_3)
FNDA:3,_interopRequireWildcard
FNDA:26,_classCallCheck
FNDA:26,_possibleConstructorReturn
FNDA:3,_inherits
FNDA:3,(anonymous_8)
FNDA:26,Button
FNDA:11,onClick
FNDA:77,shouldComponentUpdate
FNDA:26,render
DA:1,36
DA:2,3
DA:3,26
DA:5,26
DA:6,26
DA:9,11
DA:12,77
DA:16,26
DA:17,26
DA:18,26
LF:10
LH:10
BRDA:1,1,0,9
BRDA:1,1,1,9
BRDA:1,2,0,9
BRDA:1,2,1,0
BRDA:1,3,0,3
BRDA:1,3,1,0
BRDA:1,4,0,0
BRDA:1,4,1,3
BRDA:1,5,0,0
BRDA:1,5,1,3
BRDA:1,6,0,3
BRDA:1,6,1,3
BRDA:1,7,0,3
BRDA:1,7,1,0
BRDA:1,8,0,36
BRDA:1,8,1,0
BRDA:1,9,0,0
BRDA:1,9,1,26
BRDA:1,10,0,0
BRDA:1,10,1,26
BRDA:1,11,0,0
BRDA:1,11,1,26
BRDA:1,12,0,26
BRDA:1,12,1,0
BRDA:1,12,2,0
BRDA:1,13,0,0
BRDA:1,13,1,3
BRDA:1,14,0,3
BRDA:1,14,1,0
BRDA:1,15,0,3
BRDA:1,15,1,3
BRDA:1,16,0,3
BRDA:1,16,1,0
BRDA:1,17,0,3
BRDA:1,17,1,0
BRDA:12,18,0,77
BRDA:12,18,1,77
BRDA:16,19,0,26
BRDA:16,19,1,6
BRDA:17,20,0,1
BRDA:17,20,1,25
BRDA:17,21,0,10
BRDA:17,21,1,15
BRF:43
BRH:28
end_of_record
TN:
SF:/Users/suhail/Sites/rockpaper.dev/es6/controllers/SplashScreen/SplashScreen.js
FN:1,(anonymous_1)
FN:1,defineProperties
FN:1,(anonymous_3)
FN:1,get
FN:10,_interopRequireWildcard
FN:10,_classCallCheck
FN:10,_possibleConstructorReturn
FN:10,_inherits
FN:17,(anonymous_9)
FN:18,SplashScreenCtrl
FN:27,onModeSelected
FN:35,componentDidMount
FN:46,shouldComponentUpdate
FN:48,render
FNF:14
FNH:14
FNDA:1,(anonymous_1)
FNDA:1,defineProperties
FNDA:1,(anonymous_3)
FNDA:1,get
FNDA:2,_interopRequireWildcard
FNDA:1,_classCallCheck
FNDA:1,_possibleConstructorReturn
FNDA:1,_inherits
FNDA:1,(anonymous_9)
FNDA:1,SplashScreenCtrl
FNDA:1,onModeSelected
FNDA:1,componentDidMount
FNDA:1,shouldComponentUpdate
FNDA:2,render
DA:1,4
DA:2,1
DA:3,1
DA:4,1
DA:5,1
DA:6,1
DA:7,1
DA:8,1
DA:9,1
DA:10,26
DA:16,1
DA:17,1
DA:18,1
DA:20,1
DA:22,1
DA:27,1
DA:29,1
DA:37,1
DA:38,1
DA:39,1
DA:48,1
DA:51,2
LF:22
LH:22
BRDA:1,1,0,4
BRDA:1,1,1,4
BRDA:1,2,0,4
BRDA:1,2,1,0
BRDA:1,3,0,1
BRDA:1,3,1,0
BRDA:1,4,0,0
BRDA:1,4,1,1
BRDA:1,5,0,0
BRDA:1,5,1,1
BRDA:1,6,0,0
BRDA:1,6,1,1
BRDA:1,7,0,0
BRDA:1,7,1,0
BRDA:1,8,0,1
BRDA:1,8,1,0
BRDA:1,9,0,0
BRDA:1,9,1,0
BRDA:10,10,0,0
BRDA:10,10,1,2
BRDA:10,11,0,2
BRDA:10,11,1,2
BRDA:10,12,0,2
BRDA:10,12,1,0
BRDA:10,13,0,26
BRDA:10,13,1,0
BRDA:10,14,0,0
BRDA:10,14,1,1
BRDA:10,15,0,0
BRDA:10,15,1,1
BRDA:10,16,0,0
BRDA:10,16,1,1
BRDA:10,17,0,1
BRDA:10,17,1,0
BRDA:10,17,2,0
BRDA:10,18,0,0
BRDA:10,18,1,1
BRDA:10,19,0,1
BRDA:10,19,1,0
BRDA:10,20,0,1
BRDA:10,20,1,1
BRDA:10,21,0,1
BRDA:10,21,1,0
BRDA:10,22,0,1
BRDA:10,22,1,0
BRF:45
BRH:23
end_of_record
TN:
SF:/Users/suhail/Sites/rockpaper.dev/es6/ui/Logo.js
FN:1,(anonymous_1)
FN:1,defineProperties
FN:1,(anonymous_3)
FN:1,_interopRequireWildcard
FN:1,_classCallCheck
FN:1,_possibleConstructorReturn
FN:1,_inherits
FN:2,(anonymous_8)
FN:3,Logo
FN:5,shouldComponentUpdate
FN:9,render
FNF:11
FNH:11
FNDA:3,(anonymous_1)
FNDA:3,defineProperties
FNDA:3,(anonymous_3)
FNDA:3,_interopRequireWildcard
FNDA:7,_classCallCheck
FNDA:7,_possibleConstructorReturn
FNDA:3,_inherits
FNDA:3,(anonymous_8)
FNDA:7,Logo
FNDA:16,shouldComponentUpdate
FNDA:7,render
DA:1,36
DA:2,3
DA:3,7
DA:5,7
DA:8,16
DA:12,7
DA:13,7
LF:7
LH:7
BRDA:1,1,0,6
BRDA:1,1,1,6
BRDA:1,2,0,6
BRDA:1,2,1,0
BRDA:1,3,0,3
BRDA:1,3,1,0
BRDA:1,4,0,0
BRDA:1,4,1,3
BRDA:1,5,0,0
BRDA:1,5,1,3
BRDA:1,6,0,3
BRDA:1,6,1,3
BRDA:1,7,0,3
BRDA:1,7,1,0
BRDA:1,8,0,36
BRDA:1,8,1,0
BRDA:1,9,0,0
BRDA:1,9,1,7
BRDA:1,10,0,0
BRDA:1,10,1,7
BRDA:1,11,0,0
BRDA:1,11,1,7
BRDA:1,12,0,7
BRDA:1,12,1,0
BRDA:1,12,2,0
BRDA:1,13,0,0
BRDA:1,13,1,3
BRDA:1,14,0,3
BRDA:1,14,1,0
BRDA:1,15,0,3
BRDA:1,15,1,3
BRDA:1,16,0,3
BRDA:1,16,1,0
BRDA:1,17,0,3
BRDA:1,17,1,0
BRDA:8,18,0,16
BRDA:8,18,1,16
BRDA:12,19,0,7
BRDA:12,19,1,2
BRF:39
BRH:24
end_of_record
TN:
SF:/Users/suhail/Sites/rockpaper.dev/es6/controllers/App/Reducer.js
FN:16,Reducer
FNF:1
FNH:1
FNDA:3,Reducer
DA:1,1
DA:10,1
DA:16,3
DA:17,2
DA:20,3
LF:5
LH:5
BRDA:16,1,0,2
BRDA:16,1,1,1
BRDA:16,2,0,2
BRF:3
BRH:3
end_of_record
TN:
SF:/Users/suhail/Sites/rockpaper.dev/es6/controllers/App/Actions.js
FN:29,INFO_ACTION
FNF:1
FNH:1
FNDA:2,INFO_ACTION
DA:1,1
DA:2,1
DA:6,1
DA:19,1
DA:30,2
LF:5
LH:5
BRF:0
BRH:0
end_of_record
TN:
SF:/Users/suhail/Sites/rockpaper.dev/es6/controllers/App/StateAndProps.js
FNF:0
FNH:0
DA:1,1
DA:4,1
DA:5,1
LF:3
LH:3
BRF:0
BRH:0
end_of_record
TN:
SF:/Users/suhail/Sites/rockpaper.dev/es6/controllers/GamePlay/Reducer.js
FN:18,Reducer
FN:22,(anonymous_2)
FN:35,(anonymous_3)
FN:46,(anonymous_4)
FN:75,(anonymous_5)
FN:83,(anonymous_6)
FNF:6
FNH:6
FNDA:34,Reducer
FNDA:2,(anonymous_2)
FNDA:7,(anonymous_3)
FNDA:13,(anonymous_4)
FNDA:9,(anonymous_5)
FNDA:2,(anonymous_6)
DA:1,2
DA:12,2
DA:18,2
DA:19,34
DA:21,34
DA:22,2
DA:23,2
DA:24,2
DA:25,2
DA:26,2
DA:27,2
DA:28,2
DA:33,2
DA:35,7
DA:36,7
DA:37,7
DA:44,7
DA:46,13
DA:47,13
DA:48,13
DA:49,13
DA:50,3
DA:51,3
DA:53,10
DA:54,5
DA:55,5
DA:57,13
DA:58,5
DA:60,8
DA:61,1
DA:63,13
DA:64,2
DA:67,11
DA:69,13
DA:73,13
DA:75,9
DA:76,9
DA:77,9
DA:81,9
DA:83,2
DA:84,2
DA:89,2
DA:92,34
LF:43
LH:43
BRDA:21,1,0,33
BRDA:21,1,1,1
BRDA:21,2,0,34
BRDA:21,2,1,27
BRDA:21,3,0,2
BRDA:21,3,1,7
BRDA:21,3,2,13
BRDA:21,3,3,9
BRDA:21,3,4,2
BRDA:36,4,0,1
BRDA:36,4,1,6
BRDA:36,5,0,1
BRDA:36,5,1,6
BRDA:49,6,0,3
BRDA:49,6,1,10
BRDA:53,7,0,5
BRDA:53,7,1,5
BRDA:57,8,0,5
BRDA:57,8,1,8
BRDA:60,9,0,1
BRDA:60,9,1,7
BRDA:63,10,0,2
BRDA:63,10,1,11
BRF:23
BRH:23
end_of_record
TN:
SF:/Users/suhail/Sites/rockpaper.dev/es6/controllers/GamePlay/GamePlay.js
FN:1,(anonymous_1)
FN:1,defineProperties
FN:1,(anonymous_3)
FN:1,get
FN:12,_interopRequireWildcard
FN:12,_classCallCheck
FN:12,_possibleConstructorReturn
FN:12,_inherits
FN:13,(anonymous_9)
FN:19,GamePlayCtrl
FN:34,componentDidMount
FN:48,shouldComponentUpdate
FN:60,componentWillUnmount
FN:68,onChoice
FN:75,onNextRound
FN:81,onRestart
FN:88,_resume
FN:98,(anonymous_18)
FN:108,(anonymous_19)
FN:122,(anonymous_20)
FN:129,_pause
FN:139,componentDidUpdate
FN:150,onMainMenu
FN:156,render
FN:158,(anonymous_25)
FNF:25
FNH:24
FNDA:1,(anonymous_1)
FNDA:1,defineProperties
FNDA:1,(anonymous_3)
FNDA:3,get
FNDA:3,_interopRequireWildcard
FNDA:3,_classCallCheck
FNDA:3,_possibleConstructorReturn
FNDA:1,_inherits
FNDA:1,(anonymous_9)
FNDA:3,GamePlayCtrl
FNDA:3,componentDidMount
FNDA:15,shouldComponentUpdate
FNDA:0,componentWillUnmount
FNDA:5,onChoice
FNDA:5,onNextRound
FNDA:1,onRestart
FNDA:9,_resume
FNDA:2,(anonymous_18)
FNDA:2,(anonymous_19)
FNDA:2,(anonymous_20)
FNDA:6,_pause
FNDA:15,componentDidUpdate
FNDA:1,onMainMenu
FNDA:18,render
FNDA:54,(anonymous_25)
DA:1,11
DA:2,1
DA:3,1
DA:4,1
DA:5,1
DA:6,1
DA:7,1
DA:8,1
DA:9,1
DA:10,1
DA:11,1
DA:12,32
DA:13,1
DA:19,3
DA:22,3
DA:25,3
DA:26,3
DA:27,3
DA:28,3
DA:34,1
DA:36,3
DA:38,3
DA:40,3
DA:50,15
DA:62,0
DA:63,0
DA:70,5
DA:71,5
DA:77,5
DA:83,1
DA:89,9
DA:91,9
DA:94,9
DA:95,0
DA:97,9
DA:98,6
DA:99,2
DA:100,2
DA:101,2
DA:102,2
DA:103,1
DA:108,3
DA:109,2
DA:110,2
DA:111,2
DA:112,2
DA:113,1
DA:115,2
DA:116,2
DA:117,2
DA:118,2
DA:119,2
DA:122,3
DA:123,2
DA:131,6
DA:132,6
DA:141,15
DA:142,9
DA:145,6
DA:152,1
DA:157,18
DA:158,18
DA:159,54
DA:161,18
LF:64
LH:61
BRDA:1,1,0,11
BRDA:1,1,1,11
BRDA:1,2,0,11
BRDA:1,2,1,0
BRDA:1,3,0,1
BRDA:1,3,1,0
BRDA:1,4,0,0
BRDA:1,4,1,1
BRDA:1,5,0,0
BRDA:1,5,1,3
BRDA:1,6,0,0
BRDA:1,6,1,3
BRDA:1,7,0,0
BRDA:1,7,1,0
BRDA:1,8,0,3
BRDA:1,8,1,0
BRDA:1,9,0,0
BRDA:1,9,1,0
BRDA:12,10,0,0
BRDA:12,10,1,3
BRDA:12,11,0,3
BRDA:12,11,1,3
BRDA:12,12,0,3
BRDA:12,12,1,0
BRDA:12,13,0,32
BRDA:12,13,1,0
BRDA:12,14,0,0
BRDA:12,14,1,3
BRDA:12,15,0,0
BRDA:12,15,1,3
BRDA:12,16,0,0
BRDA:12,16,1,3
BRDA:12,17,0,3
BRDA:12,17,1,0
BRDA:12,17,2,0
BRDA:12,18,0,0
BRDA:12,18,1,1
BRDA:12,19,0,1
BRDA:12,19,1,0
BRDA:12,20,0,1
BRDA:12,20,1,1
BRDA:12,21,0,1
BRDA:12,21,1,0
BRDA:12,22,0,1
BRDA:12,22,1,0
BRDA:50,23,0,15
BRDA:50,23,1,11
BRDA:50,23,2,11
BRDA:50,23,3,1
BRDA:50,23,4,1
BRDA:50,23,5,1
BRDA:94,24,0,0
BRDA:94,24,1,9
BRDA:97,25,0,6
BRDA:97,25,1,3
BRDA:102,26,0,1
BRDA:102,26,1,1
BRDA:112,27,0,1
BRDA:112,27,1,1
BRDA:118,28,0,2
BRDA:118,28,1,0
BRDA:141,29,0,9
BRDA:141,29,1,6
BRDA:141,30,0,15
BRDA:141,30,1,9
BRDA:158,31,0,0
BRDA:158,31,1,18
BRDA:158,32,0,6
BRDA:158,32,1,12
BRDA:158,33,0,18
BRDA:158,33,1,11
BRDA:158,34,0,18
BRDA:158,34,1,11
BRDA:161,35,0,18
BRDA:161,35,1,11
BRDA:161,36,0,18
BRDA:161,36,1,11
BRDA:161,37,0,13
BRDA:161,37,1,5
BRDA:161,38,0,13
BRDA:161,38,1,5
BRF:81
BRH:56
end_of_record
